root 2020-04-22 20:51:07,473 <module> 24 :
 Driver%3D%7BODBC+Driver+17+for+SQL+Server%7D%3BServer%3Dtcp%3Apydoc-db.database.windows.net%2C1433%3BDatabase%3Dpydoc-db%3BUid%3Dhenry2833%3BPwd%3D%7BInfoip32%7D%3BEncrypt%3Dyes%3BTrustServerCertificate%3Dno%3BConnection+Timeout%3D30%3B

sqlalchemy.engine.base.Engine 2020-04-22 20:51:08,639 _execute_context 1205 :
 SELECT CAST(SERVERPROPERTY('ProductVersion') AS VARCHAR)

sqlalchemy.engine.base.Engine 2020-04-22 20:51:08,639 _execute_context 1207 :
 ()

sqlalchemy.engine.base.Engine 2020-04-22 20:51:08,726 _init_metadata 809 :
 Col ('',)

sqlalchemy.engine.base.Engine 2020-04-22 20:51:08,727 process_rows 1249 :
 Row ('12.0.2000.8',)

sqlalchemy.engine.base.Engine 2020-04-22 20:51:08,728 _execute_context 1205 :
 SELECT schema_name()

sqlalchemy.engine.base.Engine 2020-04-22 20:51:08,728 _execute_context 1207 :
 ()

sqlalchemy.engine.base.Engine 2020-04-22 20:51:08,816 _init_metadata 809 :
 Col ('',)

sqlalchemy.engine.base.Engine 2020-04-22 20:51:08,816 process_rows 1249 :
 Row ('dbo',)

sqlalchemy.engine.base.Engine 2020-04-22 20:51:08,906 _cursor_execute 1311 :
 SELECT CAST('test plain returns' AS VARCHAR(60)) AS anon_1

sqlalchemy.engine.base.Engine 2020-04-22 20:51:08,906 _cursor_execute 1312 :
 ()

sqlalchemy.engine.base.Engine 2020-04-22 20:51:08,993 _cursor_execute 1311 :
 SELECT CAST('test unicode returns' AS NVARCHAR(60)) AS anon_1

sqlalchemy.engine.base.Engine 2020-04-22 20:51:08,993 _cursor_execute 1312 :
 ()

sqlalchemy.engine.base.Engine 2020-04-22 20:51:09,168 _execute_context 1205 :
 SELECT [INFORMATION_SCHEMA].[COLUMNS].[TABLE_SCHEMA], [INFORMATION_SCHEMA].[COLUMNS].[TABLE_NAME], [INFORMATION_SCHEMA].[COLUMNS].[COLUMN_NAME], [INFORMATION_SCHEMA].[COLUMNS].[IS_NULLABLE], [INFORMATION_SCHEMA].[COLUMNS].[DATA_TYPE], [INFORMATION_SCHEMA].[COLUMNS].[ORDINAL_POSITION], [INFORMATION_SCHEMA].[COLUMNS].[CHARACTER_MAXIMUM_LENGTH], [INFORMATION_SCHEMA].[COLUMNS].[NUMERIC_PRECISION], [INFORMATION_SCHEMA].[COLUMNS].[NUMERIC_SCALE], [INFORMATION_SCHEMA].[COLUMNS].[COLUMN_DEFAULT], [INFORMATION_SCHEMA].[COLUMNS].[COLLATION_NAME] 
FROM [INFORMATION_SCHEMA].[COLUMNS] 
WHERE [INFORMATION_SCHEMA].[COLUMNS].[TABLE_NAME] = CAST(? AS NVARCHAR(max)) AND [INFORMATION_SCHEMA].[COLUMNS].[TABLE_SCHEMA] = CAST(? AS NVARCHAR(max))

sqlalchemy.engine.base.Engine 2020-04-22 20:51:09,168 _execute_context 1207 :
 ('files', 'dbo')

sqlalchemy.engine.base.Engine 2020-04-22 20:51:09,261 _init_metadata 809 :
 Col ('TABLE_SCHEMA', 'TABLE_NAME', 'COLUMN_NAME', 'IS_NULLABLE', 'DATA_TYPE', 'ORDINAL_POSITION', 'CHARACTER_MAXIMUM_LENGTH', 'NUMERIC_PRECISION', 'NUMERIC_SCALE', 'COLUMN_DEFAULT', 'COLLATION_NAME')

sqlalchemy.engine.base.Engine 2020-04-22 20:51:09,261 process_rows 1249 :
 Row ('dbo', 'files', 'id', 'NO', 'int', 1, None, 10, 0, None, None)

sqlalchemy.engine.base.Engine 2020-04-22 20:51:09,351 _execute_context 1205 :
 SELECT [INFORMATION_SCHEMA].[COLUMNS].[TABLE_SCHEMA], [INFORMATION_SCHEMA].[COLUMNS].[TABLE_NAME], [INFORMATION_SCHEMA].[COLUMNS].[COLUMN_NAME], [INFORMATION_SCHEMA].[COLUMNS].[IS_NULLABLE], [INFORMATION_SCHEMA].[COLUMNS].[DATA_TYPE], [INFORMATION_SCHEMA].[COLUMNS].[ORDINAL_POSITION], [INFORMATION_SCHEMA].[COLUMNS].[CHARACTER_MAXIMUM_LENGTH], [INFORMATION_SCHEMA].[COLUMNS].[NUMERIC_PRECISION], [INFORMATION_SCHEMA].[COLUMNS].[NUMERIC_SCALE], [INFORMATION_SCHEMA].[COLUMNS].[COLUMN_DEFAULT], [INFORMATION_SCHEMA].[COLUMNS].[COLLATION_NAME] 
FROM [INFORMATION_SCHEMA].[COLUMNS] 
WHERE [INFORMATION_SCHEMA].[COLUMNS].[TABLE_NAME] = CAST(? AS NVARCHAR(max)) AND [INFORMATION_SCHEMA].[COLUMNS].[TABLE_SCHEMA] = CAST(? AS NVARCHAR(max))

sqlalchemy.engine.base.Engine 2020-04-22 20:51:09,351 _execute_context 1207 :
 ('owner', 'dbo')

sqlalchemy.engine.base.Engine 2020-04-22 20:51:09,442 _init_metadata 809 :
 Col ('TABLE_SCHEMA', 'TABLE_NAME', 'COLUMN_NAME', 'IS_NULLABLE', 'DATA_TYPE', 'ORDINAL_POSITION', 'CHARACTER_MAXIMUM_LENGTH', 'NUMERIC_PRECISION', 'NUMERIC_SCALE', 'COLUMN_DEFAULT', 'COLLATION_NAME')

sqlalchemy.engine.base.Engine 2020-04-22 20:51:09,442 process_rows 1249 :
 Row ('dbo', 'owner', 'id', 'NO', 'int', 1, None, 10, 0, None, None)

sqlalchemy.engine.base.Engine 2020-04-22 20:51:09,532 _execute_context 1205 :
 SELECT [INFORMATION_SCHEMA].[COLUMNS].[TABLE_SCHEMA], [INFORMATION_SCHEMA].[COLUMNS].[TABLE_NAME], [INFORMATION_SCHEMA].[COLUMNS].[COLUMN_NAME], [INFORMATION_SCHEMA].[COLUMNS].[IS_NULLABLE], [INFORMATION_SCHEMA].[COLUMNS].[DATA_TYPE], [INFORMATION_SCHEMA].[COLUMNS].[ORDINAL_POSITION], [INFORMATION_SCHEMA].[COLUMNS].[CHARACTER_MAXIMUM_LENGTH], [INFORMATION_SCHEMA].[COLUMNS].[NUMERIC_PRECISION], [INFORMATION_SCHEMA].[COLUMNS].[NUMERIC_SCALE], [INFORMATION_SCHEMA].[COLUMNS].[COLUMN_DEFAULT], [INFORMATION_SCHEMA].[COLUMNS].[COLLATION_NAME] 
FROM [INFORMATION_SCHEMA].[COLUMNS] 
WHERE [INFORMATION_SCHEMA].[COLUMNS].[TABLE_NAME] = CAST(? AS NVARCHAR(max)) AND [INFORMATION_SCHEMA].[COLUMNS].[TABLE_SCHEMA] = CAST(? AS NVARCHAR(max))

sqlalchemy.engine.base.Engine 2020-04-22 20:51:09,532 _execute_context 1207 :
 ('dates', 'dbo')

sqlalchemy.engine.base.Engine 2020-04-22 20:51:09,623 _init_metadata 809 :
 Col ('TABLE_SCHEMA', 'TABLE_NAME', 'COLUMN_NAME', 'IS_NULLABLE', 'DATA_TYPE', 'ORDINAL_POSITION', 'CHARACTER_MAXIMUM_LENGTH', 'NUMERIC_PRECISION', 'NUMERIC_SCALE', 'COLUMN_DEFAULT', 'COLLATION_NAME')

sqlalchemy.engine.base.Engine 2020-04-22 20:51:09,623 process_rows 1249 :
 Row ('dbo', 'dates', 'id', 'NO', 'int', 1, None, 10, 0, None, None)

sqlalchemy.engine.base.Engine 2020-04-22 20:51:09,711 _execute_context 1205 :
 SELECT [INFORMATION_SCHEMA].[COLUMNS].[TABLE_SCHEMA], [INFORMATION_SCHEMA].[COLUMNS].[TABLE_NAME], [INFORMATION_SCHEMA].[COLUMNS].[COLUMN_NAME], [INFORMATION_SCHEMA].[COLUMNS].[IS_NULLABLE], [INFORMATION_SCHEMA].[COLUMNS].[DATA_TYPE], [INFORMATION_SCHEMA].[COLUMNS].[ORDINAL_POSITION], [INFORMATION_SCHEMA].[COLUMNS].[CHARACTER_MAXIMUM_LENGTH], [INFORMATION_SCHEMA].[COLUMNS].[NUMERIC_PRECISION], [INFORMATION_SCHEMA].[COLUMNS].[NUMERIC_SCALE], [INFORMATION_SCHEMA].[COLUMNS].[COLUMN_DEFAULT], [INFORMATION_SCHEMA].[COLUMNS].[COLLATION_NAME] 
FROM [INFORMATION_SCHEMA].[COLUMNS] 
WHERE [INFORMATION_SCHEMA].[COLUMNS].[TABLE_NAME] = CAST(? AS NVARCHAR(max)) AND [INFORMATION_SCHEMA].[COLUMNS].[TABLE_SCHEMA] = CAST(? AS NVARCHAR(max))

sqlalchemy.engine.base.Engine 2020-04-22 20:51:09,711 _execute_context 1207 :
 ('closure', 'dbo')

sqlalchemy.engine.base.Engine 2020-04-22 20:51:09,799 _init_metadata 809 :
 Col ('TABLE_SCHEMA', 'TABLE_NAME', 'COLUMN_NAME', 'IS_NULLABLE', 'DATA_TYPE', 'ORDINAL_POSITION', 'CHARACTER_MAXIMUM_LENGTH', 'NUMERIC_PRECISION', 'NUMERIC_SCALE', 'COLUMN_DEFAULT', 'COLLATION_NAME')

sqlalchemy.engine.base.Engine 2020-04-22 20:51:09,799 process_rows 1249 :
 Row ('dbo', 'closure', 'id', 'NO', 'int', 1, None, 10, 0, None, None)

sqlalchemy.engine.base.Engine 2020-04-22 20:51:09,891 _execute_context 1205 :
 SELECT [INFORMATION_SCHEMA].[COLUMNS].[TABLE_SCHEMA], [INFORMATION_SCHEMA].[COLUMNS].[TABLE_NAME], [INFORMATION_SCHEMA].[COLUMNS].[COLUMN_NAME], [INFORMATION_SCHEMA].[COLUMNS].[IS_NULLABLE], [INFORMATION_SCHEMA].[COLUMNS].[DATA_TYPE], [INFORMATION_SCHEMA].[COLUMNS].[ORDINAL_POSITION], [INFORMATION_SCHEMA].[COLUMNS].[CHARACTER_MAXIMUM_LENGTH], [INFORMATION_SCHEMA].[COLUMNS].[NUMERIC_PRECISION], [INFORMATION_SCHEMA].[COLUMNS].[NUMERIC_SCALE], [INFORMATION_SCHEMA].[COLUMNS].[COLUMN_DEFAULT], [INFORMATION_SCHEMA].[COLUMNS].[COLLATION_NAME] 
FROM [INFORMATION_SCHEMA].[COLUMNS] 
WHERE [INFORMATION_SCHEMA].[COLUMNS].[TABLE_NAME] = CAST(? AS NVARCHAR(max)) AND [INFORMATION_SCHEMA].[COLUMNS].[TABLE_SCHEMA] = CAST(? AS NVARCHAR(max))

sqlalchemy.engine.base.Engine 2020-04-22 20:51:09,892 _execute_context 1207 :
 ('filename', 'dbo')

sqlalchemy.engine.base.Engine 2020-04-22 20:51:09,984 _init_metadata 809 :
 Col ('TABLE_SCHEMA', 'TABLE_NAME', 'COLUMN_NAME', 'IS_NULLABLE', 'DATA_TYPE', 'ORDINAL_POSITION', 'CHARACTER_MAXIMUM_LENGTH', 'NUMERIC_PRECISION', 'NUMERIC_SCALE', 'COLUMN_DEFAULT', 'COLLATION_NAME')

sqlalchemy.engine.base.Engine 2020-04-22 20:51:09,984 process_rows 1249 :
 Row ('dbo', 'filename', 'id', 'NO', 'int', 1, None, 10, 0, None, None)

__main__ 2020-04-22 20:51:10,156 start 87 :
 STARTING SQL testing2020-04-22 20:51:10.156647 /home/henry/pydocs/data/527e4afc-4598-400f-8536-afa5324f0ba4/

sqlalchemy.engine.base.Engine 2020-04-22 20:51:10,734 _begin_impl 711 :
 BEGIN (implicit)

sqlalchemy.engine.base.Engine 2020-04-22 20:51:10,738 _execute_context 1205 :
 INSERT INTO owner (name) OUTPUT inserted.id VALUES (?)

sqlalchemy.engine.base.Engine 2020-04-22 20:51:10,738 _execute_context 1207 :
 ('testing2020-04-04 22 AprSiz9Ooq03A',)

sqlalchemy.engine.base.Engine 2020-04-22 20:51:10,815 _init_metadata 809 :
 Col ('id',)

sqlalchemy.engine.base.Engine 2020-04-22 20:51:10,816 process_rows 1249 :
 Row (103,)

sqlalchemy.engine.base.Engine 2020-04-22 20:51:10,899 _commit_impl 753 :
 COMMIT

sqlalchemy.engine.base.Engine 2020-04-22 20:51:11,073 _begin_impl 711 :
 BEGIN (implicit)

sqlalchemy.engine.base.Engine 2020-04-22 20:51:11,074 _execute_context 1205 :
 SELECT owner.id AS owner_id, owner.name AS owner_name 
FROM owner 
WHERE owner.id = ?

sqlalchemy.engine.base.Engine 2020-04-22 20:51:11,074 _execute_context 1207 :
 (103,)

sqlalchemy.engine.base.Engine 2020-04-22 20:51:11,152 _init_metadata 809 :
 Col ('owner_id', 'owner_name')

sqlalchemy.engine.base.Engine 2020-04-22 20:51:11,152 process_rows 1249 :
 Row (103, 'testing2020-04-04 22 AprSiz9Ooq03A')

__main__ 2020-04-22 20:51:11,231 start 96 :
 Added owner row, name: testing2020-04-04 22 AprSiz9Ooq03A id: 103

__main__ 2020-04-22 20:51:11,369 start 109 :
 Finished loading pickles

__main__ 2020-04-22 20:51:11,371 start 125 :
 File: 1SGPIbZAmFYwIakoHevrYhHMwAf6xNIbMuS1zeULYsTQ

__main__ 2020-04-22 20:51:11,374 start 125 :
 File: 1VJe9pAq5wUkMz1cgNAOYLtvRbDehNWGZLwq4vtX3QVQ

__main__ 2020-04-22 20:51:11,377 start 125 :
 File: 0B4Fujvv5Mfqbb2d0TnNhcFhhREdadmRaaEI3QzVabnE2NE5v

__main__ 2020-04-22 20:51:11,379 start 125 :
 File: 10GJz3CIxCa6CT11Y-kg8f30atim8xSyx

__main__ 2020-04-22 20:51:11,381 start 125 :
 File: 1NpTHMCkLa6lHL9Ok8a9hejyXihpujcQpVgSa7JNBP6s

__main__ 2020-04-22 20:51:11,383 start 125 :
 File: 1OH8h0i2T4Is0R9S8uaZ4C18SQWkxItIW0KwLKnOJGSM

__main__ 2020-04-22 20:51:11,385 start 125 :
 File: 1QNNRjwRnVqieEoA5i9CdaSCyT_6Bi4vkmGO8YuZHytU

__main__ 2020-04-22 20:51:11,387 start 125 :
 File: 1kMTGenwbpJUMiYZMSDbDg_tcROM5USl6

__main__ 2020-04-22 20:51:11,388 start 125 :
 File: 1JEcM-IFEodRvDg7EE9AntQ4wwOBTRXcDFqRK5SR2I08

__main__ 2020-04-22 20:51:11,390 start 125 :
 File: 1LcO1aZmE6Jap4GF5ZpBGetjUSFeVBYg__DgWYlDwWY4

__main__ 2020-04-22 20:51:11,391 start 125 :
 File: 1C09g5-ATBpXNJOmH8ANwCnq7Pk6vClzI1lmFYcqaH6A

__main__ 2020-04-22 20:51:11,393 start 125 :
 File: 1G-K37QbHDgyLsJaUjRsROtLZZkj1fmqyC5YyHzOh-_Q

__main__ 2020-04-22 20:51:11,394 start 125 :
 File: 1cIWwf3nZ2RAeriW8GerxZHY9nirLdcc968-GgSnRkjQ

__main__ 2020-04-22 20:51:11,396 start 125 :
 File: 1yqF_hJ9NyASL9nHpchNsjrb04FUVvTNEmmStnAsh1Sg

__main__ 2020-04-22 20:51:11,399 start 125 :
 File: 16Tz6lbS7tdWBUhgseZCx0va0xBAayzOSSDSH-T20xRA

__main__ 2020-04-22 20:51:11,401 start 125 :
 File: 1leky1DdjFgZcCKZf1EBdNopIRnIdqTLevUE1mliolBI

__main__ 2020-04-22 20:51:11,403 start 125 :
 File: 16wsJnYBwdOHbuGROxWDFe2Tcf1w8T49TwWnGvq5OjXY

__main__ 2020-04-22 20:51:11,404 start 125 :
 File: 1B6ePg9Ixtc4xqKL4D0_JO80n8GL83WpztJKJGaH-6S0

__main__ 2020-04-22 20:51:11,405 start 125 :
 File: 1jRrZTHn-oge2sTqxli8Um026xuniXAeezLZn4B2zVSg

__main__ 2020-04-22 20:51:11,407 start 125 :
 File: 1D48Gz6hmPkE6sATNqYoA3P3Hdjtq1y2zHRjrh1kH64I

__main__ 2020-04-22 20:51:11,408 start 125 :
 File: 1B37ygx-Iwh0EpS1c5fqpbK6AqE39m6ao4WD4uMWknzc

__main__ 2020-04-22 20:51:11,410 start 125 :
 File: 1cctIQ_TyhvRFgFVkzjwcfDL1w0i4L2lF-78_WM7Hy6A

__main__ 2020-04-22 20:51:11,411 start 125 :
 File: 1JQ-JszbkA6JHylaBr1ZDWeMXTy2X6fM2evDEJo-W3U4

__main__ 2020-04-22 20:51:11,413 start 125 :
 File: 11L4quB0D_Ttk0WMkddrcn_r8OmWG5Y7xEWgALTBoNvg

__main__ 2020-04-22 20:51:11,415 start 125 :
 File: 12NnsHOjtevUATb-yYIgDFFLyYajiHxhJ6xHiJnIXj-8

__main__ 2020-04-22 20:51:11,417 start 125 :
 File: 186ge00t4G7kcx1QdCIHxRhTnZfzpSTGDgfAXkdbD_Ig

__main__ 2020-04-22 20:51:11,419 start 125 :
 File: 15T7jFID6g5L9jNgtFSqVnNVFuqL7BqlHq9w9uB3CamE

__main__ 2020-04-22 20:51:11,420 start 125 :
 File: 17MhIJt6Bl2HnDLFiNZPRh7UOx-Co9FMvPWBsRnJRfsM

__main__ 2020-04-22 20:51:11,422 start 125 :
 File: 15e68EIS9xXe5Yvzju4GtkyhFKJ_UgUA9juJKiUpPeUA

__main__ 2020-04-22 20:51:11,423 start 125 :
 File: 1sF1pFtL8fsnQBBAoTt8P7YGOVZVr6-6a4BLeU3PBncI

__main__ 2020-04-22 20:51:11,425 start 125 :
 File: 1G1g252JtmrFnXI5HaLLEafe8apipzquYwQQ0hbQIaho

__main__ 2020-04-22 20:51:11,426 start 125 :
 File: 1wfaH9BSg8wrDaKXR54KK1y8pd-miEOQNj3E8GL6fTfg

__main__ 2020-04-22 20:51:11,428 start 125 :
 File: 10M2HsNol6IOHe6wMXb0WkJV9bmy2445a

__main__ 2020-04-22 20:51:11,429 start 125 :
 File: 1VmB8_0x000GHL4Tbza6LarQMec0Z0esW

__main__ 2020-04-22 20:51:11,431 start 125 :
 File: 1LuJ1Ln_dAc7n3Qj0zNE4yuYfFG6NEgxO-hsDA9M4qpQ

__main__ 2020-04-22 20:51:11,433 start 125 :
 File: 1o6ARVj7jhE2K_VNnX2BYajR2XBX1kdMu

__main__ 2020-04-22 20:51:11,434 start 125 :
 File: 15JWTM6GKGzGaum2h7EvaoJXszPRWFSdINZ4fq6l87LI

__main__ 2020-04-22 20:51:11,436 start 125 :
 File: 15Fi6RHQtC8H-GOJC_gjiED_9rNxtCdahEGtLvBUZcv4

__main__ 2020-04-22 20:51:11,437 start 125 :
 File: 1H1aSubiwctKw-qMV6t1aGlfooY2Qn9V6Y01phHpg-kw

__main__ 2020-04-22 20:51:11,438 start 125 :
 File: 1WbGMwYDyqP6aCDpf5fBbR7sneMicXtvEtfm3Z4k0Vzs

__main__ 2020-04-22 20:51:11,440 start 125 :
 File: 16wh_FgWE8Y0tUpAdIte4WyuB91_ypCySi82lvdhAiFY

__main__ 2020-04-22 20:51:11,442 start 125 :
 File: 1WKk8W5cG-CYKBYN_cWpAdziiPVhvQZEAarnPwf58z4Y

__main__ 2020-04-22 20:51:11,444 start 125 :
 File: 1YJPVyeYstaXiTguoSGCe_Kb3y4yv49N224nUrfLo7rU

__main__ 2020-04-22 20:51:11,446 start 125 :
 File: 14fGVD8kN7ZTYHhthuk5QFTw2j-OnV9QV6BJvuLedIik

__main__ 2020-04-22 20:51:11,448 start 125 :
 File: 17U5RL60qPqJRSKZgj9HpNG0xIgrUI1_buueGhgcZaGs

__main__ 2020-04-22 20:51:11,450 start 125 :
 File: 1PscMFhdtA31Nh7ELmM18NqjUfLDeGiexKI6q-lI0fKY

__main__ 2020-04-22 20:51:11,451 start 125 :
 File: 1YlY2MTwu_I6PGWgmkNqFXYJVvNSQKMi7j0WulyoD75w

__main__ 2020-04-22 20:51:11,453 start 125 :
 File: 1Gxvc-37IOivNHIPUJBI1v3jf5e-Hwcby_VZbN-k-Bfc

__main__ 2020-04-22 20:51:11,454 start 125 :
 File: 11WIU2snHtcamnb9iQszGuvQwhOALT-Gy

__main__ 2020-04-22 20:51:11,456 start 125 :
 File: 1T1Sj69DxCTpEQI2pH0O04l_PSx1V3xsxYOnkiHPEPis

__main__ 2020-04-22 20:51:11,458 start 125 :
 File: 1iwD0UOBkgdB5Jnza1szyk2RCaNpOfito5Be0lD0HGvk

__main__ 2020-04-22 20:51:11,460 start 125 :
 File: 18Fo4vEnjNw9SuVSM0FprUH3bFdl4oVP31YM5H-VH3fs

__main__ 2020-04-22 20:51:11,462 start 125 :
 File: 1NBVW6zOvYcoTmGZ46HZosMmV2SVNURBvf4WOm1ydcTk

__main__ 2020-04-22 20:51:11,463 start 125 :
 File: 1ZBA6pHQ0vfqgMprDjRS0-PqUaeusoF5Z

__main__ 2020-04-22 20:51:11,465 start 125 :
 File: 1VrK4o4hKCSJyT8P4hKL9la_FO7-29hcBJMJDsvjXo2A

__main__ 2020-04-22 20:51:11,467 start 125 :
 File: 1Ez54_TKEcG-xUH_lCEW1711SozJ2_cSeBgiuGKjE8Pk

__main__ 2020-04-22 20:51:11,468 start 125 :
 File: 15oiL5vtc6Pm7TbWGmBPul9ZHEaq5Cp25MmoK7Wj3wQA

__main__ 2020-04-22 20:51:11,470 start 125 :
 File: 1TxO4rhqIX6VUqO2bLJNkukbTpEDNVYSHD0X9hOzi88o

__main__ 2020-04-22 20:51:11,471 start 125 :
 File: 1ZSAyOh8IJqYeY30rg2YNgHU06UxOpmgVqlhKL6puaDs

__main__ 2020-04-22 20:51:11,473 start 125 :
 File: 1kJg8DrOx2wxRXUGvNKc0X_t2GyFMglwXImurNUjTni0

__main__ 2020-04-22 20:51:11,475 start 125 :
 File: 1bVHzlp_4wGefhP9sx5GvI7ZR_ArSbtX0LaFmfZTeB8Y

__main__ 2020-04-22 20:51:11,477 start 125 :
 File: 1c2DcDim6LhJH_JL0iJ23K-KzykdaMUOyvAUnXaAhQEg

__main__ 2020-04-22 20:51:11,478 start 125 :
 File: 1ZNO0oUicsL1By5_92_96mrDU5-FgMK0Dm5bGcYPvUrc

__main__ 2020-04-22 20:51:11,480 start 125 :
 File: 1VJe9pAq5wUkMz1cgNAOYLtvRbDehNWGZLwq4vtX3QVQ

__main__ 2020-04-22 20:51:11,481 start 127 :
 duplicaed fileid found, skipping

__main__ 2020-04-22 20:51:11,482 start 125 :
 File: 1ZSCKTVjGJu6pUx7auNWEyfs83DLJtOeA3AbwuGuY8kI

__main__ 2020-04-22 20:51:11,484 start 147 :
 starting bulk save

sqlalchemy.engine.base.Engine 2020-04-22 20:51:11,504 _execute_context 1205 :
 INSERT INTO files ([fileId], [lastModDate], parent_id, [isFile]) OUTPUT inserted.id VALUES (?, ?, ?, ?)

sqlalchemy.engine.base.Engine 2020-04-22 20:51:11,504 _execute_context 1207 :
 ('1SGPIbZAmFYwIakoHevrYhHMwAf6xNIbMuS1zeULYsTQ:22-20.165960Siz9Ooq03A', None, 103, 1)

sqlalchemy.engine.base.Engine 2020-04-22 20:51:11,663 _init_metadata 809 :
 Col ('id',)

sqlalchemy.engine.base.Engine 2020-04-22 20:51:11,663 process_rows 1249 :
 Row (13626,)

sqlalchemy.engine.base.Engine 2020-04-22 20:51:11,741 _execute_context 1205 :
 INSERT INTO files ([fileId], [lastModDate], parent_id, [isFile]) OUTPUT inserted.id VALUES (?, ?, ?, ?)

sqlalchemy.engine.base.Engine 2020-04-22 20:51:11,742 _execute_context 1207 :
 ('1VJe9pAq5wUkMz1cgNAOYLtvRbDehNWGZLwq4vtX3QVQ:22-20.165960Siz9Ooq03A', datetime.datetime(2020, 3, 28, 12, 21, 3, 616000), 103, 1)

sqlalchemy.engine.base.Engine 2020-04-22 20:51:11,818 _init_metadata 809 :
 Col ('id',)

sqlalchemy.engine.base.Engine 2020-04-22 20:51:11,818 process_rows 1249 :
 Row (13627,)

sqlalchemy.engine.base.Engine 2020-04-22 20:51:11,898 _execute_context 1205 :
 INSERT INTO files ([fileId], [lastModDate], parent_id, [isFile]) OUTPUT inserted.id VALUES (?, ?, ?, ?)

sqlalchemy.engine.base.Engine 2020-04-22 20:51:11,898 _execute_context 1207 :
 ('0B4Fujvv5Mfqbb2d0TnNhcFhhREdadmRaaEI3QzVabnE2NE5v:22-20.165960Siz9Ooq03A', datetime.datetime(2018, 1, 26, 6, 14, 45, 287000, tzinfo=datetime.timezone.utc), 103, 1)

sqlalchemy.engine.base.Engine 2020-04-22 20:51:11,977 _init_metadata 809 :
 Col ('id',)

sqlalchemy.engine.base.Engine 2020-04-22 20:51:11,977 process_rows 1249 :
 Row (13628,)

sqlalchemy.engine.base.Engine 2020-04-22 20:51:12,058 _execute_context 1205 :
 INSERT INTO files ([fileId], [lastModDate], parent_id, [isFile]) OUTPUT inserted.id VALUES (?, ?, ?, ?)

sqlalchemy.engine.base.Engine 2020-04-22 20:51:12,058 _execute_context 1207 :
 ('10GJz3CIxCa6CT11Y-kg8f30atim8xSyx:22-20.165960Siz9Ooq03A', datetime.datetime(2018, 9, 14, 23, 3, 28, 701000, tzinfo=datetime.timezone.utc), 103, 1)

sqlalchemy.engine.base.Engine 2020-04-22 20:51:12,138 _init_metadata 809 :
 Col ('id',)

sqlalchemy.engine.base.Engine 2020-04-22 20:51:12,138 process_rows 1249 :
 Row (13629,)

sqlalchemy.engine.base.Engine 2020-04-22 20:51:12,218 _execute_context 1205 :
 INSERT INTO files ([fileId], [lastModDate], parent_id, [isFile]) OUTPUT inserted.id VALUES (?, ?, ?, ?)

sqlalchemy.engine.base.Engine 2020-04-22 20:51:12,218 _execute_context 1207 :
 ('1NpTHMCkLa6lHL9Ok8a9hejyXihpujcQpVgSa7JNBP6s:22-20.165960Siz9Ooq03A', datetime.datetime(2020, 2, 3, 22, 42, 12, 545000), 103, 1)

sqlalchemy.engine.base.Engine 2020-04-22 20:51:12,298 _init_metadata 809 :
 Col ('id',)

sqlalchemy.engine.base.Engine 2020-04-22 20:51:12,298 process_rows 1249 :
 Row (13630,)

sqlalchemy.engine.base.Engine 2020-04-22 20:51:12,376 _execute_context 1205 :
 INSERT INTO files ([fileId], [lastModDate], parent_id, [isFile]) OUTPUT inserted.id VALUES (?, ?, ?, ?)

sqlalchemy.engine.base.Engine 2020-04-22 20:51:12,377 _execute_context 1207 :
 ('1OH8h0i2T4Is0R9S8uaZ4C18SQWkxItIW0KwLKnOJGSM:22-20.165960Siz9Ooq03A', datetime.datetime(2020, 1, 23, 18, 51, 38, 548000, tzinfo=datetime.timezone.utc), 103, 1)

sqlalchemy.engine.base.Engine 2020-04-22 20:51:12,455 _init_metadata 809 :
 Col ('id',)

sqlalchemy.engine.base.Engine 2020-04-22 20:51:12,455 process_rows 1249 :
 Row (13631,)

sqlalchemy.engine.base.Engine 2020-04-22 20:51:12,537 _execute_context 1205 :
 INSERT INTO files ([fileId], [lastModDate], parent_id, [isFile]) OUTPUT inserted.id VALUES (?, ?, ?, ?)

sqlalchemy.engine.base.Engine 2020-04-22 20:51:12,537 _execute_context 1207 :
 ('1QNNRjwRnVqieEoA5i9CdaSCyT_6Bi4vkmGO8YuZHytU:22-20.165960Siz9Ooq03A', datetime.datetime(2020, 3, 10, 18, 28, 24, 166000, tzinfo=datetime.timezone.utc), 103, 1)

sqlalchemy.engine.base.Engine 2020-04-22 20:51:12,619 _init_metadata 809 :
 Col ('id',)

sqlalchemy.engine.base.Engine 2020-04-22 20:51:12,619 process_rows 1249 :
 Row (13632,)

sqlalchemy.engine.base.Engine 2020-04-22 20:51:12,698 _execute_context 1205 :
 INSERT INTO files ([fileId], [lastModDate], parent_id, [isFile]) OUTPUT inserted.id VALUES (?, ?, ?, ?)

sqlalchemy.engine.base.Engine 2020-04-22 20:51:12,698 _execute_context 1207 :
 ('1kMTGenwbpJUMiYZMSDbDg_tcROM5USl6:22-20.165960Siz9Ooq03A', datetime.datetime(2019, 5, 30, 5, 55, 20, 970000, tzinfo=datetime.timezone.utc), 103, 1)

sqlalchemy.engine.base.Engine 2020-04-22 20:51:12,775 _init_metadata 809 :
 Col ('id',)

sqlalchemy.engine.base.Engine 2020-04-22 20:51:12,776 process_rows 1249 :
 Row (13633,)

sqlalchemy.engine.base.Engine 2020-04-22 20:51:12,854 _execute_context 1205 :
 INSERT INTO files ([fileId], [lastModDate], parent_id, [isFile]) OUTPUT inserted.id VALUES (?, ?, ?, ?)

sqlalchemy.engine.base.Engine 2020-04-22 20:51:12,854 _execute_context 1207 :
 ('1JEcM-IFEodRvDg7EE9AntQ4wwOBTRXcDFqRK5SR2I08:22-20.165960Siz9Ooq03A', datetime.datetime(2019, 3, 12, 17, 47, 4, 884000), 103, 1)

sqlalchemy.engine.base.Engine 2020-04-22 20:51:12,931 _init_metadata 809 :
 Col ('id',)

sqlalchemy.engine.base.Engine 2020-04-22 20:51:12,932 process_rows 1249 :
 Row (13634,)

sqlalchemy.engine.base.Engine 2020-04-22 20:51:13,011 _execute_context 1205 :
 INSERT INTO files ([fileId], [lastModDate], parent_id, [isFile]) OUTPUT inserted.id VALUES (?, ?, ?, ?)

sqlalchemy.engine.base.Engine 2020-04-22 20:51:13,012 _execute_context 1207 :
 ('1LcO1aZmE6Jap4GF5ZpBGetjUSFeVBYg__DgWYlDwWY4:22-20.165960Siz9Ooq03A', datetime.datetime(2020, 4, 6, 21, 54, 16, 435000), 103, 1)

sqlalchemy.engine.base.Engine 2020-04-22 20:51:13,091 _init_metadata 809 :
 Col ('id',)

sqlalchemy.engine.base.Engine 2020-04-22 20:51:13,091 process_rows 1249 :
 Row (13635,)

sqlalchemy.engine.base.Engine 2020-04-22 20:51:13,172 _execute_context 1205 :
 INSERT INTO files ([fileId], [lastModDate], parent_id, [isFile]) OUTPUT inserted.id VALUES (?, ?, ?, ?)

sqlalchemy.engine.base.Engine 2020-04-22 20:51:13,172 _execute_context 1207 :
 ('1C09g5-ATBpXNJOmH8ANwCnq7Pk6vClzI1lmFYcqaH6A:22-20.165960Siz9Ooq03A', datetime.datetime(2020, 4, 10, 15, 37, 31, 881000), 103, 1)

sqlalchemy.engine.base.Engine 2020-04-22 20:51:13,252 _init_metadata 809 :
 Col ('id',)

sqlalchemy.engine.base.Engine 2020-04-22 20:51:13,253 process_rows 1249 :
 Row (13636,)

sqlalchemy.engine.base.Engine 2020-04-22 20:51:13,332 _execute_context 1205 :
 INSERT INTO files ([fileId], [lastModDate], parent_id, [isFile]) OUTPUT inserted.id VALUES (?, ?, ?, ?)

sqlalchemy.engine.base.Engine 2020-04-22 20:51:13,332 _execute_context 1207 :
 ('1G-K37QbHDgyLsJaUjRsROtLZZkj1fmqyC5YyHzOh-_Q:22-20.165960Siz9Ooq03A', datetime.datetime(2020, 3, 26, 6, 57, 29, 487000, tzinfo=datetime.timezone.utc), 103, 1)

sqlalchemy.engine.base.Engine 2020-04-22 20:51:13,412 _init_metadata 809 :
 Col ('id',)

sqlalchemy.engine.base.Engine 2020-04-22 20:51:13,413 process_rows 1249 :
 Row (13637,)

sqlalchemy.engine.base.Engine 2020-04-22 20:51:13,493 _execute_context 1205 :
 INSERT INTO files ([fileId], [lastModDate], parent_id, [isFile]) OUTPUT inserted.id VALUES (?, ?, ?, ?)

sqlalchemy.engine.base.Engine 2020-04-22 20:51:13,493 _execute_context 1207 :
 ('1cIWwf3nZ2RAeriW8GerxZHY9nirLdcc968-GgSnRkjQ:22-20.165960Siz9Ooq03A', datetime.datetime(2020, 1, 17, 18, 30, 39, 243000, tzinfo=datetime.timezone.utc), 103, 1)

sqlalchemy.engine.base.Engine 2020-04-22 20:51:13,573 _init_metadata 809 :
 Col ('id',)

sqlalchemy.engine.base.Engine 2020-04-22 20:51:13,573 process_rows 1249 :
 Row (13638,)

sqlalchemy.engine.base.Engine 2020-04-22 20:51:13,652 _execute_context 1205 :
 INSERT INTO files ([fileId], [lastModDate], parent_id, [isFile]) OUTPUT inserted.id VALUES (?, ?, ?, ?)

sqlalchemy.engine.base.Engine 2020-04-22 20:51:13,652 _execute_context 1207 :
 ('1yqF_hJ9NyASL9nHpchNsjrb04FUVvTNEmmStnAsh1Sg:22-20.165960Siz9Ooq03A', datetime.datetime(2020, 4, 15, 12, 52, 38, 698000, tzinfo=datetime.timezone.utc), 103, 1)

sqlalchemy.engine.base.Engine 2020-04-22 20:51:13,738 _init_metadata 809 :
 Col ('id',)

sqlalchemy.engine.base.Engine 2020-04-22 20:51:13,739 process_rows 1249 :
 Row (13639,)

sqlalchemy.engine.base.Engine 2020-04-22 20:51:13,818 _execute_context 1205 :
 INSERT INTO files ([fileId], [lastModDate], parent_id, [isFile]) OUTPUT inserted.id VALUES (?, ?, ?, ?)

sqlalchemy.engine.base.Engine 2020-04-22 20:51:13,818 _execute_context 1207 :
 ('16Tz6lbS7tdWBUhgseZCx0va0xBAayzOSSDSH-T20xRA:22-20.165960Siz9Ooq03A', None, 103, 1)

sqlalchemy.engine.base.Engine 2020-04-22 20:51:13,981 _init_metadata 809 :
 Col ('id',)

sqlalchemy.engine.base.Engine 2020-04-22 20:51:13,981 process_rows 1249 :
 Row (13640,)

sqlalchemy.engine.base.Engine 2020-04-22 20:51:14,060 _execute_context 1205 :
 INSERT INTO files ([fileId], [lastModDate], parent_id, [isFile]) OUTPUT inserted.id VALUES (?, ?, ?, ?)

sqlalchemy.engine.base.Engine 2020-04-22 20:51:14,060 _execute_context 1207 :
 ('1leky1DdjFgZcCKZf1EBdNopIRnIdqTLevUE1mliolBI:22-20.165960Siz9Ooq03A', datetime.datetime(2020, 4, 6, 2, 28, 19, 308000, tzinfo=datetime.timezone.utc), 103, 1)

sqlalchemy.engine.base.Engine 2020-04-22 20:51:14,139 _init_metadata 809 :
 Col ('id',)

sqlalchemy.engine.base.Engine 2020-04-22 20:51:14,140 process_rows 1249 :
 Row (13641,)

sqlalchemy.engine.base.Engine 2020-04-22 20:51:14,217 _execute_context 1205 :
 INSERT INTO files ([fileId], [lastModDate], parent_id, [isFile]) OUTPUT inserted.id VALUES (?, ?, ?, ?)

sqlalchemy.engine.base.Engine 2020-04-22 20:51:14,218 _execute_context 1207 :
 ('16wsJnYBwdOHbuGROxWDFe2Tcf1w8T49TwWnGvq5OjXY:22-20.165960Siz9Ooq03A', datetime.datetime(2015, 7, 6, 23, 38, 1, 618000, tzinfo=datetime.timezone.utc), 103, 1)

sqlalchemy.engine.base.Engine 2020-04-22 20:51:14,297 _init_metadata 809 :
 Col ('id',)

sqlalchemy.engine.base.Engine 2020-04-22 20:51:14,297 process_rows 1249 :
 Row (13642,)

sqlalchemy.engine.base.Engine 2020-04-22 20:51:14,378 _execute_context 1205 :
 INSERT INTO files ([fileId], [lastModDate], parent_id, [isFile]) OUTPUT inserted.id VALUES (?, ?, ?, ?)

sqlalchemy.engine.base.Engine 2020-04-22 20:51:14,378 _execute_context 1207 :
 ('1B6ePg9Ixtc4xqKL4D0_JO80n8GL83WpztJKJGaH-6S0:22-20.165960Siz9Ooq03A', None, 103, 1)

sqlalchemy.engine.base.Engine 2020-04-22 20:51:14,539 _init_metadata 809 :
 Col ('id',)

sqlalchemy.engine.base.Engine 2020-04-22 20:51:14,539 process_rows 1249 :
 Row (13643,)

sqlalchemy.engine.base.Engine 2020-04-22 20:51:14,627 _execute_context 1205 :
 INSERT INTO files ([fileId], [lastModDate], parent_id, [isFile]) OUTPUT inserted.id VALUES (?, ?, ?, ?)

sqlalchemy.engine.base.Engine 2020-04-22 20:51:14,627 _execute_context 1207 :
 ('1jRrZTHn-oge2sTqxli8Um026xuniXAeezLZn4B2zVSg:22-20.165960Siz9Ooq03A', datetime.datetime(2020, 3, 17, 14, 56, 13, 451000), 103, 1)

sqlalchemy.engine.base.Engine 2020-04-22 20:51:14,706 _init_metadata 809 :
 Col ('id',)

sqlalchemy.engine.base.Engine 2020-04-22 20:51:14,707 process_rows 1249 :
 Row (13644,)

sqlalchemy.engine.base.Engine 2020-04-22 20:51:14,787 _execute_context 1205 :
 INSERT INTO files ([fileId], [lastModDate], parent_id, [isFile]) OUTPUT inserted.id VALUES (?, ?, ?, ?)

sqlalchemy.engine.base.Engine 2020-04-22 20:51:14,787 _execute_context 1207 :
 ('1D48Gz6hmPkE6sATNqYoA3P3Hdjtq1y2zHRjrh1kH64I:22-20.165960Siz9Ooq03A', None, 103, 1)

sqlalchemy.engine.base.Engine 2020-04-22 20:51:14,950 _init_metadata 809 :
 Col ('id',)

sqlalchemy.engine.base.Engine 2020-04-22 20:51:14,951 process_rows 1249 :
 Row (13645,)

sqlalchemy.engine.base.Engine 2020-04-22 20:51:15,030 _execute_context 1205 :
 INSERT INTO files ([fileId], [lastModDate], parent_id, [isFile]) OUTPUT inserted.id VALUES (?, ?, ?, ?)

sqlalchemy.engine.base.Engine 2020-04-22 20:51:15,030 _execute_context 1207 :
 ('1B37ygx-Iwh0EpS1c5fqpbK6AqE39m6ao4WD4uMWknzc:22-20.165960Siz9Ooq03A', datetime.datetime(2018, 5, 20, 7, 33, 38, 788000, tzinfo=datetime.timezone.utc), 103, 1)

sqlalchemy.engine.base.Engine 2020-04-22 20:51:15,109 _init_metadata 809 :
 Col ('id',)

sqlalchemy.engine.base.Engine 2020-04-22 20:51:15,109 process_rows 1249 :
 Row (13646,)

sqlalchemy.engine.base.Engine 2020-04-22 20:51:15,189 _execute_context 1205 :
 INSERT INTO files ([fileId], [lastModDate], parent_id, [isFile]) OUTPUT inserted.id VALUES (?, ?, ?, ?)

sqlalchemy.engine.base.Engine 2020-04-22 20:51:15,189 _execute_context 1207 :
 ('1cctIQ_TyhvRFgFVkzjwcfDL1w0i4L2lF-78_WM7Hy6A:22-20.165960Siz9Ooq03A', datetime.datetime(2020, 3, 27, 22, 27, 31, 397000), 103, 1)

sqlalchemy.engine.base.Engine 2020-04-22 20:51:15,268 _init_metadata 809 :
 Col ('id',)

sqlalchemy.engine.base.Engine 2020-04-22 20:51:15,268 process_rows 1249 :
 Row (13647,)

sqlalchemy.engine.base.Engine 2020-04-22 20:51:15,347 _execute_context 1205 :
 INSERT INTO files ([fileId], [lastModDate], parent_id, [isFile]) OUTPUT inserted.id VALUES (?, ?, ?, ?)

sqlalchemy.engine.base.Engine 2020-04-22 20:51:15,347 _execute_context 1207 :
 ('1JQ-JszbkA6JHylaBr1ZDWeMXTy2X6fM2evDEJo-W3U4:22-20.165960Siz9Ooq03A', None, 103, 1)

sqlalchemy.engine.base.Engine 2020-04-22 20:51:15,511 _init_metadata 809 :
 Col ('id',)

sqlalchemy.engine.base.Engine 2020-04-22 20:51:15,512 process_rows 1249 :
 Row (13648,)

sqlalchemy.engine.base.Engine 2020-04-22 20:51:15,593 _execute_context 1205 :
 INSERT INTO files ([fileId], [lastModDate], parent_id, [isFile]) OUTPUT inserted.id VALUES (?, ?, ?, ?)

sqlalchemy.engine.base.Engine 2020-04-22 20:51:15,594 _execute_context 1207 :
 ('11L4quB0D_Ttk0WMkddrcn_r8OmWG5Y7xEWgALTBoNvg:22-20.165960Siz9Ooq03A', None, 103, 1)

sqlalchemy.engine.base.Engine 2020-04-22 20:51:15,753 _init_metadata 809 :
 Col ('id',)

sqlalchemy.engine.base.Engine 2020-04-22 20:51:15,753 process_rows 1249 :
 Row (13649,)

sqlalchemy.engine.base.Engine 2020-04-22 20:51:15,832 _execute_context 1205 :
 INSERT INTO files ([fileId], [lastModDate], parent_id, [isFile]) OUTPUT inserted.id VALUES (?, ?, ?, ?)

sqlalchemy.engine.base.Engine 2020-04-22 20:51:15,832 _execute_context 1207 :
 ('12NnsHOjtevUATb-yYIgDFFLyYajiHxhJ6xHiJnIXj-8:22-20.165960Siz9Ooq03A', datetime.datetime(2020, 3, 30, 18, 20, 51, 634000, tzinfo=datetime.timezone.utc), 103, 1)

sqlalchemy.engine.base.Engine 2020-04-22 20:51:15,909 _init_metadata 809 :
 Col ('id',)

sqlalchemy.engine.base.Engine 2020-04-22 20:51:15,910 process_rows 1249 :
 Row (13650,)

sqlalchemy.engine.base.Engine 2020-04-22 20:51:15,989 _execute_context 1205 :
 INSERT INTO files ([fileId], [lastModDate], parent_id, [isFile]) OUTPUT inserted.id VALUES (?, ?, ?, ?)

sqlalchemy.engine.base.Engine 2020-04-22 20:51:15,989 _execute_context 1207 :
 ('186ge00t4G7kcx1QdCIHxRhTnZfzpSTGDgfAXkdbD_Ig:22-20.165960Siz9Ooq03A', datetime.datetime(2020, 3, 6, 10, 51, 33, 932000), 103, 1)

sqlalchemy.engine.base.Engine 2020-04-22 20:51:16,086 _init_metadata 809 :
 Col ('id',)

sqlalchemy.engine.base.Engine 2020-04-22 20:51:16,087 process_rows 1249 :
 Row (13651,)

sqlalchemy.engine.base.Engine 2020-04-22 20:51:16,165 _execute_context 1205 :
 INSERT INTO files ([fileId], [lastModDate], parent_id, [isFile]) OUTPUT inserted.id VALUES (?, ?, ?, ?)

sqlalchemy.engine.base.Engine 2020-04-22 20:51:16,165 _execute_context 1207 :
 ('15T7jFID6g5L9jNgtFSqVnNVFuqL7BqlHq9w9uB3CamE:22-20.165960Siz9Ooq03A', datetime.datetime(2020, 3, 9, 1, 17, 30, 970000, tzinfo=datetime.timezone.utc), 103, 1)

sqlalchemy.engine.base.Engine 2020-04-22 20:51:16,247 _init_metadata 809 :
 Col ('id',)

sqlalchemy.engine.base.Engine 2020-04-22 20:51:16,247 process_rows 1249 :
 Row (13652,)

sqlalchemy.engine.base.Engine 2020-04-22 20:51:16,325 _execute_context 1205 :
 INSERT INTO files ([fileId], [lastModDate], parent_id, [isFile]) OUTPUT inserted.id VALUES (?, ?, ?, ?)

sqlalchemy.engine.base.Engine 2020-04-22 20:51:16,325 _execute_context 1207 :
 ('17MhIJt6Bl2HnDLFiNZPRh7UOx-Co9FMvPWBsRnJRfsM:22-20.165960Siz9Ooq03A', datetime.datetime(2020, 3, 12, 16, 48, 26, 31000, tzinfo=datetime.timezone.utc), 103, 1)

sqlalchemy.engine.base.Engine 2020-04-22 20:51:16,405 _init_metadata 809 :
 Col ('id',)

sqlalchemy.engine.base.Engine 2020-04-22 20:51:16,405 process_rows 1249 :
 Row (13653,)

sqlalchemy.engine.base.Engine 2020-04-22 20:51:16,487 _execute_context 1205 :
 INSERT INTO files ([fileId], [lastModDate], parent_id, [isFile]) OUTPUT inserted.id VALUES (?, ?, ?, ?)

sqlalchemy.engine.base.Engine 2020-04-22 20:51:16,487 _execute_context 1207 :
 ('15e68EIS9xXe5Yvzju4GtkyhFKJ_UgUA9juJKiUpPeUA:22-20.165960Siz9Ooq03A', datetime.datetime(2020, 2, 25, 15, 1, 38, 567000), 103, 1)

sqlalchemy.engine.base.Engine 2020-04-22 20:51:16,571 _init_metadata 809 :
 Col ('id',)

sqlalchemy.engine.base.Engine 2020-04-22 20:51:16,571 process_rows 1249 :
 Row (13654,)

sqlalchemy.engine.base.Engine 2020-04-22 20:51:16,651 _execute_context 1205 :
 INSERT INTO files ([fileId], [lastModDate], parent_id, [isFile]) OUTPUT inserted.id VALUES (?, ?, ?, ?)

sqlalchemy.engine.base.Engine 2020-04-22 20:51:16,651 _execute_context 1207 :
 ('1sF1pFtL8fsnQBBAoTt8P7YGOVZVr6-6a4BLeU3PBncI:22-20.165960Siz9Ooq03A', datetime.datetime(2018, 11, 27, 9, 8, 20, 70000), 103, 1)

sqlalchemy.engine.base.Engine 2020-04-22 20:51:16,731 _init_metadata 809 :
 Col ('id',)

sqlalchemy.engine.base.Engine 2020-04-22 20:51:16,732 process_rows 1249 :
 Row (13655,)

sqlalchemy.engine.base.Engine 2020-04-22 20:51:16,809 _execute_context 1205 :
 INSERT INTO files ([fileId], [lastModDate], parent_id, [isFile]) OUTPUT inserted.id VALUES (?, ?, ?, ?)

sqlalchemy.engine.base.Engine 2020-04-22 20:51:16,809 _execute_context 1207 :
 ('1G1g252JtmrFnXI5HaLLEafe8apipzquYwQQ0hbQIaho:22-20.165960Siz9Ooq03A', datetime.datetime(2020, 2, 19, 14, 32, 20, 608000), 103, 1)

sqlalchemy.engine.base.Engine 2020-04-22 20:51:16,887 _init_metadata 809 :
 Col ('id',)

sqlalchemy.engine.base.Engine 2020-04-22 20:51:16,887 process_rows 1249 :
 Row (13656,)

sqlalchemy.engine.base.Engine 2020-04-22 20:51:16,964 _execute_context 1205 :
 INSERT INTO files ([fileId], [lastModDate], parent_id, [isFile]) OUTPUT inserted.id VALUES (?, ?, ?, ?)

sqlalchemy.engine.base.Engine 2020-04-22 20:51:16,965 _execute_context 1207 :
 ('1wfaH9BSg8wrDaKXR54KK1y8pd-miEOQNj3E8GL6fTfg:22-20.165960Siz9Ooq03A', datetime.datetime(2020, 2, 18, 11, 8, 36, 897000), 103, 1)

sqlalchemy.engine.base.Engine 2020-04-22 20:51:17,044 _init_metadata 809 :
 Col ('id',)

sqlalchemy.engine.base.Engine 2020-04-22 20:51:17,044 process_rows 1249 :
 Row (13657,)

sqlalchemy.engine.base.Engine 2020-04-22 20:51:17,122 _execute_context 1205 :
 INSERT INTO files ([fileId], [lastModDate], parent_id, [isFile]) OUTPUT inserted.id VALUES (?, ?, ?, ?)

sqlalchemy.engine.base.Engine 2020-04-22 20:51:17,122 _execute_context 1207 :
 ('10M2HsNol6IOHe6wMXb0WkJV9bmy2445a:22-20.165960Siz9Ooq03A', datetime.datetime(2020, 2, 20, 4, 49, 17, 723000, tzinfo=datetime.timezone.utc), 103, 1)

sqlalchemy.engine.base.Engine 2020-04-22 20:51:17,202 _init_metadata 809 :
 Col ('id',)

sqlalchemy.engine.base.Engine 2020-04-22 20:51:17,202 process_rows 1249 :
 Row (13658,)

sqlalchemy.engine.base.Engine 2020-04-22 20:51:17,279 _execute_context 1205 :
 INSERT INTO files ([fileId], [lastModDate], parent_id, [isFile]) OUTPUT inserted.id VALUES (?, ?, ?, ?)

sqlalchemy.engine.base.Engine 2020-04-22 20:51:17,280 _execute_context 1207 :
 ('1VmB8_0x000GHL4Tbza6LarQMec0Z0esW:22-20.165960Siz9Ooq03A', datetime.datetime(2020, 2, 21, 4, 6, 55, 880000, tzinfo=datetime.timezone.utc), 103, 1)

sqlalchemy.engine.base.Engine 2020-04-22 20:51:17,359 _init_metadata 809 :
 Col ('id',)

sqlalchemy.engine.base.Engine 2020-04-22 20:51:17,360 process_rows 1249 :
 Row (13659,)

sqlalchemy.engine.base.Engine 2020-04-22 20:51:17,441 _execute_context 1205 :
 INSERT INTO files ([fileId], [lastModDate], parent_id, [isFile]) OUTPUT inserted.id VALUES (?, ?, ?, ?)

sqlalchemy.engine.base.Engine 2020-04-22 20:51:17,442 _execute_context 1207 :
 ('1LuJ1Ln_dAc7n3Qj0zNE4yuYfFG6NEgxO-hsDA9M4qpQ:22-20.165960Siz9Ooq03A', datetime.datetime(2020, 2, 18, 8, 54, 57, 650000), 103, 1)

sqlalchemy.engine.base.Engine 2020-04-22 20:51:17,521 _init_metadata 809 :
 Col ('id',)

sqlalchemy.engine.base.Engine 2020-04-22 20:51:17,521 process_rows 1249 :
 Row (13660,)

sqlalchemy.engine.base.Engine 2020-04-22 20:51:17,603 _execute_context 1205 :
 INSERT INTO files ([fileId], [lastModDate], parent_id, [isFile]) OUTPUT inserted.id VALUES (?, ?, ?, ?)

sqlalchemy.engine.base.Engine 2020-04-22 20:51:17,603 _execute_context 1207 :
 ('1o6ARVj7jhE2K_VNnX2BYajR2XBX1kdMu:22-20.165960Siz9Ooq03A', datetime.datetime(2020, 2, 18, 17, 0, 26, 568000, tzinfo=datetime.timezone.utc), 103, 1)

sqlalchemy.engine.base.Engine 2020-04-22 20:51:17,681 _init_metadata 809 :
 Col ('id',)

sqlalchemy.engine.base.Engine 2020-04-22 20:51:17,681 process_rows 1249 :
 Row (13661,)

sqlalchemy.engine.base.Engine 2020-04-22 20:51:17,759 _execute_context 1205 :
 INSERT INTO files ([fileId], [lastModDate], parent_id, [isFile]) OUTPUT inserted.id VALUES (?, ?, ?, ?)

sqlalchemy.engine.base.Engine 2020-04-22 20:51:17,760 _execute_context 1207 :
 ('15JWTM6GKGzGaum2h7EvaoJXszPRWFSdINZ4fq6l87LI:22-20.165960Siz9Ooq03A', datetime.datetime(2020, 2, 15, 6, 7, 44, 644000, tzinfo=datetime.timezone.utc), 103, 1)

sqlalchemy.engine.base.Engine 2020-04-22 20:51:17,840 _init_metadata 809 :
 Col ('id',)

sqlalchemy.engine.base.Engine 2020-04-22 20:51:17,841 process_rows 1249 :
 Row (13662,)

sqlalchemy.engine.base.Engine 2020-04-22 20:51:17,919 _execute_context 1205 :
 INSERT INTO files ([fileId], [lastModDate], parent_id, [isFile]) OUTPUT inserted.id VALUES (?, ?, ?, ?)

sqlalchemy.engine.base.Engine 2020-04-22 20:51:17,919 _execute_context 1207 :
 ('15Fi6RHQtC8H-GOJC_gjiED_9rNxtCdahEGtLvBUZcv4:22-20.165960Siz9Ooq03A', datetime.datetime(2020, 2, 17, 17, 20, 17, 28000), 103, 1)

sqlalchemy.engine.base.Engine 2020-04-22 20:51:17,997 _init_metadata 809 :
 Col ('id',)

sqlalchemy.engine.base.Engine 2020-04-22 20:51:17,998 process_rows 1249 :
 Row (13663,)

sqlalchemy.engine.base.Engine 2020-04-22 20:51:18,077 _execute_context 1205 :
 INSERT INTO files ([fileId], [lastModDate], parent_id, [isFile]) OUTPUT inserted.id VALUES (?, ?, ?, ?)

sqlalchemy.engine.base.Engine 2020-04-22 20:51:18,077 _execute_context 1207 :
 ('1H1aSubiwctKw-qMV6t1aGlfooY2Qn9V6Y01phHpg-kw:22-20.165960Siz9Ooq03A', datetime.datetime(2020, 2, 17, 17, 7, 27, 816000), 103, 1)

sqlalchemy.engine.base.Engine 2020-04-22 20:51:18,157 _init_metadata 809 :
 Col ('id',)

sqlalchemy.engine.base.Engine 2020-04-22 20:51:18,157 process_rows 1249 :
 Row (13664,)

sqlalchemy.engine.base.Engine 2020-04-22 20:51:18,237 _execute_context 1205 :
 INSERT INTO files ([fileId], [lastModDate], parent_id, [isFile]) OUTPUT inserted.id VALUES (?, ?, ?, ?)

sqlalchemy.engine.base.Engine 2020-04-22 20:51:18,237 _execute_context 1207 :
 ('1WbGMwYDyqP6aCDpf5fBbR7sneMicXtvEtfm3Z4k0Vzs:22-20.165960Siz9Ooq03A', datetime.datetime(2020, 2, 12, 10, 19, 13, 585000), 103, 1)

sqlalchemy.engine.base.Engine 2020-04-22 20:51:18,440 _init_metadata 809 :
 Col ('id',)

sqlalchemy.engine.base.Engine 2020-04-22 20:51:18,440 process_rows 1249 :
 Row (13665,)

sqlalchemy.engine.base.Engine 2020-04-22 20:51:18,519 _execute_context 1205 :
 INSERT INTO files ([fileId], [lastModDate], parent_id, [isFile]) OUTPUT inserted.id VALUES (?, ?, ?, ?)

sqlalchemy.engine.base.Engine 2020-04-22 20:51:18,519 _execute_context 1207 :
 ('16wh_FgWE8Y0tUpAdIte4WyuB91_ypCySi82lvdhAiFY:22-20.165960Siz9Ooq03A', datetime.datetime(2020, 2, 4, 13, 59, 22, 43000), 103, 1)

sqlalchemy.engine.base.Engine 2020-04-22 20:51:18,597 _init_metadata 809 :
 Col ('id',)

sqlalchemy.engine.base.Engine 2020-04-22 20:51:18,597 process_rows 1249 :
 Row (13666,)

sqlalchemy.engine.base.Engine 2020-04-22 20:51:18,679 _execute_context 1205 :
 INSERT INTO files ([fileId], [lastModDate], parent_id, [isFile]) OUTPUT inserted.id VALUES (?, ?, ?, ?)

sqlalchemy.engine.base.Engine 2020-04-22 20:51:18,679 _execute_context 1207 :
 ('1WKk8W5cG-CYKBYN_cWpAdziiPVhvQZEAarnPwf58z4Y:22-20.165960Siz9Ooq03A', datetime.datetime(2020, 1, 28, 12, 33, 2, 283000), 103, 1)

sqlalchemy.engine.base.Engine 2020-04-22 20:51:18,756 _init_metadata 809 :
 Col ('id',)

sqlalchemy.engine.base.Engine 2020-04-22 20:51:18,757 process_rows 1249 :
 Row (13667,)

sqlalchemy.engine.base.Engine 2020-04-22 20:51:18,835 _execute_context 1205 :
 INSERT INTO files ([fileId], [lastModDate], parent_id, [isFile]) OUTPUT inserted.id VALUES (?, ?, ?, ?)

sqlalchemy.engine.base.Engine 2020-04-22 20:51:18,836 _execute_context 1207 :
 ('1YJPVyeYstaXiTguoSGCe_Kb3y4yv49N224nUrfLo7rU:22-20.165960Siz9Ooq03A', datetime.datetime(2020, 1, 28, 14, 10, 20, 781000), 103, 1)

sqlalchemy.engine.base.Engine 2020-04-22 20:51:18,913 _init_metadata 809 :
 Col ('id',)

sqlalchemy.engine.base.Engine 2020-04-22 20:51:18,913 process_rows 1249 :
 Row (13668,)

sqlalchemy.engine.base.Engine 2020-04-22 20:51:18,995 _execute_context 1205 :
 INSERT INTO files ([fileId], [lastModDate], parent_id, [isFile]) OUTPUT inserted.id VALUES (?, ?, ?, ?)

sqlalchemy.engine.base.Engine 2020-04-22 20:51:18,995 _execute_context 1207 :
 ('14fGVD8kN7ZTYHhthuk5QFTw2j-OnV9QV6BJvuLedIik:22-20.165960Siz9Ooq03A', datetime.datetime(2020, 1, 28, 21, 7, 50, 805000, tzinfo=datetime.timezone.utc), 103, 1)

sqlalchemy.engine.base.Engine 2020-04-22 20:51:19,073 _init_metadata 809 :
 Col ('id',)

sqlalchemy.engine.base.Engine 2020-04-22 20:51:19,073 process_rows 1249 :
 Row (13669,)

sqlalchemy.engine.base.Engine 2020-04-22 20:51:19,151 _execute_context 1205 :
 INSERT INTO files ([fileId], [lastModDate], parent_id, [isFile]) OUTPUT inserted.id VALUES (?, ?, ?, ?)

sqlalchemy.engine.base.Engine 2020-04-22 20:51:19,152 _execute_context 1207 :
 ('17U5RL60qPqJRSKZgj9HpNG0xIgrUI1_buueGhgcZaGs:22-20.165960Siz9Ooq03A', datetime.datetime(2019, 12, 14, 0, 40, 7, 307000, tzinfo=datetime.timezone.utc), 103, 1)

sqlalchemy.engine.base.Engine 2020-04-22 20:51:19,230 _init_metadata 809 :
 Col ('id',)

sqlalchemy.engine.base.Engine 2020-04-22 20:51:19,230 process_rows 1249 :
 Row (13670,)

sqlalchemy.engine.base.Engine 2020-04-22 20:51:19,309 _execute_context 1205 :
 INSERT INTO files ([fileId], [lastModDate], parent_id, [isFile]) OUTPUT inserted.id VALUES (?, ?, ?, ?)

sqlalchemy.engine.base.Engine 2020-04-22 20:51:19,309 _execute_context 1207 :
 ('1PscMFhdtA31Nh7ELmM18NqjUfLDeGiexKI6q-lI0fKY:22-20.165960Siz9Ooq03A', datetime.datetime(2020, 1, 14, 14, 19, 48, 443000), 103, 1)

sqlalchemy.engine.base.Engine 2020-04-22 20:51:19,388 _init_metadata 809 :
 Col ('id',)

sqlalchemy.engine.base.Engine 2020-04-22 20:51:19,388 process_rows 1249 :
 Row (13671,)

sqlalchemy.engine.base.Engine 2020-04-22 20:51:19,468 _execute_context 1205 :
 INSERT INTO files ([fileId], [lastModDate], parent_id, [isFile]) OUTPUT inserted.id VALUES (?, ?, ?, ?)

sqlalchemy.engine.base.Engine 2020-04-22 20:51:19,469 _execute_context 1207 :
 ('1YlY2MTwu_I6PGWgmkNqFXYJVvNSQKMi7j0WulyoD75w:22-20.165960Siz9Ooq03A', datetime.datetime(2020, 1, 4, 11, 19, 10, 128000), 103, 1)

sqlalchemy.engine.base.Engine 2020-04-22 20:51:19,553 _init_metadata 809 :
 Col ('id',)

sqlalchemy.engine.base.Engine 2020-04-22 20:51:19,553 process_rows 1249 :
 Row (13672,)

sqlalchemy.engine.base.Engine 2020-04-22 20:51:19,633 _execute_context 1205 :
 INSERT INTO files ([fileId], [lastModDate], parent_id, [isFile]) OUTPUT inserted.id VALUES (?, ?, ?, ?)

sqlalchemy.engine.base.Engine 2020-04-22 20:51:19,633 _execute_context 1207 :
 ('1Gxvc-37IOivNHIPUJBI1v3jf5e-Hwcby_VZbN-k-Bfc:22-20.165960Siz9Ooq03A', datetime.datetime(2020, 1, 3, 19, 1, 8, 650000), 103, 1)

sqlalchemy.engine.base.Engine 2020-04-22 20:51:19,711 _init_metadata 809 :
 Col ('id',)

sqlalchemy.engine.base.Engine 2020-04-22 20:51:19,711 process_rows 1249 :
 Row (13673,)

sqlalchemy.engine.base.Engine 2020-04-22 20:51:19,795 _execute_context 1205 :
 INSERT INTO files ([fileId], [lastModDate], parent_id, [isFile]) OUTPUT inserted.id VALUES (?, ?, ?, ?)

sqlalchemy.engine.base.Engine 2020-04-22 20:51:19,795 _execute_context 1207 :
 ('11WIU2snHtcamnb9iQszGuvQwhOALT-Gy:22-20.165960Siz9Ooq03A', datetime.datetime(2020, 2, 2, 2, 48, 39, 885000, tzinfo=datetime.timezone.utc), 103, 1)

sqlalchemy.engine.base.Engine 2020-04-22 20:51:19,875 _init_metadata 809 :
 Col ('id',)

sqlalchemy.engine.base.Engine 2020-04-22 20:51:19,875 process_rows 1249 :
 Row (13674,)

sqlalchemy.engine.base.Engine 2020-04-22 20:51:19,955 _execute_context 1205 :
 INSERT INTO files ([fileId], [lastModDate], parent_id, [isFile]) OUTPUT inserted.id VALUES (?, ?, ?, ?)

sqlalchemy.engine.base.Engine 2020-04-22 20:51:19,955 _execute_context 1207 :
 ('1T1Sj69DxCTpEQI2pH0O04l_PSx1V3xsxYOnkiHPEPis:22-20.165960Siz9Ooq03A', datetime.datetime(2020, 1, 20, 15, 1, 31, 858000), 103, 1)

sqlalchemy.engine.base.Engine 2020-04-22 20:51:20,034 _init_metadata 809 :
 Col ('id',)

sqlalchemy.engine.base.Engine 2020-04-22 20:51:20,034 process_rows 1249 :
 Row (13675,)

sqlalchemy.engine.base.Engine 2020-04-22 20:51:20,113 _execute_context 1205 :
 INSERT INTO files ([fileId], [lastModDate], parent_id, [isFile]) OUTPUT inserted.id VALUES (?, ?, ?, ?)

sqlalchemy.engine.base.Engine 2020-04-22 20:51:20,113 _execute_context 1207 :
 ('1iwD0UOBkgdB5Jnza1szyk2RCaNpOfito5Be0lD0HGvk:22-20.165960Siz9Ooq03A', None, 103, 1)

sqlalchemy.engine.base.Engine 2020-04-22 20:51:20,274 _init_metadata 809 :
 Col ('id',)

sqlalchemy.engine.base.Engine 2020-04-22 20:51:20,274 process_rows 1249 :
 Row (13676,)

sqlalchemy.engine.base.Engine 2020-04-22 20:51:20,356 _execute_context 1205 :
 INSERT INTO files ([fileId], [lastModDate], parent_id, [isFile]) OUTPUT inserted.id VALUES (?, ?, ?, ?)

sqlalchemy.engine.base.Engine 2020-04-22 20:51:20,356 _execute_context 1207 :
 ('18Fo4vEnjNw9SuVSM0FprUH3bFdl4oVP31YM5H-VH3fs:22-20.165960Siz9Ooq03A', datetime.datetime(2020, 1, 12, 0, 51, 58, 994000, tzinfo=datetime.timezone.utc), 103, 1)

sqlalchemy.engine.base.Engine 2020-04-22 20:51:20,435 _init_metadata 809 :
 Col ('id',)

sqlalchemy.engine.base.Engine 2020-04-22 20:51:20,435 process_rows 1249 :
 Row (13677,)

sqlalchemy.engine.base.Engine 2020-04-22 20:51:20,513 _execute_context 1205 :
 INSERT INTO files ([fileId], [lastModDate], parent_id, [isFile]) OUTPUT inserted.id VALUES (?, ?, ?, ?)

sqlalchemy.engine.base.Engine 2020-04-22 20:51:20,514 _execute_context 1207 :
 ('1NBVW6zOvYcoTmGZ46HZosMmV2SVNURBvf4WOm1ydcTk:22-20.165960Siz9Ooq03A', None, 103, 1)

sqlalchemy.engine.base.Engine 2020-04-22 20:51:20,669 _init_metadata 809 :
 Col ('id',)

sqlalchemy.engine.base.Engine 2020-04-22 20:51:20,670 process_rows 1249 :
 Row (13678,)

sqlalchemy.engine.base.Engine 2020-04-22 20:51:20,749 _execute_context 1205 :
 INSERT INTO files ([fileId], [lastModDate], parent_id, [isFile]) OUTPUT inserted.id VALUES (?, ?, ?, ?)

sqlalchemy.engine.base.Engine 2020-04-22 20:51:20,749 _execute_context 1207 :
 ('1ZBA6pHQ0vfqgMprDjRS0-PqUaeusoF5Z:22-20.165960Siz9Ooq03A', datetime.datetime(2020, 1, 20, 15, 15, 38, 363000, tzinfo=datetime.timezone.utc), 103, 1)

sqlalchemy.engine.base.Engine 2020-04-22 20:51:20,827 _init_metadata 809 :
 Col ('id',)

sqlalchemy.engine.base.Engine 2020-04-22 20:51:20,827 process_rows 1249 :
 Row (13679,)

sqlalchemy.engine.base.Engine 2020-04-22 20:51:20,908 _execute_context 1205 :
 INSERT INTO files ([fileId], [lastModDate], parent_id, [isFile]) OUTPUT inserted.id VALUES (?, ?, ?, ?)

sqlalchemy.engine.base.Engine 2020-04-22 20:51:20,908 _execute_context 1207 :
 ('1VrK4o4hKCSJyT8P4hKL9la_FO7-29hcBJMJDsvjXo2A:22-20.165960Siz9Ooq03A', datetime.datetime(2020, 1, 7, 20, 6, 49, 774000), 103, 1)

sqlalchemy.engine.base.Engine 2020-04-22 20:51:20,986 _init_metadata 809 :
 Col ('id',)

sqlalchemy.engine.base.Engine 2020-04-22 20:51:20,986 process_rows 1249 :
 Row (13680,)

sqlalchemy.engine.base.Engine 2020-04-22 20:51:21,065 _execute_context 1205 :
 INSERT INTO files ([fileId], [lastModDate], parent_id, [isFile]) OUTPUT inserted.id VALUES (?, ?, ?, ?)

sqlalchemy.engine.base.Engine 2020-04-22 20:51:21,065 _execute_context 1207 :
 ('1Ez54_TKEcG-xUH_lCEW1711SozJ2_cSeBgiuGKjE8Pk:22-20.165960Siz9Ooq03A', None, 103, 1)

sqlalchemy.engine.base.Engine 2020-04-22 20:51:21,222 _init_metadata 809 :
 Col ('id',)

sqlalchemy.engine.base.Engine 2020-04-22 20:51:21,222 process_rows 1249 :
 Row (13681,)

sqlalchemy.engine.base.Engine 2020-04-22 20:51:21,304 _execute_context 1205 :
 INSERT INTO files ([fileId], [lastModDate], parent_id, [isFile]) OUTPUT inserted.id VALUES (?, ?, ?, ?)

sqlalchemy.engine.base.Engine 2020-04-22 20:51:21,304 _execute_context 1207 :
 ('15oiL5vtc6Pm7TbWGmBPul9ZHEaq5Cp25MmoK7Wj3wQA:22-20.165960Siz9Ooq03A', None, 103, 1)

sqlalchemy.engine.base.Engine 2020-04-22 20:51:21,462 _init_metadata 809 :
 Col ('id',)

sqlalchemy.engine.base.Engine 2020-04-22 20:51:21,462 process_rows 1249 :
 Row (13682,)

sqlalchemy.engine.base.Engine 2020-04-22 20:51:21,541 _execute_context 1205 :
 INSERT INTO files ([fileId], [lastModDate], parent_id, [isFile]) OUTPUT inserted.id VALUES (?, ?, ?, ?)

sqlalchemy.engine.base.Engine 2020-04-22 20:51:21,542 _execute_context 1207 :
 ('1TxO4rhqIX6VUqO2bLJNkukbTpEDNVYSHD0X9hOzi88o:22-20.165960Siz9Ooq03A', datetime.datetime(2019, 9, 28, 14, 35, 20, 987000), 103, 1)

sqlalchemy.engine.base.Engine 2020-04-22 20:51:21,621 _init_metadata 809 :
 Col ('id',)

sqlalchemy.engine.base.Engine 2020-04-22 20:51:21,621 process_rows 1249 :
 Row (13683,)

sqlalchemy.engine.base.Engine 2020-04-22 20:51:21,704 _execute_context 1205 :
 INSERT INTO files ([fileId], [lastModDate], parent_id, [isFile]) OUTPUT inserted.id VALUES (?, ?, ?, ?)

sqlalchemy.engine.base.Engine 2020-04-22 20:51:21,705 _execute_context 1207 :
 ('1ZSAyOh8IJqYeY30rg2YNgHU06UxOpmgVqlhKL6puaDs:22-20.165960Siz9Ooq03A', datetime.datetime(2020, 1, 11, 20, 44, 10, 586000, tzinfo=datetime.timezone.utc), 103, 1)

sqlalchemy.engine.base.Engine 2020-04-22 20:51:21,783 _init_metadata 809 :
 Col ('id',)

sqlalchemy.engine.base.Engine 2020-04-22 20:51:21,783 process_rows 1249 :
 Row (13684,)

sqlalchemy.engine.base.Engine 2020-04-22 20:51:21,860 _execute_context 1205 :
 INSERT INTO files ([fileId], [lastModDate], parent_id, [isFile]) OUTPUT inserted.id VALUES (?, ?, ?, ?)

sqlalchemy.engine.base.Engine 2020-04-22 20:51:21,861 _execute_context 1207 :
 ('1kJg8DrOx2wxRXUGvNKc0X_t2GyFMglwXImurNUjTni0:22-20.165960Siz9Ooq03A', datetime.datetime(2020, 1, 6, 19, 3, 36, 959000, tzinfo=datetime.timezone.utc), 103, 1)

sqlalchemy.engine.base.Engine 2020-04-22 20:51:21,939 _init_metadata 809 :
 Col ('id',)

sqlalchemy.engine.base.Engine 2020-04-22 20:51:21,939 process_rows 1249 :
 Row (13685,)

sqlalchemy.engine.base.Engine 2020-04-22 20:51:22,018 _execute_context 1205 :
 INSERT INTO files ([fileId], [lastModDate], parent_id, [isFile]) OUTPUT inserted.id VALUES (?, ?, ?, ?)

sqlalchemy.engine.base.Engine 2020-04-22 20:51:22,018 _execute_context 1207 :
 ('1bVHzlp_4wGefhP9sx5GvI7ZR_ArSbtX0LaFmfZTeB8Y:22-20.165960Siz9Ooq03A', datetime.datetime(2019, 12, 28, 16, 58, 34, 677000), 103, 1)

sqlalchemy.engine.base.Engine 2020-04-22 20:51:22,095 _init_metadata 809 :
 Col ('id',)

sqlalchemy.engine.base.Engine 2020-04-22 20:51:22,096 process_rows 1249 :
 Row (13686,)

sqlalchemy.engine.base.Engine 2020-04-22 20:51:22,175 _execute_context 1205 :
 INSERT INTO files ([fileId], [lastModDate], parent_id, [isFile]) OUTPUT inserted.id VALUES (?, ?, ?, ?)

sqlalchemy.engine.base.Engine 2020-04-22 20:51:22,175 _execute_context 1207 :
 ('1c2DcDim6LhJH_JL0iJ23K-KzykdaMUOyvAUnXaAhQEg:22-20.165960Siz9Ooq03A', None, 103, 1)

sqlalchemy.engine.base.Engine 2020-04-22 20:51:22,337 _init_metadata 809 :
 Col ('id',)

sqlalchemy.engine.base.Engine 2020-04-22 20:51:22,338 process_rows 1249 :
 Row (13687,)

sqlalchemy.engine.base.Engine 2020-04-22 20:51:22,416 _execute_context 1205 :
 INSERT INTO files ([fileId], [lastModDate], parent_id, [isFile]) OUTPUT inserted.id VALUES (?, ?, ?, ?)

sqlalchemy.engine.base.Engine 2020-04-22 20:51:22,416 _execute_context 1207 :
 ('1ZNO0oUicsL1By5_92_96mrDU5-FgMK0Dm5bGcYPvUrc:22-20.165960Siz9Ooq03A', datetime.datetime(2019, 12, 9, 14, 16, 45, 695000), 103, 1)

sqlalchemy.engine.base.Engine 2020-04-22 20:51:22,494 _init_metadata 809 :
 Col ('id',)

sqlalchemy.engine.base.Engine 2020-04-22 20:51:22,495 process_rows 1249 :
 Row (13688,)

sqlalchemy.engine.base.Engine 2020-04-22 20:51:22,580 _execute_context 1205 :
 INSERT INTO files ([fileId], [lastModDate], parent_id, [isFile]) OUTPUT inserted.id VALUES (?, ?, ?, ?)

sqlalchemy.engine.base.Engine 2020-04-22 20:51:22,580 _execute_context 1207 :
 ('1ZSCKTVjGJu6pUx7auNWEyfs83DLJtOeA3AbwuGuY8kI:22-20.165960Siz9Ooq03A', None, 103, 1)

sqlalchemy.engine.base.Engine 2020-04-22 20:51:22,741 _init_metadata 809 :
 Col ('id',)

sqlalchemy.engine.base.Engine 2020-04-22 20:51:22,742 process_rows 1249 :
 Row (13689,)

__main__ 2020-04-22 20:51:22,828 start 149 :
 bulked save done

__main__ 2020-04-22 20:51:22,832 start 174 :
 sess flush done

__main__ 2020-04-22 20:51:23,354 start 184 :
 starting thread for dates

__main__ 2020-04-22 20:51:23,357 commit 43 :
 iters: 72, len: 57935

__main__ 2020-04-22 20:51:23,357 commit 43 :
 iters: 72, len: 57935

__main__ 2020-04-22 20:51:23,358 commit 43 :
 iters: 72, len: 57935

__main__ 2020-04-22 20:51:23,359 commit 47 :
 flushing, len: 57934

__main__ 2020-04-22 20:51:23,360 commit 43 :
 iters: 72, len: 57934

__main__ 2020-04-22 20:51:23,360 commit 43 :
 iters: 72, len: 57934

__main__ 2020-04-22 20:51:23,362 commit 43 :
 iters: 72, len: 57934

__main__ 2020-04-22 20:51:23,363 commit 47 :
 flushing, len: 57933

__main__ 2020-04-22 20:51:23,364 commit 43 :
 iters: 72, len: 57933

__main__ 2020-04-22 20:51:23,364 commit 43 :
 iters: 72, len: 57933

__main__ 2020-04-22 20:51:23,365 commit 47 :
 flushing, len: 57932

__main__ 2020-04-22 20:51:23,365 commit 43 :
 iters: 72, len: 57932

sqlalchemy.engine.base.Engine 2020-04-22 20:51:23,390 _execute_context 1205 :
 INSERT INTO files ([fileId], [lastModDate], parent_id, [isFile]) OUTPUT inserted.id VALUES (?, ?, ?, ?)

sqlalchemy.engine.base.Engine 2020-04-22 20:51:23,391 _execute_context 1207 :
 ('1NO1CVAUsBSgghggdLH2X4YQ2XNaEkDmr7vK156pSCxk:22-20.165960Siz9Ooq03A', None, 103, 0)

__main__ 2020-04-22 20:51:23,366 commit 43 :
 iters: 72, len: 57932

__main__ 2020-04-22 20:51:23,367 commit 43 :
 iters: 72, len: 57932

__main__ 2020-04-22 20:51:23,368 commit 43 :
 iters: 72, len: 57932

__main__ 2020-04-22 20:51:23,369 commit 43 :
 iters: 72, len: 57932

__main__ 2020-04-22 20:51:23,369 commit 43 :
 iters: 72, len: 57932

__main__ 2020-04-22 20:51:23,370 commit 47 :
 flushing, len: 57931

__main__ 2020-04-22 20:51:23,370 commit 43 :
 iters: 72, len: 57931

__main__ 2020-04-22 20:51:23,371 commit 43 :
 iters: 72, len: 57931

__main__ 2020-04-22 20:51:23,372 commit 43 :
 iters: 72, len: 57931

__main__ 2020-04-22 20:51:23,372 commit 47 :
 flushing, len: 57930

__main__ 2020-04-22 20:51:23,373 commit 43 :
 iters: 72, len: 57930

__main__ 2020-04-22 20:51:23,373 commit 43 :
 iters: 72, len: 57930

__main__ 2020-04-22 20:51:23,374 commit 47 :
 flushing, len: 57929

__main__ 2020-04-22 20:51:23,374 commit 43 :
 iters: 72, len: 57929

__main__ 2020-04-22 20:51:23,375 commit 43 :
 iters: 72, len: 57929

__main__ 2020-04-22 20:51:23,376 commit 43 :
 iters: 72, len: 57929

__main__ 2020-04-22 20:51:23,377 commit 43 :
 iters: 72, len: 57929

__main__ 2020-04-22 20:51:23,377 commit 43 :
 iters: 72, len: 57929

__main__ 2020-04-22 20:51:23,378 commit 43 :
 iters: 72, len: 57929

__main__ 2020-04-22 20:51:23,379 commit 47 :
 flushing, len: 57928

__main__ 2020-04-22 20:51:23,379 commit 43 :
 iters: 72, len: 57928

__main__ 2020-04-22 20:51:23,380 commit 43 :
 iters: 72, len: 57928

__main__ 2020-04-22 20:51:23,380 commit 43 :
 iters: 72, len: 57928

__main__ 2020-04-22 20:51:23,381 commit 43 :
 iters: 72, len: 57928

__main__ 2020-04-22 20:51:23,381 commit 47 :
 flushing, len: 57927

__main__ 2020-04-22 20:51:23,382 commit 43 :
 iters: 72, len: 57927

__main__ 2020-04-22 20:51:23,391 commit 47 :
 flushing, len: 57926

__main__ 2020-04-22 20:51:23,392 commit 47 :
 flushing, len: 57925

__main__ 2020-04-22 20:51:23,393 commit 47 :
 flushing, len: 57924

__main__ 2020-04-22 20:51:23,395 commit 47 :
 flushing, len: 57923

__main__ 2020-04-22 20:51:23,397 commit 47 :
 flushing, len: 57922

__main__ 2020-04-22 20:51:23,398 commit 47 :
 flushing, len: 57921

__main__ 2020-04-22 20:51:23,403 commit 47 :
 flushing, len: 57920

__main__ 2020-04-22 20:51:23,404 commit 47 :
 flushing, len: 57919

__main__ 2020-04-22 20:51:23,405 commit 47 :
 flushing, len: 57918

__main__ 2020-04-22 20:51:23,407 commit 47 :
 flushing, len: 57917

__main__ 2020-04-22 20:51:23,408 commit 47 :
 flushing, len: 57916

__main__ 2020-04-22 20:51:23,411 commit 47 :
 flushing, len: 57915

__main__ 2020-04-22 20:51:23,413 commit 47 :
 flushing, len: 57914

__main__ 2020-04-22 20:51:23,414 commit 47 :
 flushing, len: 57913

__main__ 2020-04-22 20:51:23,416 commit 47 :
 flushing, len: 57912

__main__ 2020-04-22 20:51:23,418 commit 47 :
 flushing, len: 57911

__main__ 2020-04-22 20:51:23,419 commit 47 :
 flushing, len: 57910

__main__ 2020-04-22 20:51:23,422 commit 47 :
 flushing, len: 57909

__main__ 2020-04-22 20:51:23,423 commit 47 :
 flushing, len: 57908

__main__ 2020-04-22 20:51:23,424 commit 47 :
 flushing, len: 57907

__main__ 2020-04-22 20:51:23,426 commit 47 :
 flushing, len: 57906

__main__ 2020-04-22 20:51:23,429 commit 47 :
 flushing, len: 57905

sqlalchemy.engine.base.Engine 2020-04-22 20:51:23,556 _init_metadata 809 :
 Col ('id',)

sqlalchemy.engine.base.Engine 2020-04-22 20:51:23,556 process_rows 1249 :
 Row (13690,)

sqlalchemy.engine.base.Engine 2020-04-22 20:51:23,639 _execute_context 1205 :
 INSERT INTO files ([fileId], [lastModDate], parent_id, [isFile]) OUTPUT inserted.id VALUES (?, ?, ?, ?)

sqlalchemy.engine.base.Engine 2020-04-22 20:51:23,639 _execute_context 1207 :
 ('0B4Fujvv5MfqbbW5wLWJIU2JhSTA:22-20.165960Siz9Ooq03A', None, 103, 0)

sqlalchemy.engine.base.Engine 2020-04-22 20:51:23,817 _init_metadata 809 :
 Col ('id',)

sqlalchemy.engine.base.Engine 2020-04-22 20:51:23,817 process_rows 1249 :
 Row (13691,)

sqlalchemy.engine.base.Engine 2020-04-22 20:51:23,901 _execute_context 1205 :
 INSERT INTO files ([fileId], [lastModDate], parent_id, [isFile]) OUTPUT inserted.id VALUES (?, ?, ?, ?)

sqlalchemy.engine.base.Engine 2020-04-22 20:51:23,901 _execute_context 1207 :
 ('1WrjmluBbaNBS8u_WZmREl02_oMy2zv6Kcdte82zR5yk:22-20.165960Siz9Ooq03A', None, 103, 0)

sqlalchemy.engine.base.Engine 2020-04-22 20:51:24,063 _init_metadata 809 :
 Col ('id',)

sqlalchemy.engine.base.Engine 2020-04-22 20:51:24,063 process_rows 1249 :
 Row (13692,)

sqlalchemy.engine.base.Engine 2020-04-22 20:51:24,076 _begin_impl 711 :
 BEGIN (implicit)

sqlalchemy.engine.base.Engine 2020-04-22 20:51:24,080 _execute_context 1205 :
 INSERT INTO dates ([fileId], moddate) OUTPUT inserted.id VALUES (?, ?)

sqlalchemy.engine.base.Engine 2020-04-22 20:51:24,080 _execute_context 1207 :
 (13627, datetime.datetime(2020, 3, 28, 12, 21, 7, 456000))

sqlalchemy.engine.base.Engine 2020-04-22 20:51:24,104 _begin_impl 711 :
 BEGIN (implicit)

sqlalchemy.engine.base.Engine 2020-04-22 20:51:24,104 _execute_context 1205 :
 INSERT INTO dates ([fileId], moddate) OUTPUT inserted.id VALUES (?, ?)

sqlalchemy.engine.base.Engine 2020-04-22 20:51:24,104 _execute_context 1207 :
 (13627, datetime.datetime(2020, 4, 16, 21, 4, 52, 691000))

sqlalchemy.engine.base.Engine 2020-04-22 20:51:24,116 _begin_impl 711 :
 BEGIN (implicit)

sqlalchemy.engine.base.Engine 2020-04-22 20:51:24,116 _execute_context 1205 :
 INSERT INTO dates ([fileId], moddate) OUTPUT inserted.id VALUES (?, ?)

sqlalchemy.engine.base.Engine 2020-04-22 20:51:24,117 _execute_context 1207 :
 (13630, datetime.datetime(2020, 2, 3, 22, 42, 14, 870000))

sqlalchemy.engine.base.Engine 2020-04-22 20:51:24,149 _execute_context 1205 :
 INSERT INTO files ([fileId], [lastModDate], parent_id, [isFile]) OUTPUT inserted.id VALUES (?, ?, ?, ?)

sqlalchemy.engine.base.Engine 2020-04-22 20:51:24,149 _execute_context 1207 :
 ('1A7VHFEYQVj0bigcnBi3pn4NngcNXxH35Croy3zrdvLY:22-20.165960Siz9Ooq03A', None, 103, 0)

sqlalchemy.engine.base.Engine 2020-04-22 20:51:24,191 _begin_impl 711 :
 BEGIN (implicit)

sqlalchemy.engine.base.Engine 2020-04-22 20:51:24,192 _execute_context 1205 :
 INSERT INTO dates ([fileId], moddate) OUTPUT inserted.id VALUES (?, ?)

sqlalchemy.engine.base.Engine 2020-04-22 20:51:24,192 _execute_context 1207 :
 (13630, datetime.datetime(2020, 2, 3, 22, 42, 19, 575000))

sqlalchemy.engine.base.Engine 2020-04-22 20:51:24,235 _begin_impl 711 :
 BEGIN (implicit)

sqlalchemy.engine.base.Engine 2020-04-22 20:51:24,236 _execute_context 1205 :
 INSERT INTO dates ([fileId], moddate) OUTPUT inserted.id VALUES (?, ?)

sqlalchemy.engine.base.Engine 2020-04-22 20:51:24,236 _execute_context 1207 :
 (13627, datetime.datetime(2020, 3, 28, 12, 21, 6, 659000))

sqlalchemy.engine.base.Engine 2020-04-22 20:51:24,274 _begin_impl 711 :
 BEGIN (implicit)

sqlalchemy.engine.base.Engine 2020-04-22 20:51:24,274 _execute_context 1205 :
 INSERT INTO dates ([fileId], moddate) OUTPUT inserted.id VALUES (?, ?)

sqlalchemy.engine.base.Engine 2020-04-22 20:51:24,275 _execute_context 1207 :
 (13627, datetime.datetime(2020, 4, 16, 21, 4, 53, 939000))

sqlalchemy.engine.base.Engine 2020-04-22 20:51:24,310 _init_metadata 809 :
 Col ('id',)

sqlalchemy.engine.base.Engine 2020-04-22 20:51:24,310 process_rows 1249 :
 Row (13693,)

sqlalchemy.engine.base.Engine 2020-04-22 20:51:24,367 _begin_impl 711 :
 BEGIN (implicit)

sqlalchemy.engine.base.Engine 2020-04-22 20:51:24,368 _execute_context 1205 :
 INSERT INTO dates ([fileId], moddate) OUTPUT inserted.id VALUES (?, ?)

sqlalchemy.engine.base.Engine 2020-04-22 20:51:24,368 _execute_context 1207 :
 (13627, datetime.datetime(2020, 3, 28, 12, 21, 3, 616000))

sqlalchemy.engine.base.Engine 2020-04-22 20:51:24,377 _begin_impl 711 :
 BEGIN (implicit)

sqlalchemy.engine.base.Engine 2020-04-22 20:51:24,377 _execute_context 1205 :
 INSERT INTO dates ([fileId], moddate) OUTPUT inserted.id VALUES (?, ?)

sqlalchemy.engine.base.Engine 2020-04-22 20:51:24,377 _execute_context 1207 :
 (13627, datetime.datetime(2020, 3, 28, 12, 21, 6, 174000))

sqlalchemy.engine.base.Engine 2020-04-22 20:51:24,389 _execute_context 1205 :
 INSERT INTO files ([fileId], [lastModDate], parent_id, [isFile]) OUTPUT inserted.id VALUES (?, ?, ?, ?)

sqlalchemy.engine.base.Engine 2020-04-22 20:51:24,389 _execute_context 1207 :
 ('0B4Fujvv5Mfqbfmp4aHYzaHBQeHdua3JtUi1ORVFmd3VJbGt4Ylptc0ZXYzNqR0xvWlRRTEk:22-20.165960Siz9Ooq03A', None, 103, 0)

sqlalchemy.engine.base.Engine 2020-04-22 20:51:24,403 _begin_impl 711 :
 BEGIN (implicit)

sqlalchemy.engine.base.Engine 2020-04-22 20:51:24,404 _execute_context 1205 :
 INSERT INTO dates ([fileId], moddate) OUTPUT inserted.id VALUES (?, ?)

sqlalchemy.engine.base.Engine 2020-04-22 20:51:24,404 _execute_context 1207 :
 (13628, datetime.datetime(2018, 1, 26, 6, 14, 45, 718000, tzinfo=datetime.timezone.utc))

sqlalchemy.engine.base.Engine 2020-04-22 20:51:24,442 _begin_impl 711 :
 BEGIN (implicit)

sqlalchemy.engine.base.Engine 2020-04-22 20:51:24,442 _execute_context 1205 :
 INSERT INTO dates ([fileId], moddate) OUTPUT inserted.id VALUES (?, ?)

sqlalchemy.engine.base.Engine 2020-04-22 20:51:24,442 _execute_context 1207 :
 (13627, datetime.datetime(2020, 4, 16, 21, 4, 51, 305000))

sqlalchemy.engine.base.Engine 2020-04-22 20:51:24,486 _begin_impl 711 :
 BEGIN (implicit)

sqlalchemy.engine.base.Engine 2020-04-22 20:51:24,486 _execute_context 1205 :
 INSERT INTO dates ([fileId], moddate) OUTPUT inserted.id VALUES (?, ?)

sqlalchemy.engine.base.Engine 2020-04-22 20:51:24,486 _execute_context 1207 :
 (13630, datetime.datetime(2020, 2, 3, 22, 42, 21, 863000))

sqlalchemy.engine.base.Engine 2020-04-22 20:51:24,511 _begin_impl 711 :
 BEGIN (implicit)

sqlalchemy.engine.base.Engine 2020-04-22 20:51:24,512 _execute_context 1205 :
 INSERT INTO dates ([fileId], moddate) OUTPUT inserted.id VALUES (?, ?)

sqlalchemy.engine.base.Engine 2020-04-22 20:51:24,512 _execute_context 1207 :
 (13628, datetime.datetime(2020, 4, 17, 3, 10, 48, 919000, tzinfo=datetime.timezone.utc))

sqlalchemy.engine.base.Engine 2020-04-22 20:51:24,537 _begin_impl 711 :
 BEGIN (implicit)

sqlalchemy.engine.base.Engine 2020-04-22 20:51:24,538 _execute_context 1205 :
 INSERT INTO dates ([fileId], moddate) OUTPUT inserted.id VALUES (?, ?)

sqlalchemy.engine.base.Engine 2020-04-22 20:51:24,538 _execute_context 1207 :
 (13630, datetime.datetime(2020, 2, 3, 22, 42, 20, 839000))

sqlalchemy.engine.base.Engine 2020-04-22 20:51:24,538 _begin_impl 711 :
 BEGIN (implicit)

sqlalchemy.engine.base.Engine 2020-04-22 20:51:24,538 _execute_context 1205 :
 INSERT INTO dates ([fileId], moddate) OUTPUT inserted.id VALUES (?, ?)

sqlalchemy.engine.base.Engine 2020-04-22 20:51:24,539 _execute_context 1207 :
 (13630, datetime.datetime(2020, 2, 3, 22, 42, 18, 106000))

sqlalchemy.engine.base.Engine 2020-04-22 20:51:24,552 _init_metadata 809 :
 Col ('id',)

sqlalchemy.engine.base.Engine 2020-04-22 20:51:24,552 process_rows 1249 :
 Row (13694,)

sqlalchemy.engine.base.Engine 2020-04-22 20:51:24,579 _begin_impl 711 :
 BEGIN (implicit)

sqlalchemy.engine.base.Engine 2020-04-22 20:51:24,579 _execute_context 1205 :
 INSERT INTO dates ([fileId], moddate) OUTPUT inserted.id VALUES (?, ?)

sqlalchemy.engine.base.Engine 2020-04-22 20:51:24,579 _execute_context 1207 :
 (13627, datetime.datetime(2020, 4, 16, 21, 4, 55, 22000))

sqlalchemy.engine.base.Engine 2020-04-22 20:51:24,589 _begin_impl 711 :
 BEGIN (implicit)

sqlalchemy.engine.base.Engine 2020-04-22 20:51:24,589 _execute_context 1205 :
 INSERT INTO dates ([fileId], moddate) OUTPUT inserted.id VALUES (?, ?)

sqlalchemy.engine.base.Engine 2020-04-22 20:51:24,589 _execute_context 1207 :
 (13628, datetime.datetime(2018, 1, 26, 6, 14, 45, 287000, tzinfo=datetime.timezone.utc))

sqlalchemy.engine.base.Engine 2020-04-22 20:51:24,596 _begin_impl 711 :
 BEGIN (implicit)

sqlalchemy.engine.base.Engine 2020-04-22 20:51:24,596 _execute_context 1205 :
 INSERT INTO dates ([fileId], moddate) OUTPUT inserted.id VALUES (?, ?)

sqlalchemy.engine.base.Engine 2020-04-22 20:51:24,597 _execute_context 1207 :
 (13627, datetime.datetime(2020, 3, 28, 12, 21, 4, 473000))

sqlalchemy.engine.base.Engine 2020-04-22 20:51:24,630 _execute_context 1205 :
 INSERT INTO files ([fileId], [lastModDate], parent_id, [isFile]) OUTPUT inserted.id VALUES (?, ?, ?, ?)

sqlalchemy.engine.base.Engine 2020-04-22 20:51:24,630 _execute_context 1207 :
 ('0B4Fujvv5MfqbYjdEcG5iY2tyUTA:22-20.165960Siz9Ooq03A', None, 103, 0)

sqlalchemy.engine.base.Engine 2020-04-22 20:51:24,651 _begin_impl 711 :
 BEGIN (implicit)

sqlalchemy.engine.base.Engine 2020-04-22 20:51:24,651 _execute_context 1205 :
 INSERT INTO dates ([fileId], moddate) OUTPUT inserted.id VALUES (?, ?)

sqlalchemy.engine.base.Engine 2020-04-22 20:51:24,651 _execute_context 1207 :
 (13630, datetime.datetime(2020, 2, 3, 22, 42, 23, 110000))

sqlalchemy.engine.base.Engine 2020-04-22 20:51:24,695 _begin_impl 711 :
 BEGIN (implicit)

sqlalchemy.engine.base.Engine 2020-04-22 20:51:24,695 _execute_context 1205 :
 INSERT INTO dates ([fileId], moddate) OUTPUT inserted.id VALUES (?, ?)

sqlalchemy.engine.base.Engine 2020-04-22 20:51:24,695 _execute_context 1207 :
 (13630, datetime.datetime(2020, 2, 3, 22, 42, 19, 133000))

sqlalchemy.engine.base.Engine 2020-04-22 20:51:24,762 _begin_impl 711 :
 BEGIN (implicit)

sqlalchemy.engine.base.Engine 2020-04-22 20:51:24,763 _execute_context 1205 :
 INSERT INTO dates ([fileId], moddate) OUTPUT inserted.id VALUES (?, ?)

sqlalchemy.engine.base.Engine 2020-04-22 20:51:24,763 _execute_context 1207 :
 (13629, datetime.datetime(2018, 9, 14, 23, 3, 28, 945000, tzinfo=datetime.timezone.utc))

sqlalchemy.engine.base.Engine 2020-04-22 20:51:24,789 _init_metadata 809 :
 Col ('id',)

sqlalchemy.engine.base.Engine 2020-04-22 20:51:24,789 process_rows 1249 :
 Row (13695,)

sqlalchemy.engine.base.Engine 2020-04-22 20:51:24,790 _begin_impl 711 :
 BEGIN (implicit)

sqlalchemy.engine.base.Engine 2020-04-22 20:51:24,791 _execute_context 1205 :
 INSERT INTO dates ([fileId], moddate) OUTPUT inserted.id VALUES (?, ?)

sqlalchemy.engine.base.Engine 2020-04-22 20:51:24,791 _execute_context 1207 :
 (13629, datetime.datetime(2020, 4, 17, 3, 10, 48, 927000, tzinfo=datetime.timezone.utc))

sqlalchemy.engine.base.Engine 2020-04-22 20:51:24,871 _execute_context 1205 :
 INSERT INTO files ([fileId], [lastModDate], parent_id, [isFile]) OUTPUT inserted.id VALUES (?, ?, ?, ?)

sqlalchemy.engine.base.Engine 2020-04-22 20:51:24,871 _execute_context 1207 :
 ('root:22-20.165960Siz9Ooq03A', None, 103, 0)

sqlalchemy.engine.base.Engine 2020-04-22 20:51:24,875 _begin_impl 711 :
 BEGIN (implicit)

sqlalchemy.engine.base.Engine 2020-04-22 20:51:24,876 _execute_context 1205 :
 INSERT INTO dates ([fileId], moddate) OUTPUT inserted.id VALUES (?, ?)

sqlalchemy.engine.base.Engine 2020-04-22 20:51:24,876 _execute_context 1207 :
 (13627, datetime.datetime(2020, 4, 16, 21, 4, 56, 746000))

sqlalchemy.engine.base.Engine 2020-04-22 20:51:24,889 _begin_impl 711 :
 BEGIN (implicit)

sqlalchemy.engine.base.Engine 2020-04-22 20:51:24,890 _execute_context 1205 :
 INSERT INTO dates ([fileId], moddate) OUTPUT inserted.id VALUES (?, ?)

sqlalchemy.engine.base.Engine 2020-04-22 20:51:24,890 _execute_context 1207 :
 (13630, datetime.datetime(2020, 2, 3, 22, 42, 12, 545000))

sqlalchemy.engine.base.Engine 2020-04-22 20:51:24,916 _begin_impl 711 :
 BEGIN (implicit)

sqlalchemy.engine.base.Engine 2020-04-22 20:51:24,916 _execute_context 1205 :
 INSERT INTO dates ([fileId], moddate) OUTPUT inserted.id VALUES (?, ?)

sqlalchemy.engine.base.Engine 2020-04-22 20:51:24,916 _execute_context 1207 :
 (13627, datetime.datetime(2020, 4, 16, 21, 4, 55, 811000))

sqlalchemy.engine.base.Engine 2020-04-22 20:51:24,946 _begin_impl 711 :
 BEGIN (implicit)

sqlalchemy.engine.base.Engine 2020-04-22 20:51:24,947 _execute_context 1205 :
 INSERT INTO dates ([fileId], moddate) OUTPUT inserted.id VALUES (?, ?)

sqlalchemy.engine.base.Engine 2020-04-22 20:51:24,947 _execute_context 1207 :
 (13627, datetime.datetime(2020, 3, 28, 12, 21, 5, 187000))

sqlalchemy.engine.base.Engine 2020-04-22 20:51:25,024 _begin_impl 711 :
 BEGIN (implicit)

sqlalchemy.engine.base.Engine 2020-04-22 20:51:25,024 _execute_context 1205 :
 INSERT INTO dates ([fileId], moddate) OUTPUT inserted.id VALUES (?, ?)

sqlalchemy.engine.base.Engine 2020-04-22 20:51:25,024 _execute_context 1207 :
 (13630, datetime.datetime(2020, 2, 3, 22, 42, 18, 303000))

sqlalchemy.engine.base.Engine 2020-04-22 20:51:25,028 _begin_impl 711 :
 BEGIN (implicit)

sqlalchemy.engine.base.Engine 2020-04-22 20:51:25,028 _execute_context 1205 :
 INSERT INTO dates ([fileId], moddate) OUTPUT inserted.id VALUES (?, ?)

sqlalchemy.engine.base.Engine 2020-04-22 20:51:25,028 _execute_context 1207 :
 (13627, datetime.datetime(2020, 3, 28, 12, 21, 5, 625000))

sqlalchemy.engine.base.Engine 2020-04-22 20:51:25,037 _init_metadata 809 :
 Col ('id',)

sqlalchemy.engine.base.Engine 2020-04-22 20:51:25,037 process_rows 1249 :
 Row (13696,)

sqlalchemy.engine.base.Engine 2020-04-22 20:51:25,145 _begin_impl 711 :
 BEGIN (implicit)

sqlalchemy.engine.base.Engine 2020-04-22 20:51:25,146 _execute_context 1205 :
 INSERT INTO dates ([fileId], moddate) OUTPUT inserted.id VALUES (?, ?)

sqlalchemy.engine.base.Engine 2020-04-22 20:51:25,146 _execute_context 1207 :
 (13629, datetime.datetime(2018, 9, 14, 23, 3, 28, 701000, tzinfo=datetime.timezone.utc))

sqlalchemy.engine.base.Engine 2020-04-22 20:51:25,171 _begin_impl 711 :
 BEGIN (implicit)

sqlalchemy.engine.base.Engine 2020-04-22 20:51:25,172 _execute_context 1205 :
 INSERT INTO dates ([fileId], moddate) OUTPUT inserted.id VALUES (?, ?)

sqlalchemy.engine.base.Engine 2020-04-22 20:51:25,172 _execute_context 1207 :
 (13630, datetime.datetime(2020, 2, 3, 22, 42, 13, 598000))

sqlalchemy.engine.base.Engine 2020-04-22 20:51:25,182 _execute_context 1205 :
 INSERT INTO files ([fileId], [lastModDate], parent_id, [isFile]) OUTPUT inserted.id VALUES (?, ?, ?, ?)

sqlalchemy.engine.base.Engine 2020-04-22 20:51:25,182 _execute_context 1207 :
 ('0B4Fujvv5MfqbVElBU01fZUxHcUk22-20.165960Siz9Ooq03A', None, 103, 0)

sqlalchemy.engine.base.Engine 2020-04-22 20:51:25,343 _init_metadata 809 :
 Col ('id',)

sqlalchemy.engine.base.Engine 2020-04-22 20:51:25,343 process_rows 1249 :
 Row (13697,)

sqlalchemy.engine.base.Engine 2020-04-22 20:51:25,421 _execute_context 1205 :
 INSERT INTO files ([fileId], [lastModDate], parent_id, [isFile]) OUTPUT inserted.id VALUES (?, ?, ?, ?)

sqlalchemy.engine.base.Engine 2020-04-22 20:51:25,421 _execute_context 1207 :
 ('1TYIOfz_uzybWgEeexs8iE64jcjt-AmUegOP6KORNaWQ22-20.165960Siz9Ooq03A', None, 103, 0)

sqlalchemy.engine.base.Engine 2020-04-22 20:51:25,542 _begin_impl 711 :
 BEGIN (implicit)

sqlalchemy.engine.base.Engine 2020-04-22 20:51:25,543 _execute_context 1205 :
 INSERT INTO dates ([fileId], moddate) OUTPUT inserted.id VALUES (?, ?)

sqlalchemy.engine.base.Engine 2020-04-22 20:51:25,543 _execute_context 1207 :
 (13630, datetime.datetime(2020, 2, 3, 22, 42, 22, 673000))

sqlalchemy.engine.base.Engine 2020-04-22 20:51:25,579 _init_metadata 809 :
 Col ('id',)

sqlalchemy.engine.base.Engine 2020-04-22 20:51:25,580 process_rows 1249 :
 Row (13698,)

sqlalchemy.engine.base.Engine 2020-04-22 20:51:25,659 _execute_context 1205 :
 INSERT INTO files ([fileId], [lastModDate], parent_id, [isFile]) OUTPUT inserted.id VALUES (?, ?, ?, ?)

sqlalchemy.engine.base.Engine 2020-04-22 20:51:25,659 _execute_context 1207 :
 ('19Fu317bfo0V7yOIkfLvKtAU-UJYLf8d2Soy-jTvq1uc22-20.165960Siz9Ooq03A', None, 103, 0)

sqlalchemy.engine.base.Engine 2020-04-22 20:51:25,841 _rollback_impl 731 :
 ROLLBACK

root 2020-04-22 20:51:26,019 handle_exception 74 :
 Custom Uncaught exception
Traceback (most recent call last):
  File "/home/henry/.virtualenvs/pydocs/lib/python3.8/site-packages/sqlalchemy/engine/base.py", line 1247, in _execute_context
    self.dialect.do_execute(
  File "/home/henry/.virtualenvs/pydocs/lib/python3.8/site-packages/sqlalchemy/engine/default.py", line 590, in do_execute
    cursor.execute(statement, parameters)
pyodbc.Error: ('HY000', "[HY000] [Microsoft][ODBC Driver 17 for SQL Server][SQL Server]Resource ID : 1. The request limit for the database is 30 and has been reached. See 'http://go.microsoft.com/fwlink/?LinkId=267637' for assistance. (10928) (SQLExecDirectW)")

The above exception was the direct cause of the following exception:

Traceback (most recent call last):
  File "/home/henry/.virtualenvs/pydocs/lib/python3.8/site-packages/sqlalchemy/orm/session.py", line 2597, in _flush
    flush_context.execute()
  File "/home/henry/.virtualenvs/pydocs/lib/python3.8/site-packages/sqlalchemy/orm/unitofwork.py", line 422, in execute
    rec.execute(self)
  File "/home/henry/.virtualenvs/pydocs/lib/python3.8/site-packages/sqlalchemy/orm/unitofwork.py", line 586, in execute
    persistence.save_obj(
  File "/home/henry/.virtualenvs/pydocs/lib/python3.8/site-packages/sqlalchemy/orm/persistence.py", line 239, in save_obj
    _emit_insert_statements(
  File "/home/henry/.virtualenvs/pydocs/lib/python3.8/site-packages/sqlalchemy/orm/persistence.py", line 1135, in _emit_insert_statements
    result = cached_connections[connection].execute(
  File "/home/henry/.virtualenvs/pydocs/lib/python3.8/site-packages/sqlalchemy/engine/base.py", line 984, in execute
    return meth(self, multiparams, params)
  File "/home/henry/.virtualenvs/pydocs/lib/python3.8/site-packages/sqlalchemy/sql/elements.py", line 293, in _execute_on_connection
    return connection._execute_clauseelement(self, multiparams, params)
  File "/home/henry/.virtualenvs/pydocs/lib/python3.8/site-packages/sqlalchemy/engine/base.py", line 1097, in _execute_clauseelement
    ret = self._execute_context(
  File "/home/henry/.virtualenvs/pydocs/lib/python3.8/site-packages/sqlalchemy/engine/base.py", line 1287, in _execute_context
    self._handle_dbapi_exception(
  File "/home/henry/.virtualenvs/pydocs/lib/python3.8/site-packages/sqlalchemy/engine/base.py", line 1481, in _handle_dbapi_exception
    util.raise_(
  File "/home/henry/.virtualenvs/pydocs/lib/python3.8/site-packages/sqlalchemy/util/compat.py", line 178, in raise_
    raise exception
  File "/home/henry/.virtualenvs/pydocs/lib/python3.8/site-packages/sqlalchemy/engine/base.py", line 1247, in _execute_context
    self.dialect.do_execute(
  File "/home/henry/.virtualenvs/pydocs/lib/python3.8/site-packages/sqlalchemy/engine/default.py", line 590, in do_execute
    cursor.execute(statement, parameters)
sqlalchemy.exc.DBAPIError: (pyodbc.Error) ('HY000', "[HY000] [Microsoft][ODBC Driver 17 for SQL Server][SQL Server]Resource ID : 1. The request limit for the database is 30 and has been reached. See 'http://go.microsoft.com/fwlink/?LinkId=267637' for assistance. (10928) (SQLExecDirectW)")
[SQL: INSERT INTO files ([fileId], [lastModDate], parent_id, [isFile]) OUTPUT inserted.id VALUES (?, ?, ?, ?)]
[parameters: ('19Fu317bfo0V7yOIkfLvKtAU-UJYLf8d2Soy-jTvq1uc22-20.165960Siz9Ooq03A', None, 103, 0)]
(Background on this error at: http://sqlalche.me/e/dbapi)

During handling of the above exception, another exception occurred:

Traceback (most recent call last):
  File "/home/henry/.virtualenvs/pydocs/lib/python3.8/site-packages/sqlalchemy/engine/base.py", line 733, in _rollback_impl
    self.engine.dialect.do_rollback(self.connection)
  File "/home/henry/.virtualenvs/pydocs/lib/python3.8/site-packages/sqlalchemy/engine/default.py", line 540, in do_rollback
    dbapi_connection.rollback()
pyodbc.Error: ('HY000', "[HY000] [Microsoft][ODBC Driver 17 for SQL Server][SQL Server]Resource ID : 1. The request limit for the database is 30 and has been reached. See 'http://go.microsoft.com/fwlink/?LinkId=267637' for assistance. (10928) (SQLEndTran)")

The above exception was the direct cause of the following exception:

Traceback (most recent call last):
  File "/usr/lib/python3.8/runpy.py", line 193, in _run_module_as_main
    return _run_code(code, main_globals, None,
  File "/usr/lib/python3.8/runpy.py", line 86, in _run_code
    exec(code, run_globals)
  File "/home/henry/pydocs/processing/sql.py", line 279, in <module>
    start("testing" + datetime.now().__str__(), wpath)
  File "/home/henry/pydocs/processing/sql.py", line 227, in start
    sess.flush()
  File "/home/henry/.virtualenvs/pydocs/lib/python3.8/site-packages/sqlalchemy/orm/session.py", line 2496, in flush
    self._flush(objects)
  File "/home/henry/.virtualenvs/pydocs/lib/python3.8/site-packages/sqlalchemy/orm/session.py", line 2637, in _flush
    transaction.rollback(_capture_exception=True)
  File "/home/henry/.virtualenvs/pydocs/lib/python3.8/site-packages/sqlalchemy/util/langhelpers.py", line 81, in __exit__
    compat.raise_(value, with_traceback=traceback)
  File "/home/henry/.virtualenvs/pydocs/lib/python3.8/site-packages/sqlalchemy/util/compat.py", line 178, in raise_
    raise exception
  File "/home/henry/.virtualenvs/pydocs/lib/python3.8/site-packages/sqlalchemy/orm/session.py", line 2637, in _flush
    transaction.rollback(_capture_exception=True)
  File "/home/henry/.virtualenvs/pydocs/lib/python3.8/site-packages/sqlalchemy/orm/session.py", line 573, in rollback
    util.raise_(rollback_err[1], with_traceback=rollback_err[2])
  File "/home/henry/.virtualenvs/pydocs/lib/python3.8/site-packages/sqlalchemy/util/compat.py", line 178, in raise_
    raise exception
  File "/home/henry/.virtualenvs/pydocs/lib/python3.8/site-packages/sqlalchemy/orm/session.py", line 533, in rollback
    t[1].rollback()
  File "/home/henry/.virtualenvs/pydocs/lib/python3.8/site-packages/sqlalchemy/engine/base.py", line 1725, in rollback
    self._do_rollback()
  File "/home/henry/.virtualenvs/pydocs/lib/python3.8/site-packages/sqlalchemy/engine/base.py", line 1763, in _do_rollback
    self.connection._rollback_impl()
  File "/home/henry/.virtualenvs/pydocs/lib/python3.8/site-packages/sqlalchemy/engine/base.py", line 735, in _rollback_impl
    self._handle_dbapi_exception(e, None, None, None, None)
  File "/home/henry/.virtualenvs/pydocs/lib/python3.8/site-packages/sqlalchemy/engine/base.py", line 1481, in _handle_dbapi_exception
    util.raise_(
  File "/home/henry/.virtualenvs/pydocs/lib/python3.8/site-packages/sqlalchemy/util/compat.py", line 178, in raise_
    raise exception
  File "/home/henry/.virtualenvs/pydocs/lib/python3.8/site-packages/sqlalchemy/engine/base.py", line 733, in _rollback_impl
    self.engine.dialect.do_rollback(self.connection)
  File "/home/henry/.virtualenvs/pydocs/lib/python3.8/site-packages/sqlalchemy/engine/default.py", line 540, in do_rollback
    dbapi_connection.rollback()
sqlalchemy.exc.DBAPIError: (pyodbc.Error) ('HY000', "[HY000] [Microsoft][ODBC Driver 17 for SQL Server][SQL Server]Resource ID : 1. The request limit for the database is 30 and has been reached. See 'http://go.microsoft.com/fwlink/?LinkId=267637' for assistance. (10928) (SQLEndTran)")
(Background on this error at: http://sqlalche.me/e/dbapi)
root 2020-04-22 20:51:28,297 handle_exception 78 :
 exiting! from sshook

root 2020-04-22 20:51:28,299 handle_exception 80 :
 sending to default hook

