__main__ 2020-04-22 22:34:54,788 start 16 :
 start

processing.get_files 2020-04-22 22:34:54,790 loadFiles 292 :
 Start loadFiles, 527e4afc-4598-400f-8536-afa5324f0ba4 root

google.auth.transport.requests 2020-04-22 22:34:54,793 __call__ 117 :
 Making request: POST https://oauth2.googleapis.com/token

urllib3.connectionpool 2020-04-22 22:34:54,803 _new_conn 817 :
 Starting new HTTPS connection (1): oauth2.googleapis.com

urllib3.connectionpool 2020-04-22 22:34:54,943 _make_request 393 :
 https://oauth2.googleapis.com:443 "POST /token HTTP/1.1" 200 None

asyncio 2020-04-22 22:34:54,946 __init__ 59 :
 Using selector: EpollSelector

processing.datutils.test_utils 2020-04-22 22:34:55,827 print_size 107 :
 

Memory usage: 114320 (kb)

processing.datutils.test_utils 2020-04-22 22:34:56,092 print_size 110 :
 /usr/lib/python3.8/tracemalloc.py:532: size=82.0 KiB (+81.9 KiB), count=1485 (+1484), average=57 B

processing.datutils.test_utils 2020-04-22 22:34:56,094 print_size 110 :
 /usr/lib/python3.8/inspect.py:744: size=0 B (-36.8 KiB), count=0 (-673)

processing.datutils.test_utils 2020-04-22 22:34:56,096 print_size 110 :
 /usr/lib/python3.8/sre_parse.py:220: size=0 B (-13.1 KiB), count=0 (-240)

processing.datutils.test_utils 2020-04-22 22:34:56,098 print_size 110 :
 /usr/lib/python3.8/sre_parse.py:529: size=0 B (-12.7 KiB), count=0 (-233)

processing.datutils.test_utils 2020-04-22 22:34:56,100 print_size 110 :
 /usr/lib/python3.8/sre_parse.py:599: size=0 B (-3472 B), count=0 (-62)

processing.datutils.test_utils 2020-04-22 22:34:56,102 print_size 110 :
 /usr/lib/python3.8/sre_parse.py:680: size=0 B (-3192 B), count=0 (-57)

processing.datutils.test_utils 2020-04-22 22:34:56,104 print_size 110 :
 /usr/lib/python3.8/sre_parse.py:618: size=0 B (-2800 B), count=0 (-50)

processing.datutils.test_utils 2020-04-22 22:34:56,106 print_size 110 :
 /usr/lib/python3.8/sre_parse.py:490: size=0 B (-2128 B), count=0 (-38)

processing.datutils.test_utils 2020-04-22 22:34:56,107 print_size 110 :
 /usr/lib/python3.8/sre_parse.py:840: size=0 B (-1968 B), count=0 (-32)

processing.datutils.test_utils 2020-04-22 22:34:56,109 print_size 110 :
 /usr/lib/python3.8/sre_parse.py:567: size=0 B (-1848 B), count=0 (-33)

processing.datutils.test_utils 2020-04-22 22:34:56,158 print_size 118 :
 /home/henry/pydocs/data/527e4afc-4598-400f-8536-afa5324f0ba4/
0/0 at 2020-04-22 22:34:56.158686
dumped: 0

processing.datutils.test_utils 2020-04-22 22:34:56,160 print_size 121 :
 BEGIN2020-04-22 22:34:54.721569


asyncio 2020-04-22 22:34:56,164 _run_once 1854 :
 Executing <Task pending name='Task-23' coro=<TestUtil.print_size() running at /home/henry/pydocs/processing/datutils/test_utils.py:141> wait_for=<Future pending cb=[<TaskWakeupMethWrapper object at 0x7f24c05dc370>()] created at /usr/lib/python3.8/asyncio/base_events.py:422> created at /home/henry/pydocs/processing/get_files.py:251> took 0.347 seconds

processing.get_files 2020-04-22 22:34:56,165 getRevision 197 :
 getRevision looping

processing.datutils.test_utils 2020-04-22 22:34:56,166 tryGetQueue 195 :
 getRevisionwaiting 1 2

processing.get_files 2020-04-22 22:34:56,168 getIdsRecursive 86 :
 getIdsRecursive looping

processing.get_files 2020-04-22 22:34:56,169 getIdsRecursive 86 :
 getIdsRecursive looping

processing.get_files 2020-04-22 22:34:56,171 getIdsRecursive 86 :
 getIdsRecursive looping

processing.get_files 2020-04-22 22:34:56,239 getIdsRecursive 86 :
 getIdsRecursive looping

asyncio 2020-04-22 22:34:56,357 _getaddrinfo_debug 805 :
 Get address info www.googleapis.com:443, type=<SocketKind.SOCK_STREAM: 1>

asyncio 2020-04-22 22:34:56,361 _getaddrinfo_debug 815 :
 Getting address info www.googleapis.com:443, type=<SocketKind.SOCK_STREAM: 1> took 2.151ms: [(<AddressFamily.AF_INET: 2>, <SocketKind.SOCK_STREAM: 1>, 6, '', ('216.58.217.42', 443)), (<AddressFamily.AF_INET6: 10>, <SocketKind.SOCK_STREAM: 1>, 6, '', ('2607:f8b0:400a:803::200a', 443, 0, 0))]

processing.get_files 2020-04-22 22:34:56,363 getIdsRecursive 86 :
 getIdsRecursive looping

asyncio 2020-04-22 22:34:56,398 _start_handshake 603 :
 <asyncio.sslproto.SSLProtocol object at 0x7f249cf73df0> starts SSL handshake

processing.datutils.test_utils 2020-04-22 22:34:56,429 tryGetQueue 195 :
 getIdswaiting 1 2

asyncio 2020-04-22 22:34:56,433 _on_handshake_complete 647 :
 <asyncio.sslproto.SSLProtocol object at 0x7f249cf73df0>: SSL handshake took 33.0 ms

asyncio 2020-04-22 22:34:56,434 create_connection 1057 :
 <asyncio.TransportSocket fd=11, family=AddressFamily.AF_INET, type=SocketKind.SOCK_STREAM, proto=6, laddr=('172.19.38.9', 56392), raddr=('216.58.217.42', 443)> connected to 216.58.217.42:443: (<asyncio.sslproto._SSLProtocolTransport object at 0x7f249cfdea00>, <aiohttp.client_proto.ResponseHandler object at 0x7f249d1bff40>)

processing.get_files 2020-04-22 22:34:56,521 getIdsRecursive 86 :
 getIdsRecursive looping

processing.get_files 2020-04-22 22:34:56,526 getIdsRecursive 86 :
 getIdsRecursive looping

processing.datutils.test_utils 2020-04-22 22:34:56,528 tryGetQueue 195 :
 getIdswaiting 1 2

processing.datutils.test_utils 2020-04-22 22:34:56,579 tryGetQueue 195 :
 getIdswaiting 1 2

processing.get_files 2020-04-22 22:34:56,602 getIdsRecursive 86 :
 getIdsRecursive looping

processing.datutils.test_utils 2020-04-22 22:34:56,671 tryGetQueue 195 :
 getIdswaiting 1 2

processing.get_files 2020-04-22 22:34:56,765 getIdsRecursive 86 :
 getIdsRecursive looping

processing.get_files 2020-04-22 22:34:56,801 getIdsRecursive 86 :
 getIdsRecursive looping

processing.datutils.test_utils 2020-04-22 22:34:56,878 tryGetQueue 195 :
 getIdswaiting 1 2

processing.datutils.test_utils 2020-04-22 22:34:56,880 tryGetQueue 195 :
 getIdswaiting 1 2

processing.datutils.test_utils 2020-04-22 22:34:56,973 tryGetQueue 195 :
 getIdswaiting 1 2

processing.datutils.test_utils 2020-04-22 22:34:56,977 tryGetQueue 195 :
 getIdswaiting 1 2

processing.datutils.test_utils 2020-04-22 22:34:57,156 tryGetQueue 195 :
 getIdswaiting 1 2

processing.get_files 2020-04-22 22:34:57,289 getIdsRecursive 86 :
 getIdsRecursive looping

processing.get_files 2020-04-22 22:34:57,668 getRevision 197 :
 getRevision looping

processing.get_files 2020-04-22 22:34:57,669 getRevision 209 :
 not google doc

asyncio 2020-04-22 22:34:57,707 _start_handshake 603 :
 <asyncio.sslproto.SSLProtocol object at 0x7f249db5daf0> starts SSL handshake

asyncio 2020-04-22 22:34:57,737 _on_handshake_complete 647 :
 <asyncio.sslproto.SSLProtocol object at 0x7f249db5daf0>: SSL handshake took 29.9 ms

asyncio 2020-04-22 22:34:57,738 create_connection 1057 :
 <asyncio.TransportSocket fd=12, family=AddressFamily.AF_INET, type=SocketKind.SOCK_STREAM, proto=6, laddr=('172.19.38.9', 56394), raddr=('216.58.217.42', 443)> connected to 216.58.217.42:443: (<asyncio.sslproto._SSLProtocolTransport object at 0x7f249d323be0>, <aiohttp.client_proto.ResponseHandler object at 0x7f249cf81e20>)

processing.get_files 2020-04-22 22:34:57,860 getRevision 197 :
 getRevision looping

processing.get_files 2020-04-22 22:34:58,010 queryDriveActivity 167 :
 EXCEPTION
Traceback (most recent call last):
  File "/home/henry/pydocs/processing/datutils/test_utils.py", line 155, in handleResponse
    assert response.status == 200, "Response not 200"
AssertionError: Response not 200

During handling of the above exception, another exception occurred:

Traceback (most recent call last):
  File "/home/henry/pydocs/processing/get_files.py", line 150, in queryDriveActivity
    code = await TestUtil.handleResponse(revResponse, fileTuple,queue = files)
  File "/home/henry/pydocs/processing/datutils/test_utils.py", line 158, in handleResponse
    e = sys.exc_info()[0]
NameError: name 'sys' is not defined
processing.get_files 2020-04-22 22:34:58,012 queryDriveActivity 169 :
 Because of exception, sleeping for 20

processing.get_files 2020-04-22 22:34:58,125 getRevision 197 :
 getRevision looping

processing.get_files 2020-04-22 22:34:58,261 getIdsRecursive 86 :
 getIdsRecursive looping

processing.get_files 2020-04-22 22:34:58,602 getRevision 197 :
 getRevision looping

processing.get_files 2020-04-22 22:34:58,615 getRevision 197 :
 getRevision looping

processing.get_files 2020-04-22 22:34:58,781 getIdsRecursive 86 :
 getIdsRecursive looping

processing.get_files 2020-04-22 22:34:59,350 getIdsRecursive 86 :
 getIdsRecursive looping

processing.get_files 2020-04-22 22:34:59,648 getIdsRecursive 86 :
 getIdsRecursive looping

processing.get_files 2020-04-22 22:34:59,787 getRevision 197 :
 getRevision looping

processing.get_files 2020-04-22 22:34:59,884 getRevision 197 :
 getRevision looping

processing.get_files 2020-04-22 22:34:59,906 getRevision 197 :
 getRevision looping

processing.get_files 2020-04-22 22:34:59,992 getIdsRecursive 86 :
 getIdsRecursive looping

processing.get_files 2020-04-22 22:35:00,338 getIdsRecursive 86 :
 getIdsRecursive looping

