__main__ 2020-04-22 22:36:52,576 start 16 :
 start

processing.get_files 2020-04-22 22:36:52,578 loadFiles 292 :
 Start loadFiles, 527e4afc-4598-400f-8536-afa5324f0ba4 root

google.auth.transport.requests 2020-04-22 22:36:52,580 __call__ 117 :
 Making request: POST https://oauth2.googleapis.com/token

urllib3.connectionpool 2020-04-22 22:36:52,586 _new_conn 817 :
 Starting new HTTPS connection (1): oauth2.googleapis.com

urllib3.connectionpool 2020-04-22 22:36:52,747 _make_request 393 :
 https://oauth2.googleapis.com:443 "POST /token HTTP/1.1" 200 None

asyncio 2020-04-22 22:36:52,752 __init__ 59 :
 Using selector: EpollSelector

processing.datutils.test_utils 2020-04-22 22:36:53,481 print_size 107 :
 

Memory usage: 112076 (kb)

processing.datutils.test_utils 2020-04-22 22:36:53,649 print_size 110 :
 /usr/lib/python3.8/tracemalloc.py:532: size=82.0 KiB (+81.9 KiB), count=1485 (+1484), average=57 B

processing.datutils.test_utils 2020-04-22 22:36:53,651 print_size 110 :
 /usr/lib/python3.8/inspect.py:744: size=0 B (-36.8 KiB), count=0 (-673)

processing.datutils.test_utils 2020-04-22 22:36:53,652 print_size 110 :
 /usr/lib/python3.8/sre_parse.py:220: size=0 B (-13.1 KiB), count=0 (-240)

processing.datutils.test_utils 2020-04-22 22:36:53,654 print_size 110 :
 /usr/lib/python3.8/sre_parse.py:529: size=0 B (-12.7 KiB), count=0 (-233)

processing.datutils.test_utils 2020-04-22 22:36:53,656 print_size 110 :
 /usr/lib/python3.8/sre_parse.py:599: size=0 B (-3472 B), count=0 (-62)

processing.datutils.test_utils 2020-04-22 22:36:53,658 print_size 110 :
 /usr/lib/python3.8/sre_parse.py:680: size=0 B (-3192 B), count=0 (-57)

processing.datutils.test_utils 2020-04-22 22:36:53,659 print_size 110 :
 /usr/lib/python3.8/sre_parse.py:618: size=0 B (-2800 B), count=0 (-50)

processing.datutils.test_utils 2020-04-22 22:36:53,661 print_size 110 :
 /usr/lib/python3.8/sre_parse.py:490: size=0 B (-2128 B), count=0 (-38)

processing.datutils.test_utils 2020-04-22 22:36:53,663 print_size 110 :
 /usr/lib/python3.8/sre_parse.py:840: size=0 B (-1968 B), count=0 (-32)

processing.datutils.test_utils 2020-04-22 22:36:53,664 print_size 110 :
 /usr/lib/python3.8/sre_parse.py:567: size=0 B (-1848 B), count=0 (-33)

processing.datutils.test_utils 2020-04-22 22:36:53,703 print_size 118 :
 /home/henry/pydocs/data/527e4afc-4598-400f-8536-afa5324f0ba4/
0/0 at 2020-04-22 22:36:53.703100
dumped: 0

processing.datutils.test_utils 2020-04-22 22:36:53,704 print_size 121 :
 BEGIN2020-04-22 22:36:52.497488


asyncio 2020-04-22 22:36:53,706 _run_once 1854 :
 Executing <Task pending name='Task-23' coro=<TestUtil.print_size() running at /home/henry/pydocs/processing/datutils/test_utils.py:141> wait_for=<Future pending cb=[<TaskWakeupMethWrapper object at 0x7fa534974c10>()] created at /usr/lib/python3.8/asyncio/base_events.py:422> created at /home/henry/pydocs/processing/get_files.py:251> took 0.234 seconds

processing.get_files 2020-04-22 22:36:53,708 getIdsRecursive 86 :
 getIdsRecursive looping

processing.get_files 2020-04-22 22:36:53,711 getIdsRecursive 86 :
 getIdsRecursive looping

processing.get_files 2020-04-22 22:36:53,713 getIdsRecursive 86 :
 getIdsRecursive looping

processing.get_files 2020-04-22 22:36:53,715 getRevision 197 :
 getRevision looping

processing.datutils.test_utils 2020-04-22 22:36:53,716 tryGetQueue 195 :
 getRevisionwaiting 1 2

processing.get_files 2020-04-22 22:36:53,719 getIdsRecursive 86 :
 getIdsRecursive looping

processing.get_files 2020-04-22 22:36:53,720 getIdsRecursive 86 :
 getIdsRecursive looping

asyncio 2020-04-22 22:36:53,871 _getaddrinfo_debug 805 :
 Get address info www.googleapis.com:443, type=<SocketKind.SOCK_STREAM: 1>

asyncio 2020-04-22 22:36:53,951 _getaddrinfo_debug 815 :
 Getting address info www.googleapis.com:443, type=<SocketKind.SOCK_STREAM: 1> took 79.235ms: [(<AddressFamily.AF_INET: 2>, <SocketKind.SOCK_STREAM: 1>, 6, '', ('216.58.217.42', 443)), (<AddressFamily.AF_INET6: 10>, <SocketKind.SOCK_STREAM: 1>, 6, '', ('2607:f8b0:400a:809::200a', 443, 0, 0))]

processing.datutils.test_utils 2020-04-22 22:36:53,873 tryGetQueue 195 :
 getIdswaiting 1 2

processing.get_files 2020-04-22 22:36:53,954 getIdsRecursive 86 :
 getIdsRecursive looping

processing.datutils.test_utils 2020-04-22 22:36:53,955 tryGetQueue 195 :
 getIdswaiting 1 2

asyncio 2020-04-22 22:36:53,992 _start_handshake 603 :
 <asyncio.sslproto.SSLProtocol object at 0x7fa5114249d0> starts SSL handshake

processing.datutils.test_utils 2020-04-22 22:36:53,997 tryGetQueue 195 :
 getIdswaiting 1 2

processing.datutils.test_utils 2020-04-22 22:36:54,014 tryGetQueue 195 :
 getIdswaiting 1 2

asyncio 2020-04-22 22:36:54,025 _on_handshake_complete 647 :
 <asyncio.sslproto.SSLProtocol object at 0x7fa5114249d0>: SSL handshake took 32.7 ms

asyncio 2020-04-22 22:36:54,026 create_connection 1057 :
 <asyncio.TransportSocket fd=11, family=AddressFamily.AF_INET, type=SocketKind.SOCK_STREAM, proto=6, laddr=('172.19.38.9', 56588), raddr=('216.58.217.42', 443)> connected to 216.58.217.42:443: (<asyncio.sslproto._SSLProtocolTransport object at 0x7fa511237b20>, <aiohttp.client_proto.ResponseHandler object at 0x7fa51162f820>)

processing.datutils.test_utils 2020-04-22 22:36:54,183 tryGetQueue 195 :
 getIdswaiting 1 2

processing.get_files 2020-04-22 22:36:54,200 getIdsRecursive 86 :
 getIdsRecursive looping

processing.get_files 2020-04-22 22:36:54,230 getIdsRecursive 86 :
 getIdsRecursive looping

processing.datutils.test_utils 2020-04-22 22:36:54,324 tryGetQueue 195 :
 getIdswaiting 1 2

processing.get_files 2020-04-22 22:36:54,374 getIdsRecursive 86 :
 getIdsRecursive looping

processing.get_files 2020-04-22 22:36:54,409 getIdsRecursive 86 :
 getIdsRecursive looping

processing.datutils.test_utils 2020-04-22 22:36:54,451 tryGetQueue 195 :
 getIdswaiting 1 2

processing.datutils.test_utils 2020-04-22 22:36:54,583 tryGetQueue 195 :
 getIdswaiting 1 2

processing.datutils.test_utils 2020-04-22 22:36:54,799 tryGetQueue 195 :
 getIdswaiting 1 2

processing.get_files 2020-04-22 22:36:54,929 getIdsRecursive 86 :
 getIdsRecursive looping

processing.get_files 2020-04-22 22:36:55,429 getIdsRecursive 86 :
 getIdsRecursive looping

processing.get_files 2020-04-22 22:36:56,122 getRevision 197 :
 getRevision looping

processing.get_files 2020-04-22 22:36:56,123 getRevision 209 :
 not google doc

asyncio 2020-04-22 22:36:56,158 _start_handshake 603 :
 <asyncio.sslproto.SSLProtocol object at 0x7fa511220b20> starts SSL handshake

asyncio 2020-04-22 22:36:56,187 _on_handshake_complete 647 :
 <asyncio.sslproto.SSLProtocol object at 0x7fa511220b20>: SSL handshake took 29.6 ms

asyncio 2020-04-22 22:36:56,188 create_connection 1057 :
 <asyncio.TransportSocket fd=12, family=AddressFamily.AF_INET, type=SocketKind.SOCK_STREAM, proto=6, laddr=('172.19.38.9', 56590), raddr=('216.58.217.42', 443)> connected to 216.58.217.42:443: (<asyncio.sslproto._SSLProtocolTransport object at 0x7fa5115d03a0>, <aiohttp.client_proto.ResponseHandler object at 0x7fa51162fe20>)

processing.get_files 2020-04-22 22:36:56,307 getIdsRecursive 86 :
 getIdsRecursive looping

processing.get_files 2020-04-22 22:36:56,538 queryDriveActivity 167 :
 EXCEPTION
Traceback (most recent call last):
  File "/home/henry/pydocs/processing/datutils/test_utils.py", line 155, in handleResponse
    assert response.status == 200, "Response not 200"
AssertionError: Response not 200

During handling of the above exception, another exception occurred:

Traceback (most recent call last):
  File "/home/henry/pydocs/processing/get_files.py", line 150, in queryDriveActivity
    code = await TestUtil.handleResponse(revResponse, fileTuple,queue = files)
  File "/home/henry/pydocs/processing/datutils/test_utils.py", line 158, in handleResponse
    e = sys.exc_info()[0]
NameError: name 'sys' is not defined
processing.get_files 2020-04-22 22:36:56,539 queryDriveActivity 169 :
 Because of exception, sleeping for 9

processing.get_files 2020-04-22 22:36:56,573 getRevision 197 :
 getRevision looping

processing.get_files 2020-04-22 22:36:56,818 getRevision 197 :
 getRevision looping

processing.get_files 2020-04-22 22:36:57,167 getRevision 197 :
 getRevision looping

processing.get_files 2020-04-22 22:36:57,260 getIdsRecursive 86 :
 getIdsRecursive looping

processing.get_files 2020-04-22 22:36:57,802 getIdsRecursive 86 :
 getIdsRecursive looping

processing.get_files 2020-04-22 22:36:57,957 getRevision 197 :
 getRevision looping

