sql.py:26,10:17:00:start:146:E1t0OA -- STARTING SQL testing2020-04-26 10:17:00.189605 /home/henry/pydocs/data/527e4afc-4598-400f-8536-afa5324f0ba4/
sql.py:26,10:17:00:start:148:E1t0OA -- setting sys except hook
sql.py:26,10:17:00:start:155:E1t0OA -- Owner name: testing2020-04-04 26 AprCl0IMH1R3g
sql.py:26,10:17:01:start:159:E1t0OA -- Added owner row, name: testing2020-04-04 26 AprCl0IMH1R3g id: 126
sql.py:26,10:17:01:start:186:E1t0OA -- File: 0B4Fujvv5Mfqbb2d0TnNhcFhhREdadmRaaEI3QzVabnE2NE5v
sql.py:26,10:17:01:start:186:E1t0OA -- File: 1QNNRjwRnVqieEoA5i9CdaSCyT_6Bi4vkmGO8YuZHytU
sql.py:26,10:17:01:start:186:E1t0OA -- File: 1cGlmEaWYTHdD_Y3vlkIMMkZhdmosSZo_rQYxcSBoDbQ
sql.py:26,10:17:01:start:186:E1t0OA -- File: 1G-K37QbHDgyLsJaUjRsROtLZZkj1fmqyC5YyHzOh-_Q
sql.py:26,10:17:01:start:186:E1t0OA -- File: 1cIWwf3nZ2RAeriW8GerxZHY9nirLdcc968-GgSnRkjQ
sql.py:26,10:17:01:start:186:E1t0OA -- File: 16wsJnYBwdOHbuGROxWDFe2Tcf1w8T49TwWnGvq5OjXY
sql.py:26,10:17:01:start:186:E1t0OA -- File: 1VJe9pAq5wUkMz1cgNAOYLtvRbDehNWGZLwq4vtX3QVQ
sql.py:26,10:17:01:start:186:E1t0OA -- File: 12NnsHOjtevUATb-yYIgDFFLyYajiHxhJ6xHiJnIXj-8
sql.py:26,10:17:01:start:186:E1t0OA -- File: 1LcO1aZmE6Jap4GF5ZpBGetjUSFeVBYg__DgWYlDwWY4
sql.py:26,10:17:01:start:186:E1t0OA -- File: 1JEcM-IFEodRvDg7EE9AntQ4wwOBTRXcDFqRK5SR2I08
sql.py:26,10:17:01:start:186:E1t0OA -- File: 1C09g5-ATBpXNJOmH8ANwCnq7Pk6vClzI1lmFYcqaH6A
sql.py:26,10:17:01:start:186:E1t0OA -- File: 1NpTHMCkLa6lHL9Ok8a9hejyXihpujcQpVgSa7JNBP6s
sql.py:26,10:17:01:start:186:E1t0OA -- File: 17MhIJt6Bl2HnDLFiNZPRh7UOx-Co9FMvPWBsRnJRfsM
sql.py:26,10:17:01:start:186:E1t0OA -- File: 1B37ygx-Iwh0EpS1c5fqpbK6AqE39m6ao4WD4uMWknzc
sql.py:26,10:17:01:start:186:E1t0OA -- File: 1jRrZTHn-oge2sTqxli8Um026xuniXAeezLZn4B2zVSg
sql.py:26,10:17:01:start:186:E1t0OA -- File: 1D48Gz6hmPkE6sATNqYoA3P3Hdjtq1y2zHRjrh1kH64I
sql.py:26,10:17:01:start:186:E1t0OA -- File: 1cctIQ_TyhvRFgFVkzjwcfDL1w0i4L2lF-78_WM7Hy6A
sql.py:26,10:17:01:start:186:E1t0OA -- File: 1o6ARVj7jhE2K_VNnX2BYajR2XBX1kdMu
sql.py:26,10:17:01:start:186:E1t0OA -- File: 15e68EIS9xXe5Yvzju4GtkyhFKJ_UgUA9juJKiUpPeUA
sql.py:26,10:17:01:start:186:E1t0OA -- File: 186ge00t4G7kcx1QdCIHxRhTnZfzpSTGDgfAXkdbD_Ig
sql.py:26,10:17:01:start:186:E1t0OA -- File: 1wfaH9BSg8wrDaKXR54KK1y8pd-miEOQNj3E8GL6fTfg
sql.py:26,10:17:01:start:186:E1t0OA -- File: 1G1g252JtmrFnXI5HaLLEafe8apipzquYwQQ0hbQIaho
sql.py:26,10:17:01:start:186:E1t0OA -- File: 1sF1pFtL8fsnQBBAoTt8P7YGOVZVr6-6a4BLeU3PBncI
sql.py:26,10:17:01:start:186:E1t0OA -- File: 1LuJ1Ln_dAc7n3Qj0zNE4yuYfFG6NEgxO-hsDA9M4qpQ
sql.py:26,10:17:01:start:186:E1t0OA -- File: 15Fi6RHQtC8H-GOJC_gjiED_9rNxtCdahEGtLvBUZcv4
sql.py:26,10:17:01:start:186:E1t0OA -- File: 1H1aSubiwctKw-qMV6t1aGlfooY2Qn9V6Y01phHpg-kw
sql.py:26,10:17:01:start:186:E1t0OA -- File: 1WbGMwYDyqP6aCDpf5fBbR7sneMicXtvEtfm3Z4k0Vzs
sql.py:26,10:17:01:start:186:E1t0OA -- File: 16wh_FgWE8Y0tUpAdIte4WyuB91_ypCySi82lvdhAiFY
sql.py:26,10:17:01:start:186:E1t0OA -- File: 1WKk8W5cG-CYKBYN_cWpAdziiPVhvQZEAarnPwf58z4Y
sql.py:26,10:17:01:start:186:E1t0OA -- File: 1YJPVyeYstaXiTguoSGCe_Kb3y4yv49N224nUrfLo7rU
sql.py:26,10:17:01:start:186:E1t0OA -- File: 1PscMFhdtA31Nh7ELmM18NqjUfLDeGiexKI6q-lI0fKY
sql.py:26,10:17:01:start:186:E1t0OA -- File: 1YlY2MTwu_I6PGWgmkNqFXYJVvNSQKMi7j0WulyoD75w
sql.py:26,10:17:01:start:186:E1t0OA -- File: 1Gxvc-37IOivNHIPUJBI1v3jf5e-Hwcby_VZbN-k-Bfc
sql.py:26,10:17:01:start:186:E1t0OA -- File: 1T1Sj69DxCTpEQI2pH0O04l_PSx1V3xsxYOnkiHPEPis
sql.py:26,10:17:01:start:186:E1t0OA -- File: 1VrK4o4hKCSJyT8P4hKL9la_FO7-29hcBJMJDsvjXo2A
sql.py:26,10:17:01:start:186:E1t0OA -- File: 1TxO4rhqIX6VUqO2bLJNkukbTpEDNVYSHD0X9hOzi88o
sql.py:26,10:17:01:start:186:E1t0OA -- File: 1bVHzlp_4wGefhP9sx5GvI7ZR_ArSbtX0LaFmfZTeB8Y
sql.py:26,10:17:01:start:186:E1t0OA -- File: 11L4quB0D_Ttk0WMkddrcn_r8OmWG5Y7xEWgALTBoNvg
sql.py:26,10:17:01:start:186:E1t0OA -- File: 1VJe9pAq5wUkMz1cgNAOYLtvRbDehNWGZLwq4vtX3QVQ
sql.py:26,10:17:01:start:188:E1t0OA -- duplicated fileid found, skipping
sql.py:26,10:17:01:start:186:E1t0OA -- File: 1ZSCKTVjGJu6pUx7auNWEyfs83DLJtOeA3AbwuGuY8kI
sql.py:26,10:17:01:start:186:E1t0OA -- File: 1R9fH_VyHSB3k-yCrmzD5fzj25Ga8neQLtKLceiEhdt0
sql.py:26,10:17:01:start:186:E1t0OA -- File: 1gS0ZLEc-tkOVw-QM-oeezt-ATZgZt_g5wDuW2U4KvF8
sql.py:26,10:17:01:start:186:E1t0OA -- File: 1ECJHKZpyfd75nEg20CQdICaWhZzri2SX_mQjfIFN-Wk
sql.py:26,10:17:01:start:186:E1t0OA -- File: 1SGPIbZAmFYwIakoHevrYhHMwAf6xNIbMuS1zeULYsTQ
sql.py:26,10:17:01:start:186:E1t0OA -- File: 1adckvxMM48z9k3sSG_JP2w-9T5WOqLNocASrGMkmaEs
sql.py:26,10:17:01:start:186:E1t0OA -- File: 1cZg8adblMjYv0HOMh9qeEGR5Hhx59fhEAYD_mG1tfL0
sql.py:26,10:17:01:start:186:E1t0OA -- File: 1_BIMsBsouGOgicFcBVR7gHXNHaSP4iVZGb6ezTcaHg8
sql.py:26,10:17:01:start:186:E1t0OA -- File: 1x8Vlo2OmIPQX7_XYCRzaAG2DgEULR8QVA588B6rCcOg
sql.py:26,10:17:01:start:186:E1t0OA -- File: 1jqJ0-FMfB3RjcqrSJxckdoC-jzHHMa3nLcRMP6CquRQ
sql.py:26,10:17:01:start:186:E1t0OA -- File: 1F6-Z7HfxAQ-F5SIBuApsQr141gOfpxG4y3_h7W7xN0E
sql.py:26,10:17:01:start:186:E1t0OA -- File: 1VSIZknJPJGRXuMPnSk9gjDStnMEXty0XJR1KO4z7QBk
sql.py:26,10:17:01:start:186:E1t0OA -- File: 16Tz6lbS7tdWBUhgseZCx0va0xBAayzOSSDSH-T20xRA
sql.py:26,10:17:01:start:186:E1t0OA -- File: 1wqRmLVKxvm7w--kMAMGzVAjoILC593KzG-z6AFTdt_8
sql.py:26,10:17:01:start:186:E1t0OA -- File: 1h1FUpGxFne9y7IFDVl7IQZGCPE1vhm3rJbCf5WgovQo
sql.py:26,10:17:01:start:186:E1t0OA -- File: 1b1ARGMmgTYWTMHAnv5biEbQKVzTLLQ3vt2n2YLicEws
sql.py:26,10:17:01:start:186:E1t0OA -- File: 1XGCuTdCzlBbB5B0rAu29ButWuims-VeTYBdfozFaFPk
sql.py:26,10:17:01:start:186:E1t0OA -- File: 1ecDoneIykl54KGJhMUpcvdNKg350pGauVB9v0uCuFbI
sql.py:26,10:17:01:start:186:E1t0OA -- File: 1ZIuPeHFKHzM1yn1G47W92JbGijyxWqaOfKhkejWXMdA
sql.py:26,10:17:01:start:186:E1t0OA -- File: 12K516OwpugshsvDcQqP4cSvg-ku6pJuAJGfrEmbDqGc
sql.py:26,10:17:01:start:186:E1t0OA -- File: 1a7puy4GkUsAx2u9lu1i3MnxJAx0JyFPFozhkGYlCT5I
sql.py:26,10:17:01:start:186:E1t0OA -- File: 1jEPinYNleGwKDF0SJddLTTeVvYZbF40sbV5FxvJyNCU
sql.py:26,10:17:01:start:186:E1t0OA -- File: 1e7IjM7tgdUxRQcmg2bbYvLArkghX129Cz_lOLFpnF34
sql.py:26,10:17:01:start:186:E1t0OA -- File: 1JQ-JszbkA6JHylaBr1ZDWeMXTy2X6fM2evDEJo-W3U4
sql.py:26,10:17:01:start:186:E1t0OA -- File: 1Ez54_TKEcG-xUH_lCEW1711SozJ2_cSeBgiuGKjE8Pk
sql.py:26,10:17:01:start:186:E1t0OA -- File: 12bPKEMHnfEBwlDfZnXYlPZRRwnRiHPVtDkcBZqNxBA4
sql.py:26,10:17:01:start:186:E1t0OA -- File: 125AyhViQoEQKg-wVD4y2hv82aynGTyK7SmeqVHpXvQs
sql.py:26,10:17:01:start:186:E1t0OA -- File: 1B6ePg9Ixtc4xqKL4D0_JO80n8GL83WpztJKJGaH-6S0
sql.py:26,10:17:01:start:186:E1t0OA -- File: 1LyrolWAEdF9g6y9DyEk_FIH8B7V1cGDowMv8NvVTjow
sql.py:26,10:17:01:start:186:E1t0OA -- File: 1gvFEgWgxaLnNlgLpfwtdH_-UVEY1rglxelRy307hjns
sql.py:26,10:17:01:start:186:E1t0OA -- File: 19qkWrA-moW3LlnMEtT1VSoCGU5TpOwB_17goJbrvWHM
sql.py:26,10:17:01:start:186:E1t0OA -- File: 1F5C4F51m7TcoiVU-U3s2TERMRIMoe_RxQFA8GBf6-64
sql.py:26,10:17:01:start:186:E1t0OA -- File: 1RFm8X0JkBTJj7iR7YLxsrpzbiBTMANScjSeDO9l2aQw
sql.py:26,10:17:01:start:186:E1t0OA -- File: 1Visfq9vleQOXgJ3svv3Yj5A3qf3GOY4VMIcq4E7J5q0
sql.py:26,10:17:01:start:186:E1t0OA -- File: 1kIbHXyKc4uI2MzuXFMhT73ZIAPnP32_jW1kv2yMNoUU
sql.py:26,10:17:01:start:186:E1t0OA -- File: 1AOfGsW5I-aG8b0WdSsq4IqMlGiDqDYUCUQfFoEJ1ll4
sql.py:26,10:17:01:start:186:E1t0OA -- File: 1XJ5BlIal28QXAMwFOiNr81G7U0xElvy16JUj-39MTrU
sql.py:26,10:17:01:start:186:E1t0OA -- File: 18vcbSvvx_xRDIq0vUFjpKkYGdu00l5XbORDG5EKfWNw
sql.py:26,10:17:01:start:186:E1t0OA -- File: 1iwD0UOBkgdB5Jnza1szyk2RCaNpOfito5Be0lD0HGvk
sql.py:26,10:17:01:start:186:E1t0OA -- File: 1kn3xhSXmFhPNdSs3J-4x4F95PXucVOdAJAwycd591Ns
sql.py:26,10:17:01:start:186:E1t0OA -- File: 1iMp4WTH5NG-vtb4UkJiqLA7D3ck7MkjS2Mu9gw8rOKs
sql.py:26,10:17:01:start:186:E1t0OA -- File: 1b6qJW2miNoybz6Y2_UdB51prtkzfFmWcKbbZ6YpSAbg
sql.py:26,10:17:01:start:186:E1t0OA -- File: 1LvrNb0X-i_B-0eXh_cLDTHGqGukf5UcyNwtVIzimL4E
sql.py:26,10:17:01:start:186:E1t0OA -- File: 1DGlo99pbjGwp3lZne4o98aEBS-oC_FaPV0BGUOHCrNo
sql.py:26,10:17:01:start:186:E1t0OA -- File: 1_wRTbPygF0D0H8VlY-aHjCKTKBQ_Yr8jhCaemuGypXg
sql.py:26,10:17:01:start:186:E1t0OA -- File: 1DE8JkISOGvpaUbmFRqQ_zVwh-29QmyD1t7ap73cr0KU
sql.py:26,10:17:01:start:186:E1t0OA -- File: 1NpHQsdIiUQJTN0Bwdl__Kn69Ix3I3FEZM-6XWD-hCQ4
sql.py:26,10:17:01:start:186:E1t0OA -- File: 1RMi1U6KwIBwORi6hYYv4HQiypu8bD1obKFyiCthf7pw
sql.py:26,10:17:01:start:186:E1t0OA -- File: 1MQSAawInjoU_bWoc22FZS1s-qXWkPZNXwZDM-lFUoU0
sql.py:26,10:17:01:start:186:E1t0OA -- File: 1fZgygLRoHAb-498SXVjIXpGUIvLGU9qeRU63qzQx9nQ
sql.py:26,10:17:01:start:186:E1t0OA -- File: 1pWqW84PU9HyaS_FLl_qn80OAdv0gFum7_FkO6a82EyE
sql.py:26,10:17:01:start:186:E1t0OA -- File: 1R6xbWkbfzsQajjjcXW8tMQWAHqG2Kw6fUzCtSVa3rKI
sql.py:26,10:17:01:start:186:E1t0OA -- File: 1ohuX_SQlBRAEoBP1lszH7C5sU4UixwKTJsjyRB4hSWw
sql.py:26,10:17:01:start:186:E1t0OA -- File: 1NpTHMCkLa6lHL9Ok8a9hejyXihpujcQpVgSa7JNBP6s
sql.py:26,10:17:01:start:188:E1t0OA -- duplicated fileid found, skipping
sql.py:26,10:17:01:start:186:E1t0OA -- File: 1JEcM-IFEodRvDg7EE9AntQ4wwOBTRXcDFqRK5SR2I08
sql.py:26,10:17:01:start:188:E1t0OA -- duplicated fileid found, skipping
sql.py:26,10:17:01:start:186:E1t0OA -- File: 1LcO1aZmE6Jap4GF5ZpBGetjUSFeVBYg__DgWYlDwWY4
sql.py:26,10:17:01:start:188:E1t0OA -- duplicated fileid found, skipping
sql.py:26,10:17:01:start:186:E1t0OA -- File: 1NBVW6zOvYcoTmGZ46HZosMmV2SVNURBvf4WOm1ydcTk
sql.py:26,10:17:01:start:186:E1t0OA -- File: 186ge00t4G7kcx1QdCIHxRhTnZfzpSTGDgfAXkdbD_Ig
sql.py:26,10:17:01:start:188:E1t0OA -- duplicated fileid found, skipping
sql.py:26,10:17:01:start:186:E1t0OA -- File: 1WbGMwYDyqP6aCDpf5fBbR7sneMicXtvEtfm3Z4k0Vzs
sql.py:26,10:17:01:start:188:E1t0OA -- duplicated fileid found, skipping
sql.py:26,10:17:01:start:186:E1t0OA -- File: 16wh_FgWE8Y0tUpAdIte4WyuB91_ypCySi82lvdhAiFY
sql.py:26,10:17:01:start:188:E1t0OA -- duplicated fileid found, skipping
sql.py:26,10:17:01:start:186:E1t0OA -- File: 1YlY2MTwu_I6PGWgmkNqFXYJVvNSQKMi7j0WulyoD75w
sql.py:26,10:17:01:start:188:E1t0OA -- duplicated fileid found, skipping
sql.py:26,10:17:01:start:186:E1t0OA -- File: 1WKk8W5cG-CYKBYN_cWpAdziiPVhvQZEAarnPwf58z4Y
sql.py:26,10:17:01:start:188:E1t0OA -- duplicated fileid found, skipping
sql.py:26,10:17:01:start:186:E1t0OA -- File: 1T1Sj69DxCTpEQI2pH0O04l_PSx1V3xsxYOnkiHPEPis
sql.py:26,10:17:01:start:188:E1t0OA -- duplicated fileid found, skipping
sql.py:26,10:17:01:start:186:E1t0OA -- File: 125AyhViQoEQKg-wVD4y2hv82aynGTyK7SmeqVHpXvQs
sql.py:26,10:17:01:start:188:E1t0OA -- duplicated fileid found, skipping
sql.py:26,10:17:01:start:186:E1t0OA -- File: 1gvFEgWgxaLnNlgLpfwtdH_-UVEY1rglxelRy307hjns
sql.py:26,10:17:01:start:188:E1t0OA -- duplicated fileid found, skipping
sql.py:26,10:17:01:start:186:E1t0OA -- File: 1LyrolWAEdF9g6y9DyEk_FIH8B7V1cGDowMv8NvVTjow
sql.py:26,10:17:01:start:188:E1t0OA -- duplicated fileid found, skipping
sql.py:26,10:17:01:start:186:E1t0OA -- File: 19qkWrA-moW3LlnMEtT1VSoCGU5TpOwB_17goJbrvWHM
sql.py:26,10:17:01:start:188:E1t0OA -- duplicated fileid found, skipping
sql.py:26,10:17:01:start:186:E1t0OA -- File: 1F5C4F51m7TcoiVU-U3s2TERMRIMoe_RxQFA8GBf6-64
sql.py:26,10:17:01:start:188:E1t0OA -- duplicated fileid found, skipping
sql.py:26,10:17:01:start:186:E1t0OA -- File: 1RFm8X0JkBTJj7iR7YLxsrpzbiBTMANScjSeDO9l2aQw
sql.py:26,10:17:01:start:188:E1t0OA -- duplicated fileid found, skipping
sql.py:26,10:17:01:start:186:E1t0OA -- File: 1XJ5BlIal28QXAMwFOiNr81G7U0xElvy16JUj-39MTrU
sql.py:26,10:17:01:start:188:E1t0OA -- duplicated fileid found, skipping
sql.py:26,10:17:01:start:186:E1t0OA -- File: 1Visfq9vleQOXgJ3svv3Yj5A3qf3GOY4VMIcq4E7J5q0
sql.py:26,10:17:01:start:188:E1t0OA -- duplicated fileid found, skipping
sql.py:26,10:17:01:start:186:E1t0OA -- File: 1kIbHXyKc4uI2MzuXFMhT73ZIAPnP32_jW1kv2yMNoUU
sql.py:26,10:17:01:start:188:E1t0OA -- duplicated fileid found, skipping
sql.py:26,10:17:01:start:186:E1t0OA -- File: 1AOfGsW5I-aG8b0WdSsq4IqMlGiDqDYUCUQfFoEJ1ll4
sql.py:26,10:17:01:start:188:E1t0OA -- duplicated fileid found, skipping
sql.py:26,10:17:01:start:186:E1t0OA -- File: 18vcbSvvx_xRDIq0vUFjpKkYGdu00l5XbORDG5EKfWNw
sql.py:26,10:17:01:start:188:E1t0OA -- duplicated fileid found, skipping
sql.py:26,10:17:01:start:186:E1t0OA -- File: 1kn3xhSXmFhPNdSs3J-4x4F95PXucVOdAJAwycd591Ns
sql.py:26,10:17:01:start:188:E1t0OA -- duplicated fileid found, skipping
sql.py:26,10:17:01:start:186:E1t0OA -- File: 1iMp4WTH5NG-vtb4UkJiqLA7D3ck7MkjS2Mu9gw8rOKs
sql.py:26,10:17:01:start:188:E1t0OA -- duplicated fileid found, skipping
sql.py:26,10:17:01:start:186:E1t0OA -- File: 1b6qJW2miNoybz6Y2_UdB51prtkzfFmWcKbbZ6YpSAbg
sql.py:26,10:17:01:start:188:E1t0OA -- duplicated fileid found, skipping
sql.py:26,10:17:01:start:186:E1t0OA -- File: 1LvrNb0X-i_B-0eXh_cLDTHGqGukf5UcyNwtVIzimL4E
sql.py:26,10:17:01:start:188:E1t0OA -- duplicated fileid found, skipping
sql.py:26,10:17:01:start:186:E1t0OA -- File: 1_wRTbPygF0D0H8VlY-aHjCKTKBQ_Yr8jhCaemuGypXg
sql.py:26,10:17:01:start:188:E1t0OA -- duplicated fileid found, skipping
sql.py:26,10:17:01:start:186:E1t0OA -- File: 1DGlo99pbjGwp3lZne4o98aEBS-oC_FaPV0BGUOHCrNo
sql.py:26,10:17:01:start:188:E1t0OA -- duplicated fileid found, skipping
sql.py:26,10:17:01:start:186:E1t0OA -- File: 1DE8JkISOGvpaUbmFRqQ_zVwh-29QmyD1t7ap73cr0KU
sql.py:26,10:17:01:start:188:E1t0OA -- duplicated fileid found, skipping
sql.py:26,10:17:01:start:186:E1t0OA -- File: 1NpHQsdIiUQJTN0Bwdl__Kn69Ix3I3FEZM-6XWD-hCQ4
sql.py:26,10:17:01:start:188:E1t0OA -- duplicated fileid found, skipping
sql.py:26,10:17:01:start:186:E1t0OA -- File: 1RMi1U6KwIBwORi6hYYv4HQiypu8bD1obKFyiCthf7pw
sql.py:26,10:17:01:start:188:E1t0OA -- duplicated fileid found, skipping
sql.py:26,10:17:01:start:205:E1t0OA -- len of id map 92 len of files 92
sql.py:26,10:17:01:report:42:E1t0OA -- lt_files size 92 
sql.py:26,10:17:06:report:42:E1t0OA -- lt_files size 82 
sql.py:26,10:17:11:report:42:E1t0OA -- lt_files size 82 
sql.py:26,10:17:16:report:42:E1t0OA -- lt_files size 82 
sql.py:26,10:17:19:load_from_dict:137:E1t0OA -- len dates: 630
sql.py:26,10:17:19:commit:57:E1t0OA -- iters: 125, len: 630
sql.py:26,10:17:19:commit:57:E1t0OA -- iters: 125, len: 630
sql.py:26,10:17:19:commit:57:E1t0OA -- iters: 125, len: 630
sql.py:26,10:17:19:commit:57:E1t0OA -- iters: 125, len: 630
sql.py:26,10:17:19:commit:57:E1t0OA -- iters: 125, len: 630
sql.py:26,10:17:19:commit:66:E1t0OA -- flushing, len: 505
sql.py:26,10:17:19:commit:66:E1t0OA -- flushing, len: 380
sql.py:26,10:17:19:commit:57:E1t0OA -- iters: 125, len: 380
sql.py:26,10:17:19:commit:57:E1t0OA -- iters: 125, len: 380
sql.py:26,10:17:19:commit:57:E1t0OA -- iters: 125, len: 380
sql.py:26,10:17:19:commit:57:E1t0OA -- iters: 125, len: 380
sql.py:26,10:17:19:commit:57:E1t0OA -- iters: 125, len: 380
sql.py:26,10:17:19:commit:66:E1t0OA -- flushing, len: 255
sql.py:26,10:17:19:commit:57:E1t0OA -- iters: 125, len: 255
sql.py:26,10:17:19:commit:66:E1t0OA -- flushing, len: 130
sql.py:26,10:17:19:commit:57:E1t0OA -- iters: 125, len: 130
sql.py:26,10:17:19:commit:57:E1t0OA -- iters: 125, len: 130
sql.py:26,10:17:19:commit:57:E1t0OA -- iters: 125, len: 130
sql.py:26,10:17:19:commit:66:E1t0OA -- flushing, len: 5
sql.py:26,10:17:19:commit:57:E1t0OA -- iters: 125, len: 5
sql.py:26,10:17:19:commit:57:E1t0OA -- iters: 125, len: 5
sql.py:26,10:17:19:commit:57:E1t0OA -- iters: 125, len: 5
sql.py:26,10:17:19:commit:57:E1t0OA -- iters: 125, len: 5
sql.py:26,10:17:19:commit:57:E1t0OA -- iters: 125, len: 5
sql.py:26,10:17:19:commit:57:E1t0OA -- iters: 125, len: 5
sql.py:26,10:17:19:commit:76:E1t0OA -- while loop done
sql.py:26,10:17:19:commit:57:E1t0OA -- iters: 125, len: 0
sql.py:26,10:17:19:commit:57:E1t0OA -- iters: 125, len: 0
sql.py:26,10:17:19:commit:57:E1t0OA -- iters: 125, len: 0
sql.py:26,10:17:19:commit:57:E1t0OA -- iters: 125, len: 0
sql.py:26,10:17:19:commit:57:E1t0OA -- iters: 125, len: 0
sql.py:26,10:17:19:commit:57:E1t0OA -- iters: 125, len: 0
sql.py:26,10:17:19:commit:57:E1t0OA -- iters: 125, len: 0
sql.py:26,10:17:19:commit:57:E1t0OA -- iters: 125, len: 0
sql.py:26,10:17:19:commit:57:E1t0OA -- iters: 125, len: 0
sql.py:26,10:17:19:commit:57:E1t0OA -- iters: 125, len: 0
sql.py:26,10:17:19:commit:57:E1t0OA -- iters: 125, len: 0
sql.py:26,10:17:19:commit:57:E1t0OA -- iters: 125, len: 0
sql.py:26,10:17:19:commit:57:E1t0OA -- iters: 125, len: 0
sql.py:26,10:17:19:commit:57:E1t0OA -- iters: 125, len: 0
sql.py:26,10:17:19:commit:57:E1t0OA -- iters: 125, len: 0
sql.py:26,10:17:19:commit:76:E1t0OA -- while loop done
sql.py:26,10:17:19:commit:76:E1t0OA -- while loop done
sql.py:26,10:17:19:commit:76:E1t0OA -- while loop done
sql.py:26,10:17:19:commit:76:E1t0OA -- while loop done
sql.py:26,10:17:19:commit:76:E1t0OA -- while loop done
sql.py:26,10:17:19:commit:76:E1t0OA -- while loop done
sql.py:26,10:17:19:commit:76:E1t0OA -- while loop done
sql.py:26,10:17:19:commit:76:E1t0OA -- while loop done
sql.py:26,10:17:19:commit:76:E1t0OA -- while loop done
sql.py:26,10:17:19:commit:76:E1t0OA -- while loop done
sql.py:26,10:17:19:commit:76:E1t0OA -- while loop done
sql.py:26,10:17:19:commit:76:E1t0OA -- while loop done
sql.py:26,10:17:19:commit:76:E1t0OA -- while loop done
sql.py:26,10:17:19:commit:76:E1t0OA -- while loop done
sql.py:26,10:17:19:commit:84:E1t0OA -- commit func done
sql.py:26,10:17:19:commit:76:E1t0OA -- while loop done
sql.py:26,10:17:19:commit:76:E1t0OA -- while loop done
sql.py:26,10:17:19:commit:76:E1t0OA -- while loop done
sql.py:26,10:17:19:commit:76:E1t0OA -- while loop done
sql.py:26,10:17:19:commit:76:E1t0OA -- while loop done
sql.py:26,10:17:19:commit:76:E1t0OA -- while loop done
sql.py:26,10:17:19:commit:76:E1t0OA -- while loop done
sql.py:26,10:17:19:commit:76:E1t0OA -- while loop done
sql.py:26,10:17:19:commit:76:E1t0OA -- while loop done
sql.py:26,10:17:19:commit:76:E1t0OA -- while loop done
sql.py:26,10:17:19:commit:76:E1t0OA -- while loop done
sql.py:26,10:17:19:commit:76:E1t0OA -- while loop done
sql.py:26,10:17:19:commit:76:E1t0OA -- while loop done
sql.py:26,10:17:19:commit:76:E1t0OA -- while loop done
sql.py:26,10:17:19:commit:76:E1t0OA -- while loop done
sql.py:26,10:17:19:commit:84:E1t0OA -- commit func done
sql.py:26,10:17:19:commit:84:E1t0OA -- commit func done
sql.py:26,10:17:19:commit:84:E1t0OA -- commit func done
sql.py:26,10:17:19:commit:84:E1t0OA -- commit func done
sql.py:26,10:17:19:commit:84:E1t0OA -- commit func done
sql.py:26,10:17:19:commit:84:E1t0OA -- commit func done
sql.py:26,10:17:19:commit:84:E1t0OA -- commit func done
sql.py:26,10:17:19:commit:84:E1t0OA -- commit func done
sql.py:26,10:17:19:commit:84:E1t0OA -- commit func done
sql.py:26,10:17:19:commit:84:E1t0OA -- commit func done
sql.py:26,10:17:19:commit:84:E1t0OA -- commit func done
sql.py:26,10:17:19:commit:84:E1t0OA -- commit func done
sql.py:26,10:17:19:commit:84:E1t0OA -- commit func done
sql.py:26,10:17:19:commit:84:E1t0OA -- commit func done
sql.py:26,10:17:19:commit:84:E1t0OA -- commit func done
sql.py:26,10:17:19:commit:84:E1t0OA -- commit func done
sql.py:26,10:17:19:commit:84:E1t0OA -- commit func done
sql.py:26,10:17:19:commit:84:E1t0OA -- commit func done
sql.py:26,10:17:19:commit:84:E1t0OA -- commit func done
sql.py:26,10:17:19:commit:84:E1t0OA -- commit func done
sql.py:26,10:17:19:commit:84:E1t0OA -- commit func done
sql.py:26,10:17:19:commit:84:E1t0OA -- commit func done
sql.py:26,10:17:19:commit:84:E1t0OA -- commit func done
sql.py:26,10:17:19:commit:84:E1t0OA -- commit func done
sql.py:26,10:17:19:commit:84:E1t0OA -- commit func done
sql.py:26,10:17:19:commit:84:E1t0OA -- commit func done
sql.py:26,10:17:19:commit:84:E1t0OA -- commit func done
sql.py:26,10:17:19:commit:84:E1t0OA -- commit func done
sql.py:26,10:17:19:commit:84:E1t0OA -- commit func done
configlo:26,10:17:21:mp_sendmail:115:E1t0OA -- sending mail
sql.py:26,10:17:26:report:42:E1t0OA -- lt_files size 82 
sql.py:26,10:17:29:commit:72:E1t0OA -- committing
sql.py:26,10:17:30:commit:72:E1t0OA -- committing
sql.py:26,10:17:30:commit:76:E1t0OA -- while loop done
sql.py:26,10:17:30:commit:84:E1t0OA -- commit func done
sql.py:26,10:17:30:commit:76:E1t0OA -- while loop done
sql.py:26,10:17:30:commit:84:E1t0OA -- commit func done
sql.py:26,10:17:30:commit:72:E1t0OA -- committing
sql.py:26,10:17:30:commit:76:E1t0OA -- while loop done
sql.py:26,10:17:30:commit:84:E1t0OA -- commit func done
sql.py:26,10:17:30:commit:72:E1t0OA -- committing
sql.py:26,10:17:30:commit:76:E1t0OA -- while loop done
sql.py:26,10:17:30:commit:84:E1t0OA -- commit func done
sql.py:26,10:17:31:commit:72:E1t0OA -- committing
sql.py:26,10:17:31:commit:76:E1t0OA -- while loop done
sql.py:26,10:17:31:commit:84:E1t0OA -- commit func done
sql.py:26,10:17:31:report:42:E1t0OA -- lt_files size 75 
sql.py:26,10:17:32:load_from_dict:137:E1t0OA -- len dates: 50
sql.py:26,10:17:32:commit:57:E1t0OA -- iters: 125, len: 50
sql.py:26,10:17:32:commit:57:E1t0OA -- iters: 125, len: 50
sql.py:26,10:17:32:commit:57:E1t0OA -- iters: 125, len: 50
sql.py:26,10:17:32:commit:57:E1t0OA -- iters: 125, len: 50
sql.py:26,10:17:32:commit:57:E1t0OA -- iters: 125, len: 50
sql.py:26,10:17:32:commit:57:E1t0OA -- iters: 125, len: 50
sql.py:26,10:17:32:commit:57:E1t0OA -- iters: 125, len: 50
sql.py:26,10:17:32:commit:57:E1t0OA -- iters: 125, len: 50
sql.py:26,10:17:32:commit:76:E1t0OA -- while loop done
sql.py:26,10:17:32:commit:57:E1t0OA -- iters: 125, len: 0
sql.py:26,10:17:32:commit:57:E1t0OA -- iters: 125, len: 0
sql.py:26,10:17:32:commit:57:E1t0OA -- iters: 125, len: 0
sql.py:26,10:17:32:commit:76:E1t0OA -- while loop done
sql.py:26,10:17:32:commit:57:E1t0OA -- iters: 125, len: 0
sql.py:26,10:17:32:commit:57:E1t0OA -- iters: 125, len: 0
sql.py:26,10:17:32:commit:57:E1t0OA -- iters: 125, len: 0
sql.py:26,10:17:32:commit:76:E1t0OA -- while loop done
sql.py:26,10:17:32:commit:57:E1t0OA -- iters: 125, len: 0
sql.py:26,10:17:32:commit:57:E1t0OA -- iters: 125, len: 0
sql.py:26,10:17:32:commit:76:E1t0OA -- while loop done
sql.py:26,10:17:32:commit:57:E1t0OA -- iters: 125, len: 0
sql.py:26,10:17:32:commit:57:E1t0OA -- iters: 125, len: 0
sql.py:26,10:17:32:commit:57:E1t0OA -- iters: 125, len: 0
sql.py:26,10:17:32:commit:76:E1t0OA -- while loop done
sql.py:26,10:17:32:commit:57:E1t0OA -- iters: 125, len: 0
sql.py:26,10:17:32:commit:57:E1t0OA -- iters: 125, len: 0
sql.py:26,10:17:32:commit:57:E1t0OA -- iters: 125, len: 0
sql.py:26,10:17:32:commit:76:E1t0OA -- while loop done
sql.py:26,10:17:32:commit:57:E1t0OA -- iters: 125, len: 0
sql.py:26,10:17:32:commit:57:E1t0OA -- iters: 125, len: 0
sql.py:26,10:17:32:commit:57:E1t0OA -- iters: 125, len: 0
sql.py:26,10:17:32:commit:76:E1t0OA -- while loop done
sql.py:26,10:17:32:commit:57:E1t0OA -- iters: 125, len: 0
sql.py:26,10:17:32:commit:57:E1t0OA -- iters: 125, len: 0
sql.py:26,10:17:32:commit:57:E1t0OA -- iters: 125, len: 0
sql.py:26,10:17:32:commit:76:E1t0OA -- while loop done
sql.py:26,10:17:32:commit:57:E1t0OA -- iters: 125, len: 0
sql.py:26,10:17:32:commit:57:E1t0OA -- iters: 125, len: 0
sql.py:26,10:17:32:commit:57:E1t0OA -- iters: 125, len: 0
sql.py:26,10:17:32:commit:84:E1t0OA -- commit func done
sql.py:26,10:17:32:commit:57:E1t0OA -- iters: 125, len: 0
sql.py:26,10:17:32:commit:57:E1t0OA -- iters: 125, len: 0
sql.py:26,10:17:32:commit:76:E1t0OA -- while loop done
sql.py:26,10:17:32:commit:57:E1t0OA -- iters: 125, len: 0
sql.py:26,10:17:32:commit:57:E1t0OA -- iters: 125, len: 0
sql.py:26,10:17:32:commit:76:E1t0OA -- while loop done
sql.py:26,10:17:32:commit:76:E1t0OA -- while loop done
sql.py:26,10:17:32:commit:84:E1t0OA -- commit func done
sql.py:26,10:17:32:commit:76:E1t0OA -- while loop done
sql.py:26,10:17:32:commit:76:E1t0OA -- while loop done
sql.py:26,10:17:32:commit:76:E1t0OA -- while loop done
sql.py:26,10:17:32:commit:84:E1t0OA -- commit func done
sql.py:26,10:17:32:commit:76:E1t0OA -- while loop done
sql.py:26,10:17:32:commit:76:E1t0OA -- while loop done
sql.py:26,10:17:32:commit:84:E1t0OA -- commit func done
sql.py:26,10:17:32:commit:76:E1t0OA -- while loop done
sql.py:26,10:17:32:commit:76:E1t0OA -- while loop done
sql.py:26,10:17:32:commit:76:E1t0OA -- while loop done
sql.py:26,10:17:32:commit:84:E1t0OA -- commit func done
sql.py:26,10:17:32:commit:76:E1t0OA -- while loop done
sql.py:26,10:17:32:commit:76:E1t0OA -- while loop done
sql.py:26,10:17:32:commit:76:E1t0OA -- while loop done
sql.py:26,10:17:32:commit:84:E1t0OA -- commit func done
sql.py:26,10:17:32:commit:76:E1t0OA -- while loop done
sql.py:26,10:17:32:commit:76:E1t0OA -- while loop done
sql.py:26,10:17:32:commit:76:E1t0OA -- while loop done
sql.py:26,10:17:32:commit:84:E1t0OA -- commit func done
sql.py:26,10:17:32:commit:76:E1t0OA -- while loop done
sql.py:26,10:17:32:commit:76:E1t0OA -- while loop done
sql.py:26,10:17:32:commit:76:E1t0OA -- while loop done
sql.py:26,10:17:32:commit:84:E1t0OA -- commit func done
sql.py:26,10:17:32:commit:76:E1t0OA -- while loop done
sql.py:26,10:17:32:commit:76:E1t0OA -- while loop done
sql.py:26,10:17:32:commit:76:E1t0OA -- while loop done
sql.py:26,10:17:32:commit:76:E1t0OA -- while loop done
sql.py:26,10:17:32:commit:76:E1t0OA -- while loop done
sql.py:26,10:17:32:commit:84:E1t0OA -- commit func done
sql.py:26,10:17:32:commit:76:E1t0OA -- while loop done
sql.py:26,10:17:32:commit:76:E1t0OA -- while loop done
sql.py:26,10:17:32:commit:84:E1t0OA -- commit func done
sql.py:26,10:17:32:commit:84:E1t0OA -- commit func done
sql.py:26,10:17:32:commit:84:E1t0OA -- commit func done
sql.py:26,10:17:32:commit:84:E1t0OA -- commit func done
sql.py:26,10:17:32:commit:84:E1t0OA -- commit func done
sql.py:26,10:17:32:commit:84:E1t0OA -- commit func done
sql.py:26,10:17:32:commit:84:E1t0OA -- commit func done
sql.py:26,10:17:32:commit:84:E1t0OA -- commit func done
sql.py:26,10:17:32:commit:84:E1t0OA -- commit func done
sql.py:26,10:17:32:commit:84:E1t0OA -- commit func done
sql.py:26,10:17:32:commit:84:E1t0OA -- commit func done
sql.py:26,10:17:32:commit:84:E1t0OA -- commit func done
sql.py:26,10:17:32:commit:84:E1t0OA -- commit func done
sql.py:26,10:17:32:commit:84:E1t0OA -- commit func done
sql.py:26,10:17:32:commit:84:E1t0OA -- commit func done
sql.py:26,10:17:32:commit:84:E1t0OA -- commit func done
sql.py:26,10:17:32:commit:84:E1t0OA -- commit func done
sql.py:26,10:17:32:commit:84:E1t0OA -- commit func done
sql.py:26,10:17:32:commit:84:E1t0OA -- commit func done
sql.py:26,10:17:32:commit:84:E1t0OA -- commit func done
sql.py:26,10:17:32:commit:84:E1t0OA -- commit func done
sql.py:26,10:17:32:commit:84:E1t0OA -- commit func done
sql.py:26,10:17:32:commit:84:E1t0OA -- commit func done
sql.py:26,10:17:32:commit:84:E1t0OA -- commit func done
sql.py:26,10:17:32:commit:84:E1t0OA -- commit func done
sql.py:26,10:17:32:commit:84:E1t0OA -- commit func done
sql.py:26,10:17:34:load_from_dict:137:E1t0OA -- len dates: 2001
sql.py:26,10:17:34:commit:57:E1t0OA -- iters: 125, len: 2001
sql.py:26,10:17:34:commit:57:E1t0OA -- iters: 125, len: 2001
sql.py:26,10:17:34:commit:57:E1t0OA -- iters: 125, len: 2001
sql.py:26,10:17:34:commit:66:E1t0OA -- flushing, len: 1876
sql.py:26,10:17:34:commit:57:E1t0OA -- iters: 125, len: 1876
sql.py:26,10:17:34:commit:57:E1t0OA -- iters: 125, len: 1876
sql.py:26,10:17:34:commit:57:E1t0OA -- iters: 125, len: 1876
sql.py:26,10:17:34:commit:57:E1t0OA -- iters: 125, len: 1876
sql.py:26,10:17:34:commit:66:E1t0OA -- flushing, len: 1751
sql.py:26,10:17:34:commit:57:E1t0OA -- iters: 125, len: 1751
sql.py:26,10:17:34:commit:57:E1t0OA -- iters: 125, len: 1751
sql.py:26,10:17:34:commit:57:E1t0OA -- iters: 125, len: 1751
sql.py:26,10:17:34:commit:66:E1t0OA -- flushing, len: 1626
sql.py:26,10:17:34:commit:57:E1t0OA -- iters: 125, len: 1626
sql.py:26,10:17:34:commit:57:E1t0OA -- iters: 125, len: 1626
sql.py:26,10:17:34:commit:57:E1t0OA -- iters: 125, len: 1626
sql.py:26,10:17:34:commit:57:E1t0OA -- iters: 125, len: 1626
sql.py:26,10:17:34:commit:57:E1t0OA -- iters: 125, len: 1626
sql.py:26,10:17:34:commit:66:E1t0OA -- flushing, len: 1501
sql.py:26,10:17:34:commit:57:E1t0OA -- iters: 125, len: 1501
sql.py:26,10:17:34:commit:57:E1t0OA -- iters: 125, len: 1501
sql.py:26,10:17:34:commit:57:E1t0OA -- iters: 125, len: 1501
sql.py:26,10:17:34:commit:57:E1t0OA -- iters: 125, len: 1501
sql.py:26,10:17:34:commit:57:E1t0OA -- iters: 125, len: 1501
sql.py:26,10:17:34:commit:66:E1t0OA -- flushing, len: 1376
sql.py:26,10:17:34:commit:57:E1t0OA -- iters: 125, len: 1376
sql.py:26,10:17:34:commit:57:E1t0OA -- iters: 125, len: 1376
sql.py:26,10:17:34:commit:66:E1t0OA -- flushing, len: 1251
sql.py:26,10:17:34:commit:57:E1t0OA -- iters: 125, len: 1251
sql.py:26,10:17:34:commit:57:E1t0OA -- iters: 125, len: 1251
sql.py:26,10:17:34:commit:66:E1t0OA -- flushing, len: 1126
sql.py:26,10:17:34:commit:57:E1t0OA -- iters: 125, len: 1126
sql.py:26,10:17:34:commit:57:E1t0OA -- iters: 125, len: 1126
sql.py:26,10:17:34:commit:66:E1t0OA -- flushing, len: 1001
sql.py:26,10:17:34:commit:57:E1t0OA -- iters: 125, len: 1001
sql.py:26,10:17:34:commit:57:E1t0OA -- iters: 125, len: 1001
sql.py:26,10:17:34:commit:66:E1t0OA -- flushing, len: 876
sql.py:26,10:17:34:commit:57:E1t0OA -- iters: 125, len: 876
sql.py:26,10:17:34:commit:66:E1t0OA -- flushing, len: 751
sql.py:26,10:17:34:commit:57:E1t0OA -- iters: 125, len: 751
sql.py:26,10:17:34:commit:57:E1t0OA -- iters: 125, len: 751
sql.py:26,10:17:34:commit:57:E1t0OA -- iters: 125, len: 751
sql.py:26,10:17:34:commit:66:E1t0OA -- flushing, len: 626
sql.py:26,10:17:34:commit:57:E1t0OA -- iters: 125, len: 626
sql.py:26,10:17:34:commit:57:E1t0OA -- iters: 125, len: 626
sql.py:26,10:17:34:commit:57:E1t0OA -- iters: 125, len: 626
sql.py:26,10:17:34:commit:66:E1t0OA -- flushing, len: 501
sql.py:26,10:17:34:commit:66:E1t0OA -- flushing, len: 376
sql.py:26,10:17:34:commit:66:E1t0OA -- flushing, len: 251
sql.py:26,10:17:34:commit:66:E1t0OA -- flushing, len: 126
sql.py:26,10:17:34:commit:66:E1t0OA -- flushing, len: 1
sql.py:26,10:17:34:commit:76:E1t0OA -- while loop done
sql.py:26,10:17:34:commit:76:E1t0OA -- while loop done
sql.py:26,10:17:34:commit:76:E1t0OA -- while loop done
sql.py:26,10:17:34:commit:76:E1t0OA -- while loop done
sql.py:26,10:17:34:commit:76:E1t0OA -- while loop done
sql.py:26,10:17:34:commit:76:E1t0OA -- while loop done
sql.py:26,10:17:34:commit:76:E1t0OA -- while loop done
sql.py:26,10:17:34:commit:76:E1t0OA -- while loop done
sql.py:26,10:17:34:commit:76:E1t0OA -- while loop done
sql.py:26,10:17:34:commit:76:E1t0OA -- while loop done
sql.py:26,10:17:34:commit:76:E1t0OA -- while loop done
sql.py:26,10:17:34:commit:76:E1t0OA -- while loop done
sql.py:26,10:17:34:commit:76:E1t0OA -- while loop done
sql.py:26,10:17:34:commit:76:E1t0OA -- while loop done
sql.py:26,10:17:34:commit:76:E1t0OA -- while loop done
sql.py:26,10:17:34:commit:76:E1t0OA -- while loop done
sql.py:26,10:17:34:commit:76:E1t0OA -- while loop done
sql.py:26,10:17:34:commit:76:E1t0OA -- while loop done
sql.py:26,10:17:34:commit:76:E1t0OA -- while loop done
sql.py:26,10:17:34:commit:84:E1t0OA -- commit func done
sql.py:26,10:17:34:commit:84:E1t0OA -- commit func done
sql.py:26,10:17:34:commit:84:E1t0OA -- commit func done
sql.py:26,10:17:34:commit:84:E1t0OA -- commit func done
sql.py:26,10:17:34:commit:84:E1t0OA -- commit func done
sql.py:26,10:17:34:commit:84:E1t0OA -- commit func done
sql.py:26,10:17:34:commit:84:E1t0OA -- commit func done
sql.py:26,10:17:34:commit:84:E1t0OA -- commit func done
sql.py:26,10:17:34:commit:84:E1t0OA -- commit func done
sql.py:26,10:17:34:commit:84:E1t0OA -- commit func done
sql.py:26,10:17:34:commit:84:E1t0OA -- commit func done
sql.py:26,10:17:34:commit:84:E1t0OA -- commit func done
sql.py:26,10:17:34:commit:84:E1t0OA -- commit func done
sql.py:26,10:17:34:commit:84:E1t0OA -- commit func done
sql.py:26,10:17:34:commit:84:E1t0OA -- commit func done
sql.py:26,10:17:34:commit:84:E1t0OA -- commit func done
sql.py:26,10:17:34:commit:84:E1t0OA -- commit func done
sql.py:26,10:17:34:commit:84:E1t0OA -- commit func done
sql.py:26,10:17:34:commit:84:E1t0OA -- commit func done
configlo:26,10:17:36:mp_sendmail:115:E1t0OA -- sending mail
sql.py:26,10:17:41:report:42:E1t0OA -- lt_files size 66 
configlo:26,10:17:46:mp_sendmail:115:E1t0OA -- sending mail
sql.py:26,10:17:46:commit:72:E1t0OA -- committing
sql.py:26,10:17:46:commit:76:E1t0OA -- while loop done
sql.py:26,10:17:46:commit:84:E1t0OA -- commit func done
sql.py:26,10:17:47:commit:72:E1t0OA -- committing
sql.py:26,10:17:47:commit:76:E1t0OA -- while loop done
sql.py:26,10:17:47:commit:84:E1t0OA -- commit func done
sql.py:26,10:17:47:commit:72:E1t0OA -- committing
sql.py:26,10:17:47:commit:76:E1t0OA -- while loop done
sql.py:26,10:17:47:commit:84:E1t0OA -- commit func done
sql.py:26,10:17:47:commit:72:E1t0OA -- committing
sql.py:26,10:17:47:commit:72:E1t0OA -- committing
sql.py:26,10:17:47:commit:72:E1t0OA -- committing
sql.py:26,10:17:47:commit:76:E1t0OA -- while loop done
sql.py:26,10:17:47:commit:76:E1t0OA -- while loop done
sql.py:26,10:17:47:commit:84:E1t0OA -- commit func done
sql.py:26,10:17:47:commit:76:E1t0OA -- while loop done
sql.py:26,10:17:47:commit:84:E1t0OA -- commit func done
sql.py:26,10:17:47:commit:84:E1t0OA -- commit func done
sql.py:26,10:17:47:commit:72:E1t0OA -- committing
sql.py:26,10:17:48:commit:76:E1t0OA -- while loop done
sql.py:26,10:17:48:commit:72:E1t0OA -- committing
sql.py:26,10:17:48:commit:72:E1t0OA -- committing
sql.py:26,10:17:48:commit:84:E1t0OA -- commit func done
sql.py:26,10:17:48:commit:72:E1t0OA -- committing
sql.py:26,10:17:48:commit:76:E1t0OA -- while loop done
sql.py:26,10:17:48:commit:84:E1t0OA -- commit func done
sql.py:26,10:17:48:commit:76:E1t0OA -- while loop done
sql.py:26,10:17:48:commit:84:E1t0OA -- commit func done
sql.py:26,10:17:48:commit:72:E1t0OA -- committing
sql.py:26,10:17:48:commit:72:E1t0OA -- committing
sql.py:26,10:17:48:commit:72:E1t0OA -- committing
sql.py:26,10:17:48:commit:76:E1t0OA -- while loop done
sql.py:26,10:17:48:commit:72:E1t0OA -- committing
sql.py:26,10:17:48:commit:84:E1t0OA -- commit func done
sql.py:26,10:17:48:commit:72:E1t0OA -- committing
sql.py:26,10:17:48:commit:76:E1t0OA -- while loop done
sql.py:26,10:17:48:commit:76:E1t0OA -- while loop done
sql.py:26,10:17:48:commit:76:E1t0OA -- while loop done
sql.py:26,10:17:48:commit:76:E1t0OA -- while loop done
sql.py:26,10:17:48:commit:84:E1t0OA -- commit func done
sql.py:26,10:17:48:commit:84:E1t0OA -- commit func done
sql.py:26,10:17:48:commit:84:E1t0OA -- commit func done
sql.py:26,10:17:48:commit:84:E1t0OA -- commit func done
sql.py:26,10:17:48:commit:72:E1t0OA -- committing
sql.py:26,10:17:48:commit:76:E1t0OA -- while loop done
sql.py:26,10:17:48:commit:84:E1t0OA -- commit func done
sql.py:26,10:17:48:commit:76:E1t0OA -- while loop done
sql.py:26,10:17:48:commit:84:E1t0OA -- commit func done
sql.py:26,10:17:50:load_from_dict:137:E1t0OA -- len dates: 2906
sql.py:26,10:17:50:commit:57:E1t0OA -- iters: 125, len: 2906
sql.py:26,10:17:50:commit:57:E1t0OA -- iters: 125, len: 2906
sql.py:26,10:17:50:commit:57:E1t0OA -- iters: 125, len: 2906
sql.py:26,10:17:50:commit:66:E1t0OA -- flushing, len: 2781
sql.py:26,10:17:50:commit:57:E1t0OA -- iters: 125, len: 2781
sql.py:26,10:17:50:commit:57:E1t0OA -- iters: 125, len: 2781
sql.py:26,10:17:50:commit:66:E1t0OA -- flushing, len: 2656
sql.py:26,10:17:50:commit:57:E1t0OA -- iters: 125, len: 2656
sql.py:26,10:17:50:commit:66:E1t0OA -- flushing, len: 2531
sql.py:26,10:17:50:commit:57:E1t0OA -- iters: 125, len: 2531
sql.py:26,10:17:50:commit:57:E1t0OA -- iters: 125, len: 2531
sql.py:26,10:17:50:commit:57:E1t0OA -- iters: 125, len: 2531
sql.py:26,10:17:50:commit:57:E1t0OA -- iters: 125, len: 2531
sql.py:26,10:17:50:commit:57:E1t0OA -- iters: 125, len: 2531
sql.py:26,10:17:50:commit:57:E1t0OA -- iters: 125, len: 2531
sql.py:26,10:17:50:commit:57:E1t0OA -- iters: 125, len: 2531
sql.py:26,10:17:50:commit:66:E1t0OA -- flushing, len: 2406
sql.py:26,10:17:50:commit:57:E1t0OA -- iters: 125, len: 2406
sql.py:26,10:17:50:commit:57:E1t0OA -- iters: 125, len: 2406
sql.py:26,10:17:50:commit:57:E1t0OA -- iters: 125, len: 2406
sql.py:26,10:17:50:commit:66:E1t0OA -- flushing, len: 2281
sql.py:26,10:17:50:commit:57:E1t0OA -- iters: 125, len: 2281
sql.py:26,10:17:50:commit:57:E1t0OA -- iters: 125, len: 2281
sql.py:26,10:17:50:commit:57:E1t0OA -- iters: 125, len: 2281
sql.py:26,10:17:50:commit:57:E1t0OA -- iters: 125, len: 2281
sql.py:26,10:17:50:commit:57:E1t0OA -- iters: 125, len: 2281
sql.py:26,10:17:50:commit:66:E1t0OA -- flushing, len: 2156
sql.py:26,10:17:50:commit:57:E1t0OA -- iters: 125, len: 2156
sql.py:26,10:17:50:commit:57:E1t0OA -- iters: 125, len: 2156
sql.py:26,10:17:50:commit:57:E1t0OA -- iters: 125, len: 2156
sql.py:26,10:17:50:commit:57:E1t0OA -- iters: 125, len: 2156
sql.py:26,10:17:50:commit:66:E1t0OA -- flushing, len: 2031
sql.py:26,10:17:50:commit:57:E1t0OA -- iters: 125, len: 2031
sql.py:26,10:17:50:commit:66:E1t0OA -- flushing, len: 1906
sql.py:26,10:17:50:commit:57:E1t0OA -- iters: 125, len: 1906
sql.py:26,10:17:50:commit:57:E1t0OA -- iters: 125, len: 1906
sql.py:26,10:17:50:commit:66:E1t0OA -- flushing, len: 1781
sql.py:26,10:17:50:commit:57:E1t0OA -- iters: 125, len: 1781
sql.py:26,10:17:50:commit:66:E1t0OA -- flushing, len: 1656
sql.py:26,10:17:50:commit:57:E1t0OA -- iters: 125, len: 1656
sql.py:26,10:17:50:commit:57:E1t0OA -- iters: 125, len: 1656
sql.py:26,10:17:50:commit:66:E1t0OA -- flushing, len: 1531
sql.py:26,10:17:51:commit:57:E1t0OA -- iters: 125, len: 1531
sql.py:26,10:17:51:commit:57:E1t0OA -- iters: 125, len: 1531
sql.py:26,10:17:51:commit:57:E1t0OA -- iters: 125, len: 1531
sql.py:26,10:17:51:commit:66:E1t0OA -- flushing, len: 1406
sql.py:26,10:17:51:commit:57:E1t0OA -- iters: 125, len: 1406
sql.py:26,10:17:51:commit:66:E1t0OA -- flushing, len: 1281
sql.py:26,10:17:51:commit:66:E1t0OA -- flushing, len: 1156
sql.py:26,10:17:51:commit:66:E1t0OA -- flushing, len: 1031
sql.py:26,10:17:51:commit:66:E1t0OA -- flushing, len: 906
sql.py:26,10:17:51:commit:66:E1t0OA -- flushing, len: 781
sql.py:26,10:17:51:commit:66:E1t0OA -- flushing, len: 656
sql.py:26,10:17:51:commit:66:E1t0OA -- flushing, len: 531
sql.py:26,10:17:51:commit:66:E1t0OA -- flushing, len: 406
sql.py:26,10:17:51:commit:66:E1t0OA -- flushing, len: 281
sql.py:26,10:17:51:commit:66:E1t0OA -- flushing, len: 156
sql.py:26,10:17:51:commit:66:E1t0OA -- flushing, len: 31
sql.py:26,10:17:51:commit:76:E1t0OA -- while loop done
sql.py:26,10:17:51:commit:76:E1t0OA -- while loop done
sql.py:26,10:17:51:commit:76:E1t0OA -- while loop done
sql.py:26,10:17:51:commit:76:E1t0OA -- while loop done
sql.py:26,10:17:51:commit:76:E1t0OA -- while loop done
sql.py:26,10:17:51:commit:76:E1t0OA -- while loop done
sql.py:26,10:17:51:commit:76:E1t0OA -- while loop done
sql.py:26,10:17:51:commit:76:E1t0OA -- while loop done
sql.py:26,10:17:51:commit:76:E1t0OA -- while loop done
sql.py:26,10:17:51:commit:76:E1t0OA -- while loop done
sql.py:26,10:17:51:commit:76:E1t0OA -- while loop done
sql.py:26,10:17:51:commit:76:E1t0OA -- while loop done
sql.py:26,10:17:51:commit:84:E1t0OA -- commit func done
sql.py:26,10:17:51:commit:84:E1t0OA -- commit func done
sql.py:26,10:17:51:commit:84:E1t0OA -- commit func done
sql.py:26,10:17:51:commit:84:E1t0OA -- commit func done
sql.py:26,10:17:51:commit:84:E1t0OA -- commit func done
sql.py:26,10:17:51:commit:84:E1t0OA -- commit func done
sql.py:26,10:17:51:commit:84:E1t0OA -- commit func done
sql.py:26,10:17:51:commit:84:E1t0OA -- commit func done
sql.py:26,10:17:51:commit:84:E1t0OA -- commit func done
sql.py:26,10:17:51:commit:84:E1t0OA -- commit func done
sql.py:26,10:17:51:commit:84:E1t0OA -- commit func done
sql.py:26,10:17:51:commit:84:E1t0OA -- commit func done
sql.py:26,10:17:51:report:42:E1t0OA -- lt_files size 57 
sql.py:26,10:17:56:report:42:E1t0OA -- lt_files size 57 
sql.py:26,10:18:01:report:42:E1t0OA -- lt_files size 57 
configlo:26,10:18:06:mp_sendmail:115:E1t0OA -- sending mail
sql.py:26,10:18:09:commit:72:E1t0OA -- committing
sql.py:26,10:18:10:commit:72:E1t0OA -- committing
sql.py:26,10:18:10:commit:76:E1t0OA -- while loop done
sql.py:26,10:18:10:commit:84:E1t0OA -- commit func done
sql.py:26,10:18:10:commit:72:E1t0OA -- committing
sql.py:26,10:18:10:commit:72:E1t0OA -- committing
sql.py:26,10:18:10:commit:76:E1t0OA -- while loop done
sql.py:26,10:18:10:commit:84:E1t0OA -- commit func done
sql.py:26,10:18:10:commit:72:E1t0OA -- committing
sql.py:26,10:18:10:commit:72:E1t0OA -- committing
sql.py:26,10:18:10:commit:72:E1t0OA -- committing
sql.py:26,10:18:10:commit:72:E1t0OA -- committing
sql.py:26,10:18:10:commit:72:E1t0OA -- committing
sql.py:26,10:18:10:commit:76:E1t0OA -- while loop done
sql.py:26,10:18:10:commit:84:E1t0OA -- commit func done
sql.py:26,10:18:10:commit:72:E1t0OA -- committing
sql.py:26,10:18:10:commit:76:E1t0OA -- while loop done
sql.py:26,10:18:10:commit:84:E1t0OA -- commit func done
sql.py:26,10:18:10:commit:76:E1t0OA -- while loop done
sql.py:26,10:18:10:commit:76:E1t0OA -- while loop done
sql.py:26,10:18:10:commit:84:E1t0OA -- commit func done
sql.py:26,10:18:10:commit:84:E1t0OA -- commit func done
sql.py:26,10:18:10:commit:76:E1t0OA -- while loop done
sql.py:26,10:18:10:commit:84:E1t0OA -- commit func done
sql.py:26,10:18:10:commit:76:E1t0OA -- while loop done
sql.py:26,10:18:10:commit:72:E1t0OA -- committing
sql.py:26,10:18:10:commit:84:E1t0OA -- commit func done
sql.py:26,10:18:10:commit:76:E1t0OA -- while loop done
sql.py:26,10:18:10:commit:84:E1t0OA -- commit func done
sql.py:26,10:18:10:commit:76:E1t0OA -- while loop done
sql.py:26,10:18:10:commit:84:E1t0OA -- commit func done
sql.py:26,10:18:10:commit:72:E1t0OA -- committing
sql.py:26,10:18:10:commit:76:E1t0OA -- while loop done
sql.py:26,10:18:10:commit:84:E1t0OA -- commit func done
sql.py:26,10:18:10:commit:72:E1t0OA -- committing
sql.py:26,10:18:10:commit:76:E1t0OA -- while loop done
sql.py:26,10:18:10:commit:84:E1t0OA -- commit func done
sql.py:26,10:18:10:commit:76:E1t0OA -- while loop done
sql.py:26,10:18:10:commit:84:E1t0OA -- commit func done
sql.py:26,10:18:10:commit:72:E1t0OA -- committing
sql.py:26,10:18:10:commit:72:E1t0OA -- committing
sql.py:26,10:18:10:commit:76:E1t0OA -- while loop done
sql.py:26,10:18:10:commit:84:E1t0OA -- commit func done
sql.py:26,10:18:11:commit:76:E1t0OA -- while loop done
sql.py:26,10:18:11:commit:84:E1t0OA -- commit func done
sql.py:26,10:18:11:commit:72:E1t0OA -- committing
sql.py:26,10:18:11:commit:72:E1t0OA -- committing
sql.py:26,10:18:11:commit:72:E1t0OA -- committing
sql.py:26,10:18:11:commit:76:E1t0OA -- while loop done
sql.py:26,10:18:11:commit:76:E1t0OA -- while loop done
sql.py:26,10:18:11:commit:84:E1t0OA -- commit func done
sql.py:26,10:18:11:commit:84:E1t0OA -- commit func done
sql.py:26,10:18:11:commit:76:E1t0OA -- while loop done
sql.py:26,10:18:11:commit:84:E1t0OA -- commit func done
sql.py:26,10:18:11:commit:72:E1t0OA -- committing
sql.py:26,10:18:11:commit:72:E1t0OA -- committing
sql.py:26,10:18:11:commit:76:E1t0OA -- while loop done
sql.py:26,10:18:11:commit:84:E1t0OA -- commit func done
sql.py:26,10:18:11:commit:72:E1t0OA -- committing
sql.py:26,10:18:11:commit:76:E1t0OA -- while loop done
sql.py:26,10:18:11:commit:84:E1t0OA -- commit func done
sql.py:26,10:18:11:commit:72:E1t0OA -- committing
sql.py:26,10:18:11:commit:76:E1t0OA -- while loop done
sql.py:26,10:18:11:commit:84:E1t0OA -- commit func done
sql.py:26,10:18:11:report:42:E1t0OA -- lt_files size 57 
sql.py:26,10:18:11:commit:76:E1t0OA -- while loop done
sql.py:26,10:18:11:commit:84:E1t0OA -- commit func done
sql.py:26,10:18:11:commit:72:E1t0OA -- committing
sql.py:26,10:18:11:commit:76:E1t0OA -- while loop done
sql.py:26,10:18:11:commit:84:E1t0OA -- commit func done
configlo:26,10:18:17:mp_sendmail:115:E1t0OA -- sending mail
sql.py:26,10:38:01:report:42:E1t0OA -- lt_files size 51 
configlo:26,10:38:06:mp_sendmail:115:E1t0OA -- sending mail
sql.py:26,10:38:11:report:42:E1t0OA -- lt_files size 51 
configlo:26,10:38:16:mp_sendmail:115:E1t0OA -- sending mail
sql.py:26,10:38:21:report:42:E1t0OA -- lt_files size 51 
sql.py:26,10:38:26:report:42:E1t0OA -- lt_files size 51 
configlo:26,10:38:31:mp_sendmail:115:E1t0OA -- sending mail
sql.py:26,10:38:36:report:42:E1t0OA -- lt_files size 51 
configlo:26,10:38:41:mp_sendmail:115:E1t0OA -- sending mail
sql.py:26,10:38:46:report:42:E1t0OA -- lt_files size 51 
configlo:26,10:38:51:mp_sendmail:115:E1t0OA -- sending mail
sql.py:26,10:38:56:report:42:E1t0OA -- lt_files size 51 
sql.py:26,10:39:01:report:42:E1t0OA -- lt_files size 51 
sql.py:26,10:39:06:report:42:E1t0OA -- lt_files size 51 
sql.py:26,10:39:11:report:42:E1t0OA -- lt_files size 51 
sql.py:26,10:39:16:report:42:E1t0OA -- lt_files size 51 
sql.py:26,10:39:21:report:42:E1t0OA -- lt_files size 51 
sql.py:26,10:39:26:report:42:E1t0OA -- lt_files size 51 
configlo:26,10:39:31:mp_sendmail:115:E1t0OA -- sending mail
sql.py:26,10:39:36:report:42:E1t0OA -- lt_files size 51 
configlo:26,10:39:41:mp_sendmail:115:E1t0OA -- sending mail
sql.py:26,10:39:46:report:42:E1t0OA -- lt_files size 51 
configlo:26,10:39:51:mp_sendmail:115:E1t0OA -- sending mail
sql.py:26,10:39:56:report:42:E1t0OA -- lt_files size 51 
sql.py:26,10:40:01:report:42:E1t0OA -- lt_files size 51 
configlo:26,10:40:06:mp_sendmail:115:E1t0OA -- sending mail
sql.py:26,10:40:11:report:42:E1t0OA -- lt_files size 51 
sql.py:26,10:40:16:report:42:E1t0OA -- lt_files size 51 
sql.py:26,10:40:22:report:42:E1t0OA -- lt_files size 51 
configlo:26,10:40:27:mp_sendmail:115:E1t0OA -- sending mail
sql.py:26,10:40:32:report:42:E1t0OA -- lt_files size 51 
sql.py:26,10:40:37:report:42:E1t0OA -- lt_files size 51 
configlo:26,10:40:42:mp_sendmail:115:E1t0OA -- sending mail
sql.py:26,10:40:47:report:42:E1t0OA -- lt_files size 51 
configlo:26,10:40:52:mp_sendmail:115:E1t0OA -- sending mail
sql.py:26,10:40:57:report:42:E1t0OA -- lt_files size 51 
configlo:26,10:41:02:mp_sendmail:115:E1t0OA -- sending mail
sql.py:26,10:41:07:report:42:E1t0OA -- lt_files size 51 
configlo:26,10:41:12:mp_sendmail:115:E1t0OA -- sending mail
sql.py:26,10:41:17:report:42:E1t0OA -- lt_files size 51 
configlo:26,10:41:22:mp_sendmail:115:E1t0OA -- sending mail
sql.py:26,10:41:27:report:42:E1t0OA -- lt_files size 51 
sql.py:26,10:41:32:report:42:E1t0OA -- lt_files size 51 
configlo:26,10:41:37:mp_sendmail:115:E1t0OA -- sending mail
sql.py:26,10:41:42:report:42:E1t0OA -- lt_files size 51 
configlo:26,10:41:47:mp_sendmail:115:E1t0OA -- sending mail
sql.py:26,10:41:52:report:42:E1t0OA -- lt_files size 51 
sql.py:26,10:41:57:report:42:E1t0OA -- lt_files size 51 
sql.py:26,10:42:02:report:42:E1t0OA -- lt_files size 51 
sql.py:26,10:42:07:report:42:E1t0OA -- lt_files size 51 
sql.py:26,10:42:12:report:42:E1t0OA -- lt_files size 51 
sql.py:26,10:42:17:report:42:E1t0OA -- lt_files size 51 
configlo:26,10:42:19:handle_exception:82:E1t0OA -- Custom Uncaught exception
Traceback (most recent call last):
  File "/usr/lib/python3.8/encodings/utf_16_le.py", line 15, in decode
    def decode(input, errors='strict'):
KeyboardInterrupt

The above exception was the direct cause of the following exception:

KeyboardInterrupt: decoding with 'utf-16le' codec failed (KeyboardInterrupt: )

The above exception was the direct cause of the following exception:

Traceback (most recent call last):
  File "/usr/lib/python3.8/runpy.py", line 193, in _run_module_as_main
    return _run_code(code, main_globals, None,
  File "/usr/lib/python3.8/runpy.py", line 86, in _run_code
    exec(code, run_globals)
  File "/home/henry/pydocs/processing/sql.py", line 299, in <module>
    wpath = "/home/henry/pydocs/data/527e4afc-4598-400f-8536-afa5324f0ba4/"
  File "/home/henry/pydocs/processing/sql.py", line 214, in start
  File "/home/henry/pydocs/processing/sql.py", line 128, in load_from_dict
    for m, d in files:
  File "/home/henry/.virtualenvs/pydocs/lib/python3.8/site-packages/sqlalchemy/orm/attributes.py", line 286, in __get__
    return self.impl.get(instance_state(instance), dict_)
  File "/home/henry/.virtualenvs/pydocs/lib/python3.8/site-packages/sqlalchemy/orm/attributes.py", line 717, in get
    value = state._load_expired(state, passive)
  File "/home/henry/.virtualenvs/pydocs/lib/python3.8/site-packages/sqlalchemy/orm/state.py", line 652, in _load_expired
    self.manager.deferred_scalar_loader(self, toload)
  File "/home/henry/.virtualenvs/pydocs/lib/python3.8/site-packages/sqlalchemy/orm/loading.py", line 1008, in load_scalar_attributes
    result = load_on_ident(
  File "/home/henry/.virtualenvs/pydocs/lib/python3.8/site-packages/sqlalchemy/orm/loading.py", line 201, in load_on_ident
    return load_on_pk_identity(
  File "/home/henry/.virtualenvs/pydocs/lib/python3.8/site-packages/sqlalchemy/orm/loading.py", line 287, in load_on_pk_identity
    return q.one()
  File "/home/henry/.virtualenvs/pydocs/lib/python3.8/site-packages/sqlalchemy/orm/query.py", line 3360, in one
    ret = self.one_or_none()
  File "/home/henry/.virtualenvs/pydocs/lib/python3.8/site-packages/sqlalchemy/orm/query.py", line 3329, in one_or_none
    ret = list(self)
  File "/home/henry/.virtualenvs/pydocs/lib/python3.8/site-packages/sqlalchemy/orm/query.py", line 3405, in __iter__
    return self._execute_and_instances(context)
  File "/home/henry/.virtualenvs/pydocs/lib/python3.8/site-packages/sqlalchemy/orm/query.py", line 3430, in _execute_and_instances
    result = conn.execute(querycontext.statement, self._params)
  File "/home/henry/.virtualenvs/pydocs/lib/python3.8/site-packages/sqlalchemy/engine/base.py", line 984, in execute
    return meth(self, multiparams, params)
  File "/home/henry/.virtualenvs/pydocs/lib/python3.8/site-packages/sqlalchemy/sql/elements.py", line 293, in _execute_on_connection
    return connection._execute_clauseelement(self, multiparams, params)
  File "/home/henry/.virtualenvs/pydocs/lib/python3.8/site-packages/sqlalchemy/engine/base.py", line 1097, in _execute_clauseelement
    ret = self._execute_context(
  File "/home/henry/.virtualenvs/pydocs/lib/python3.8/site-packages/sqlalchemy/engine/base.py", line 1287, in _execute_context
    self._handle_dbapi_exception(
  File "/home/henry/.virtualenvs/pydocs/lib/python3.8/site-packages/sqlalchemy/engine/base.py", line 1485, in _handle_dbapi_exception
    util.raise_(exc_info[1], with_traceback=exc_info[2])
  File "/home/henry/.virtualenvs/pydocs/lib/python3.8/site-packages/sqlalchemy/util/compat.py", line 178, in raise_
    raise exception
  File "/home/henry/.virtualenvs/pydocs/lib/python3.8/site-packages/sqlalchemy/engine/base.py", line 1247, in _execute_context
    self.dialect.do_execute(
  File "/home/henry/.virtualenvs/pydocs/lib/python3.8/site-packages/sqlalchemy/engine/default.py", line 590, in do_execute
    cursor.execute(statement, parameters)
SystemError: <class 'pyodbc.Error'> returned a result with an error set
configlo:26,10:42:19:mp_sendmail:115:E1t0OA -- sending mail
configlo:26,10:42:20:handle_exception:86:E1t0OA -- exiting! from sshook
