sql.py:25,15:43:00:<module>:24:EPkQZA -- Driver%3D%7BODBC+Driver+17+for+SQL+Server%7D%3BServer%3Dtcp%3Apydoc-db.database.windows.net%2C1433%3BDatabase%3Dpydocs%3BUid%3Dhenry2833%3BPwd%3D%7BInfoip32%7D%3BEncrypt%3Dyes%3BTrustServerCertificate%3Dno%3BConnection+Timeout%3D30%3B
log.py:25,15:43:01:info:110:EPkQZA -- SELECT CAST(SERVERPROPERTY('ProductVersion') AS VARCHAR)
log.py:25,15:43:01:info:110:EPkQZA -- ()
log.py:25,15:43:01:info:110:EPkQZA -- SELECT schema_name()
log.py:25,15:43:01:info:110:EPkQZA -- ()
log.py:25,15:43:01:info:110:EPkQZA -- SELECT CAST('test plain returns' AS VARCHAR(60)) AS anon_1
log.py:25,15:43:01:info:110:EPkQZA -- ()
log.py:25,15:43:02:info:110:EPkQZA -- SELECT CAST('test unicode returns' AS NVARCHAR(60)) AS anon_1
log.py:25,15:43:02:info:110:EPkQZA -- ()
log.py:25,15:43:02:info:110:EPkQZA -- SELECT [INFORMATION_SCHEMA].[COLUMNS].[TABLE_SCHEMA], [INFORMATION_SCHEMA].[COLUMNS].[TABLE_NAME], [INFORMATION_SCHEMA].[COLUMNS].[COLUMN_NAME], [INFORMATION_SCHEMA].[COLUMNS].[IS_NULLABLE], [INFORMATION_SCHEMA].[COLUMNS].[DATA_TYPE], [INFORMATION_SCHEMA].[COLUMNS].[ORDINAL_POSITION], [INFORMATION_SCHEMA].[COLUMNS].[CHARACTER_MAXIMUM_LENGTH], [INFORMATION_SCHEMA].[COLUMNS].[NUMERIC_PRECISION], [INFORMATION_SCHEMA].[COLUMNS].[NUMERIC_SCALE], [INFORMATION_SCHEMA].[COLUMNS].[COLUMN_DEFAULT], [INFORMATION_SCHEMA].[COLUMNS].[COLLATION_NAME] 
FROM [INFORMATION_SCHEMA].[COLUMNS] 
WHERE [INFORMATION_SCHEMA].[COLUMNS].[TABLE_NAME] = CAST(? AS NVARCHAR(max)) AND [INFORMATION_SCHEMA].[COLUMNS].[TABLE_SCHEMA] = CAST(? AS NVARCHAR(max))
log.py:25,15:43:02:info:110:EPkQZA -- ('files', 'dbo')
log.py:25,15:43:02:info:110:EPkQZA -- SELECT [INFORMATION_SCHEMA].[COLUMNS].[TABLE_SCHEMA], [INFORMATION_SCHEMA].[COLUMNS].[TABLE_NAME], [INFORMATION_SCHEMA].[COLUMNS].[COLUMN_NAME], [INFORMATION_SCHEMA].[COLUMNS].[IS_NULLABLE], [INFORMATION_SCHEMA].[COLUMNS].[DATA_TYPE], [INFORMATION_SCHEMA].[COLUMNS].[ORDINAL_POSITION], [INFORMATION_SCHEMA].[COLUMNS].[CHARACTER_MAXIMUM_LENGTH], [INFORMATION_SCHEMA].[COLUMNS].[NUMERIC_PRECISION], [INFORMATION_SCHEMA].[COLUMNS].[NUMERIC_SCALE], [INFORMATION_SCHEMA].[COLUMNS].[COLUMN_DEFAULT], [INFORMATION_SCHEMA].[COLUMNS].[COLLATION_NAME] 
FROM [INFORMATION_SCHEMA].[COLUMNS] 
WHERE [INFORMATION_SCHEMA].[COLUMNS].[TABLE_NAME] = CAST(? AS NVARCHAR(max)) AND [INFORMATION_SCHEMA].[COLUMNS].[TABLE_SCHEMA] = CAST(? AS NVARCHAR(max))
log.py:25,15:43:02:info:110:EPkQZA -- ('owner', 'dbo')
log.py:25,15:43:02:info:110:EPkQZA -- SELECT [INFORMATION_SCHEMA].[COLUMNS].[TABLE_SCHEMA], [INFORMATION_SCHEMA].[COLUMNS].[TABLE_NAME], [INFORMATION_SCHEMA].[COLUMNS].[COLUMN_NAME], [INFORMATION_SCHEMA].[COLUMNS].[IS_NULLABLE], [INFORMATION_SCHEMA].[COLUMNS].[DATA_TYPE], [INFORMATION_SCHEMA].[COLUMNS].[ORDINAL_POSITION], [INFORMATION_SCHEMA].[COLUMNS].[CHARACTER_MAXIMUM_LENGTH], [INFORMATION_SCHEMA].[COLUMNS].[NUMERIC_PRECISION], [INFORMATION_SCHEMA].[COLUMNS].[NUMERIC_SCALE], [INFORMATION_SCHEMA].[COLUMNS].[COLUMN_DEFAULT], [INFORMATION_SCHEMA].[COLUMNS].[COLLATION_NAME] 
FROM [INFORMATION_SCHEMA].[COLUMNS] 
WHERE [INFORMATION_SCHEMA].[COLUMNS].[TABLE_NAME] = CAST(? AS NVARCHAR(max)) AND [INFORMATION_SCHEMA].[COLUMNS].[TABLE_SCHEMA] = CAST(? AS NVARCHAR(max))
log.py:25,15:43:02:info:110:EPkQZA -- ('dates', 'dbo')
log.py:25,15:43:02:info:110:EPkQZA -- SELECT [INFORMATION_SCHEMA].[COLUMNS].[TABLE_SCHEMA], [INFORMATION_SCHEMA].[COLUMNS].[TABLE_NAME], [INFORMATION_SCHEMA].[COLUMNS].[COLUMN_NAME], [INFORMATION_SCHEMA].[COLUMNS].[IS_NULLABLE], [INFORMATION_SCHEMA].[COLUMNS].[DATA_TYPE], [INFORMATION_SCHEMA].[COLUMNS].[ORDINAL_POSITION], [INFORMATION_SCHEMA].[COLUMNS].[CHARACTER_MAXIMUM_LENGTH], [INFORMATION_SCHEMA].[COLUMNS].[NUMERIC_PRECISION], [INFORMATION_SCHEMA].[COLUMNS].[NUMERIC_SCALE], [INFORMATION_SCHEMA].[COLUMNS].[COLUMN_DEFAULT], [INFORMATION_SCHEMA].[COLUMNS].[COLLATION_NAME] 
FROM [INFORMATION_SCHEMA].[COLUMNS] 
WHERE [INFORMATION_SCHEMA].[COLUMNS].[TABLE_NAME] = CAST(? AS NVARCHAR(max)) AND [INFORMATION_SCHEMA].[COLUMNS].[TABLE_SCHEMA] = CAST(? AS NVARCHAR(max))
log.py:25,15:43:02:info:110:EPkQZA -- ('closure', 'dbo')
log.py:25,15:43:02:info:110:EPkQZA -- SELECT [INFORMATION_SCHEMA].[COLUMNS].[TABLE_SCHEMA], [INFORMATION_SCHEMA].[COLUMNS].[TABLE_NAME], [INFORMATION_SCHEMA].[COLUMNS].[COLUMN_NAME], [INFORMATION_SCHEMA].[COLUMNS].[IS_NULLABLE], [INFORMATION_SCHEMA].[COLUMNS].[DATA_TYPE], [INFORMATION_SCHEMA].[COLUMNS].[ORDINAL_POSITION], [INFORMATION_SCHEMA].[COLUMNS].[CHARACTER_MAXIMUM_LENGTH], [INFORMATION_SCHEMA].[COLUMNS].[NUMERIC_PRECISION], [INFORMATION_SCHEMA].[COLUMNS].[NUMERIC_SCALE], [INFORMATION_SCHEMA].[COLUMNS].[COLUMN_DEFAULT], [INFORMATION_SCHEMA].[COLUMNS].[COLLATION_NAME] 
FROM [INFORMATION_SCHEMA].[COLUMNS] 
WHERE [INFORMATION_SCHEMA].[COLUMNS].[TABLE_NAME] = CAST(? AS NVARCHAR(max)) AND [INFORMATION_SCHEMA].[COLUMNS].[TABLE_SCHEMA] = CAST(? AS NVARCHAR(max))
log.py:25,15:43:02:info:110:EPkQZA -- ('filename', 'dbo')
log.py:25,15:43:03:info:110:EPkQZA -- SELECT [INFORMATION_SCHEMA].[COLUMNS].[TABLE_SCHEMA], [INFORMATION_SCHEMA].[COLUMNS].[TABLE_NAME], [INFORMATION_SCHEMA].[COLUMNS].[COLUMN_NAME], [INFORMATION_SCHEMA].[COLUMNS].[IS_NULLABLE], [INFORMATION_SCHEMA].[COLUMNS].[DATA_TYPE], [INFORMATION_SCHEMA].[COLUMNS].[ORDINAL_POSITION], [INFORMATION_SCHEMA].[COLUMNS].[CHARACTER_MAXIMUM_LENGTH], [INFORMATION_SCHEMA].[COLUMNS].[NUMERIC_PRECISION], [INFORMATION_SCHEMA].[COLUMNS].[NUMERIC_SCALE], [INFORMATION_SCHEMA].[COLUMNS].[COLUMN_DEFAULT], [INFORMATION_SCHEMA].[COLUMNS].[COLLATION_NAME] 
FROM [INFORMATION_SCHEMA].[COLUMNS] 
WHERE [INFORMATION_SCHEMA].[COLUMNS].[TABLE_NAME] = CAST(? AS NVARCHAR(max)) AND [INFORMATION_SCHEMA].[COLUMNS].[TABLE_SCHEMA] = CAST(? AS NVARCHAR(max))
log.py:25,15:43:03:info:110:EPkQZA -- ('tasks', 'dbo')
sql.py:25,15:43:03:start:113:EPkQZA -- STARTING SQL testing2020-04-25 15:43:03.368892 /home/henry/pydocs/data/527e4afc-4598-400f-8536-afa5324f0ba4/
sql.py:25,15:43:03:start:115:EPkQZA -- setting sys except hook
sql.py:25,15:43:03:start:125:EPkQZA -- Owner name: testing2020-04-04 25 AprdBmoFzTXfw
log.py:25,15:43:03:info:110:EPkQZA -- BEGIN (implicit)
log.py:25,15:43:03:info:110:EPkQZA -- INSERT INTO owner (name) OUTPUT inserted.id VALUES (?)
log.py:25,15:43:03:info:110:EPkQZA -- ('testing2020-04-04 25 AprdBmoFzTXfw',)
sql.py:25,15:43:04:start:129:EPkQZA -- Added owner row, name: testing2020-04-04 25 AprdBmoFzTXfw id: 15
sql.py:25,15:43:04:start:141:EPkQZA -- Finished loading pickles
sql.py:25,15:43:04:start:159:EPkQZA -- File: 1NpTHMCkLa6lHL9Ok8a9hejyXihpujcQpVgSa7JNBP6s
sql.py:25,15:43:04:start:159:EPkQZA -- File: 1JEcM-IFEodRvDg7EE9AntQ4wwOBTRXcDFqRK5SR2I08
sql.py:25,15:43:04:start:159:EPkQZA -- File: 1LcO1aZmE6Jap4GF5ZpBGetjUSFeVBYg__DgWYlDwWY4
sql.py:25,15:43:04:start:179:EPkQZA -- len of id map 3 len of files 3
sql.py:25,15:43:04:start:184:EPkQZA -- starting bulk save
sql.py:25,15:43:04:adder:88:EPkQZA -- flushing adder
log.py:25,15:43:04:info:110:EPkQZA -- INSERT INTO files ([fileId], [lastModDate], parent_id, [isFile]) OUTPUT inserted.id VALUES (?, ?, ?, ?)
log.py:25,15:43:04:info:110:EPkQZA -- ('1NpTHMCkLa6lHL9Ok8a9hejyXihpujcQpVgSa7JNBP6s:25-15.371577dBmoFzTXfw', datetime.datetime(2020, 2, 3, 23, 11, 6, 450000), 15, 1)
log.py:25,15:43:04:info:110:EPkQZA -- INSERT INTO files ([fileId], [lastModDate], parent_id, [isFile]) OUTPUT inserted.id VALUES (?, ?, ?, ?)
log.py:25,15:43:04:info:110:EPkQZA -- ('1JEcM-IFEodRvDg7EE9AntQ4wwOBTRXcDFqRK5SR2I08:25-15.371577dBmoFzTXfw', datetime.datetime(2019, 4, 26, 16, 43, 57, 961000), 15, 1)
log.py:25,15:43:04:info:110:EPkQZA -- INSERT INTO files ([fileId], [lastModDate], parent_id, [isFile]) OUTPUT inserted.id VALUES (?, ?, ?, ?)
log.py:25,15:43:04:info:110:EPkQZA -- ('1LcO1aZmE6Jap4GF5ZpBGetjUSFeVBYg__DgWYlDwWY4:25-15.371577dBmoFzTXfw', datetime.datetime(2020, 4, 6, 22, 52, 8, 150000), 15, 1)
sql.py:25,15:43:04:start:186:EPkQZA -- bulked save done
sql.py:25,15:43:04:start:191:EPkQZA -- File added, id: 31
sql.py:25,15:43:04:start:191:EPkQZA -- File added, id: 32
sql.py:25,15:43:04:start:191:EPkQZA -- File added, id: 33
sql.py:25,15:43:04:start:193:EPkQZA -- sess flush done
sql.py:25,15:43:04:start:202:EPkQZA -- adding dates for file: 31, dates to be added 2
sql.py:25,15:43:04:start:207:EPkQZA -- [1580798526.504, 1580798584.5022, 1580798642.5004, 1580798700.4986, 1580798758.4968, 1580798816.495, 1580798874.4932, 1580798932.4914, 1580798990.4896, 1580799048.4878, 1580799106.486, 1580799164.4842, 1580799222.4824, 1580799280.4805999, 1580799338.4788, 1580799396.477, 1580799454.4752, 1580799512.4734, 1580799570.4716, 1580799628.4698, 1580799686.468, 1580799744.4662, 1580799802.4644, 1580799860.4626, 1580799918.4608, 1580799976.459, 1580800034.4572, 1580800092.4554, 1580800150.4536, 1580800208.4518]
sql.py:25,15:43:04:start:208:EPkQZA -- [42, 39, 31, 26, 32, 11, 36, 12, 0, 0, 31, 26, 31, 5, 0, 4, 11, 32, 19, 18, 7, 23, 6, 21, 14, 0, 17, 22, 26, 4]
sql.py:25,15:43:04:start:211:EPkQZA -- bin: 1580798526 val 42
sql.py:25,15:43:04:start:211:EPkQZA -- bin: 1580798584 val 39
sql.py:25,15:43:04:start:211:EPkQZA -- bin: 1580798642 val 31
sql.py:25,15:43:04:start:211:EPkQZA -- bin: 1580798700 val 26
sql.py:25,15:43:04:start:211:EPkQZA -- bin: 1580798758 val 32
sql.py:25,15:43:04:start:211:EPkQZA -- bin: 1580798816 val 11
sql.py:25,15:43:04:start:211:EPkQZA -- bin: 1580798874 val 36
sql.py:25,15:43:04:start:211:EPkQZA -- bin: 1580798932 val 12
sql.py:25,15:43:04:start:211:EPkQZA -- bin: 1580798990 val 0
sql.py:25,15:43:04:start:211:EPkQZA -- bin: 1580799048 val 0
sql.py:25,15:43:04:start:211:EPkQZA -- bin: 1580799106 val 31
sql.py:25,15:43:04:start:211:EPkQZA -- bin: 1580799164 val 26
sql.py:25,15:43:04:start:211:EPkQZA -- bin: 1580799222 val 31
sql.py:25,15:43:04:start:211:EPkQZA -- bin: 1580799280 val 5
sql.py:25,15:43:04:start:211:EPkQZA -- bin: 1580799338 val 0
sql.py:25,15:43:04:start:211:EPkQZA -- bin: 1580799396 val 4
sql.py:25,15:43:04:start:211:EPkQZA -- bin: 1580799454 val 11
sql.py:25,15:43:04:start:211:EPkQZA -- bin: 1580799512 val 32
sql.py:25,15:43:04:start:211:EPkQZA -- bin: 1580799570 val 19
sql.py:25,15:43:04:start:211:EPkQZA -- bin: 1580799628 val 18
sql.py:25,15:43:04:start:211:EPkQZA -- bin: 1580799686 val 7
sql.py:25,15:43:04:start:211:EPkQZA -- bin: 1580799744 val 23
sql.py:25,15:43:04:start:211:EPkQZA -- bin: 1580799802 val 6
sql.py:25,15:43:04:start:211:EPkQZA -- bin: 1580799860 val 21
sql.py:25,15:43:04:start:211:EPkQZA -- bin: 1580799918 val 14
sql.py:25,15:43:04:start:211:EPkQZA -- bin: 1580799976 val 0
sql.py:25,15:43:04:start:211:EPkQZA -- bin: 1580800034 val 17
sql.py:25,15:43:04:start:211:EPkQZA -- bin: 1580800092 val 22
sql.py:25,15:43:04:start:211:EPkQZA -- bin: 1580800150 val 26
sql.py:25,15:43:04:start:211:EPkQZA -- bin: 1580800208 val 4
sql.py:25,15:43:04:start:202:EPkQZA -- adding dates for file: 32, dates to be added 2
sql.py:25,15:43:04:start:207:EPkQZA -- [1552437584.445, 1552567072.8955333, 1552696561.3460667, 1552826049.7965999, 1552955538.2471333, 1553085026.6976666, 1553214515.1482, 1553344003.5987332, 1553473492.0492666, 1553602980.4998, 1553732468.9503334, 1553861957.4008665, 1553991445.8514, 1554120934.3019333, 1554250422.7524667, 1554379911.203, 1554509399.6535332, 1554638888.1040666, 1554768376.5546, 1554897865.0051334, 1555027353.4556665, 1555156841.9062, 1555286330.3567333, 1555415818.8072667, 1555545307.2577999, 1555674795.7083333, 1555804284.1588666, 1555933772.6094, 1556063261.0599332, 1556192749.5104666]
sql.py:25,15:43:04:start:208:EPkQZA -- [679, 474, 0, 0, 0, 0, 0, 0, 0, 0, 0, 0, 0, 0, 0, 797, 14, 0, 0, 0, 0, 0, 0, 0, 0, 0, 0, 0, 296, 242]
sql.py:25,15:43:04:start:211:EPkQZA -- bin: 1552437584 val 679
sql.py:25,15:43:04:start:211:EPkQZA -- bin: 1552567072 val 474
sql.py:25,15:43:04:start:211:EPkQZA -- bin: 1552696561 val 0
sql.py:25,15:43:04:start:211:EPkQZA -- bin: 1552826049 val 0
sql.py:25,15:43:04:start:211:EPkQZA -- bin: 1552955538 val 0
sql.py:25,15:43:04:start:211:EPkQZA -- bin: 1553085026 val 0
sql.py:25,15:43:04:start:211:EPkQZA -- bin: 1553214515 val 0
sql.py:25,15:43:04:start:211:EPkQZA -- bin: 1553344003 val 0
sql.py:25,15:43:04:start:211:EPkQZA -- bin: 1553473492 val 0
sql.py:25,15:43:04:start:211:EPkQZA -- bin: 1553602980 val 0
sql.py:25,15:43:04:start:211:EPkQZA -- bin: 1553732468 val 0
sql.py:25,15:43:04:start:211:EPkQZA -- bin: 1553861957 val 0
sql.py:25,15:43:04:start:211:EPkQZA -- bin: 1553991445 val 0
sql.py:25,15:43:04:start:211:EPkQZA -- bin: 1554120934 val 0
sql.py:25,15:43:04:start:211:EPkQZA -- bin: 1554250422 val 0
sql.py:25,15:43:04:start:211:EPkQZA -- bin: 1554379911 val 797
sql.py:25,15:43:04:start:211:EPkQZA -- bin: 1554509399 val 14
sql.py:25,15:43:04:start:211:EPkQZA -- bin: 1554638888 val 0
sql.py:25,15:43:04:start:211:EPkQZA -- bin: 1554768376 val 0
sql.py:25,15:43:04:start:211:EPkQZA -- bin: 1554897865 val 0
sql.py:25,15:43:04:start:211:EPkQZA -- bin: 1555027353 val 0
sql.py:25,15:43:04:start:211:EPkQZA -- bin: 1555156841 val 0
sql.py:25,15:43:04:start:211:EPkQZA -- bin: 1555286330 val 0
sql.py:25,15:43:04:start:211:EPkQZA -- bin: 1555415818 val 0
sql.py:25,15:43:04:start:211:EPkQZA -- bin: 1555545307 val 0
sql.py:25,15:43:04:start:211:EPkQZA -- bin: 1555674795 val 0
sql.py:25,15:43:04:start:211:EPkQZA -- bin: 1555804284 val 0
sql.py:25,15:43:04:start:211:EPkQZA -- bin: 1555933772 val 0
sql.py:25,15:43:04:start:211:EPkQZA -- bin: 1556063261 val 296
sql.py:25,15:43:04:start:211:EPkQZA -- bin: 1556192749 val 242
sql.py:25,15:43:04:start:202:EPkQZA -- adding dates for file: 33, dates to be added 2
sql.py:25,15:43:04:start:207:EPkQZA -- [1586235205.136, 1586235322.5698, 1586235440.0036, 1586235557.4373999, 1586235674.8711998, 1586235792.3049998, 1586235909.7388, 1586236027.1726, 1586236144.6064, 1586236262.0402, 1586236379.474, 1586236496.9078, 1586236614.3416, 1586236731.7754, 1586236849.2092, 1586236966.6430001, 1586237084.0768, 1586237201.5106, 1586237318.9444, 1586237436.3782, 1586237553.812, 1586237671.2458, 1586237788.6796, 1586237906.1134, 1586238023.5472, 1586238140.981, 1586238258.4148002, 1586238375.8486001, 1586238493.2824001, 1586238610.7162]
sql.py:25,15:43:04:start:208:EPkQZA -- [43, 26, 0, 0, 0, 20, 0, 0, 0, 0, 0, 17, 15, 23, 29, 49, 20, 31, 14, 42, 43, 56, 0, 20, 26, 30, 48, 8, 47, 40]
sql.py:25,15:43:04:start:211:EPkQZA -- bin: 1586235205 val 43
sql.py:25,15:43:04:start:211:EPkQZA -- bin: 1586235322 val 26
sql.py:25,15:43:04:start:211:EPkQZA -- bin: 1586235440 val 0
sql.py:25,15:43:04:start:211:EPkQZA -- bin: 1586235557 val 0
sql.py:25,15:43:04:start:211:EPkQZA -- bin: 1586235674 val 0
sql.py:25,15:43:04:start:211:EPkQZA -- bin: 1586235792 val 20
sql.py:25,15:43:04:start:211:EPkQZA -- bin: 1586235909 val 0
sql.py:25,15:43:04:start:211:EPkQZA -- bin: 1586236027 val 0
sql.py:25,15:43:04:start:211:EPkQZA -- bin: 1586236144 val 0
sql.py:25,15:43:04:start:211:EPkQZA -- bin: 1586236262 val 0
sql.py:25,15:43:04:start:211:EPkQZA -- bin: 1586236379 val 0
sql.py:25,15:43:04:start:211:EPkQZA -- bin: 1586236496 val 17
sql.py:25,15:43:04:start:211:EPkQZA -- bin: 1586236614 val 15
sql.py:25,15:43:04:start:211:EPkQZA -- bin: 1586236731 val 23
sql.py:25,15:43:04:start:211:EPkQZA -- bin: 1586236849 val 29
sql.py:25,15:43:04:start:211:EPkQZA -- bin: 1586236966 val 49
sql.py:25,15:43:04:start:211:EPkQZA -- bin: 1586237084 val 20
sql.py:25,15:43:04:start:211:EPkQZA -- bin: 1586237201 val 31
sql.py:25,15:43:04:start:211:EPkQZA -- bin: 1586237318 val 14
sql.py:25,15:43:04:start:211:EPkQZA -- bin: 1586237436 val 42
sql.py:25,15:43:04:start:211:EPkQZA -- bin: 1586237553 val 43
sql.py:25,15:43:04:start:211:EPkQZA -- bin: 1586237671 val 56
sql.py:25,15:43:04:start:211:EPkQZA -- bin: 1586237788 val 0
sql.py:25,15:43:04:start:211:EPkQZA -- bin: 1586237906 val 20
sql.py:25,15:43:04:start:211:EPkQZA -- bin: 1586238023 val 26
sql.py:25,15:43:04:start:211:EPkQZA -- bin: 1586238140 val 30
sql.py:25,15:43:04:start:211:EPkQZA -- bin: 1586238258 val 48
sql.py:25,15:43:04:start:211:EPkQZA -- bin: 1586238375 val 8
sql.py:25,15:43:04:start:211:EPkQZA -- bin: 1586238493 val 47
sql.py:25,15:43:04:start:211:EPkQZA -- bin: 1586238610 val 40
sql.py:25,15:43:04:start:215:EPkQZA -- len dates: 90
sql.py:25,15:43:04:commit:43:EPkQZA -- iters: 20, len: 90
sql.py:25,15:43:04:commit:52:EPkQZA -- flushing, len: 70
log.py:25,15:43:05:info:110:EPkQZA -- BEGIN (implicit)
log.py:25,15:43:05:info:110:EPkQZA -- INSERT INTO dates ([fileId], bins, [values]) VALUES (?, ?, ?)
log.py:25,15:43:05:info:110:EPkQZA -- ((31, 1580798526.504, 42), (31, 1580798584.5022, 39), (31, 1580798642.5004, 31), (31, 1580798700.4986, 26), (31, 1580798758.4968, 32), (31, 1580798816.495, 11), (31, 1580798874.4932, 36), (31, 1580798932.4914, 12)  ... displaying 10 of 20 total bound parameter sets ...  (31, 1580799570.4716, 19), (31, 1580799628.4698, 18))
log.py:25,15:43:17:info:110:EPkQZA -- ROLLBACK
configlo:25,15:43:17:handle_exception:81:EPkQZA -- Custom Uncaught exception
Traceback (most recent call last):
  File "/usr/lib/python3.8/encodings/utf_16_le.py", line 15, in decode
    def decode(input, errors='strict'):
KeyboardInterrupt

The above exception was the direct cause of the following exception:

KeyboardInterrupt: decoding with 'utf-16le' codec failed (KeyboardInterrupt: )

The above exception was the direct cause of the following exception:

Traceback (most recent call last):
  File "/home/henry/.virtualenvs/pydocs/lib/python3.8/site-packages/sqlalchemy/orm/session.py", line 2916, in _bulk_save_mappings
    persistence._bulk_insert(
  File "/home/henry/.virtualenvs/pydocs/lib/python3.8/site-packages/sqlalchemy/orm/persistence.py", line 95, in _bulk_insert
    _emit_insert_statements(
  File "/home/henry/.virtualenvs/pydocs/lib/python3.8/site-packages/sqlalchemy/orm/persistence.py", line 1083, in _emit_insert_statements
    c = cached_connections[connection].execute(statement, multiparams)
  File "/home/henry/.virtualenvs/pydocs/lib/python3.8/site-packages/sqlalchemy/engine/base.py", line 984, in execute
    return meth(self, multiparams, params)
  File "/home/henry/.virtualenvs/pydocs/lib/python3.8/site-packages/sqlalchemy/sql/elements.py", line 293, in _execute_on_connection
    return connection._execute_clauseelement(self, multiparams, params)
  File "/home/henry/.virtualenvs/pydocs/lib/python3.8/site-packages/sqlalchemy/engine/base.py", line 1097, in _execute_clauseelement
    ret = self._execute_context(
  File "/home/henry/.virtualenvs/pydocs/lib/python3.8/site-packages/sqlalchemy/engine/base.py", line 1287, in _execute_context
    self._handle_dbapi_exception(
  File "/home/henry/.virtualenvs/pydocs/lib/python3.8/site-packages/sqlalchemy/engine/base.py", line 1485, in _handle_dbapi_exception
    util.raise_(exc_info[1], with_traceback=exc_info[2])
  File "/home/henry/.virtualenvs/pydocs/lib/python3.8/site-packages/sqlalchemy/util/compat.py", line 178, in raise_
    raise exception
  File "/home/henry/.virtualenvs/pydocs/lib/python3.8/site-packages/sqlalchemy/engine/base.py", line 1227, in _execute_context
    self.dialect.do_executemany(
  File "/home/henry/.virtualenvs/pydocs/lib/python3.8/site-packages/sqlalchemy/dialects/mssql/pyodbc.py", line 412, in do_executemany
    super(MSDialect_pyodbc, self).do_executemany(
  File "/home/henry/.virtualenvs/pydocs/lib/python3.8/site-packages/sqlalchemy/engine/default.py", line 587, in do_executemany
    cursor.executemany(statement, parameters)
SystemError: <class 'pyodbc.Error'> returned a result with an error set

During handling of the above exception, another exception occurred:

Traceback (most recent call last):
  File "/home/henry/.virtualenvs/pydocs/lib/python3.8/site-packages/sqlalchemy/engine/base.py", line 733, in _rollback_impl
    self.engine.dialect.do_rollback(self.connection)
  File "/home/henry/.virtualenvs/pydocs/lib/python3.8/site-packages/sqlalchemy/engine/default.py", line 540, in do_rollback
    dbapi_connection.rollback()
pyodbc.OperationalError: ('08S01', '[08S01] [Microsoft][ODBC Driver 17 for SQL Server]Communication link failure (0) (SQLEndTran)')

The above exception was the direct cause of the following exception:

Traceback (most recent call last):
  File "/usr/lib/python3.8/runpy.py", line 193, in _run_module_as_main
    return _run_code(code, main_globals, None,
  File "/usr/lib/python3.8/runpy.py", line 86, in _run_code
    exec(code, run_globals)
  File "/home/henry/pydocs/processing/sql.py", line 331, in <module>
    start("testing" + datetime.now().__str__(), wpath)
  File "/home/henry/pydocs/processing/sql.py", line 224, in start
    commit(lt_dates, sess, Dates)
  File "/home/henry/pydocs/processing/sql.py", line 56, in commit
    scoped_sess.bulk_insert_mappings(_type, _temp)
  File "/home/henry/.virtualenvs/pydocs/lib/python3.8/site-packages/sqlalchemy/orm/scoping.py", line 162, in do
    return getattr(self.registry(), name)(*args, **kwargs)
  File "/home/henry/.virtualenvs/pydocs/lib/python3.8/site-packages/sqlalchemy/orm/session.py", line 2831, in bulk_insert_mappings
    self._bulk_save_mappings(
  File "/home/henry/.virtualenvs/pydocs/lib/python3.8/site-packages/sqlalchemy/orm/session.py", line 2928, in _bulk_save_mappings
    transaction.rollback(_capture_exception=True)
  File "/home/henry/.virtualenvs/pydocs/lib/python3.8/site-packages/sqlalchemy/util/langhelpers.py", line 81, in __exit__
    compat.raise_(value, with_traceback=traceback)
  File "/home/henry/.virtualenvs/pydocs/lib/python3.8/site-packages/sqlalchemy/util/compat.py", line 178, in raise_
    raise exception
  File "/home/henry/.virtualenvs/pydocs/lib/python3.8/site-packages/sqlalchemy/orm/session.py", line 2928, in _bulk_save_mappings
    transaction.rollback(_capture_exception=True)
  File "/home/henry/.virtualenvs/pydocs/lib/python3.8/site-packages/sqlalchemy/orm/session.py", line 573, in rollback
    util.raise_(rollback_err[1], with_traceback=rollback_err[2])
  File "/home/henry/.virtualenvs/pydocs/lib/python3.8/site-packages/sqlalchemy/util/compat.py", line 178, in raise_
    raise exception
  File "/home/henry/.virtualenvs/pydocs/lib/python3.8/site-packages/sqlalchemy/orm/session.py", line 533, in rollback
    t[1].rollback()
  File "/home/henry/.virtualenvs/pydocs/lib/python3.8/site-packages/sqlalchemy/engine/base.py", line 1725, in rollback
    self._do_rollback()
  File "/home/henry/.virtualenvs/pydocs/lib/python3.8/site-packages/sqlalchemy/engine/base.py", line 1763, in _do_rollback
    self.connection._rollback_impl()
  File "/home/henry/.virtualenvs/pydocs/lib/python3.8/site-packages/sqlalchemy/engine/base.py", line 735, in _rollback_impl
    self._handle_dbapi_exception(e, None, None, None, None)
  File "/home/henry/.virtualenvs/pydocs/lib/python3.8/site-packages/sqlalchemy/engine/base.py", line 1481, in _handle_dbapi_exception
    util.raise_(
  File "/home/henry/.virtualenvs/pydocs/lib/python3.8/site-packages/sqlalchemy/util/compat.py", line 178, in raise_
    raise exception
  File "/home/henry/.virtualenvs/pydocs/lib/python3.8/site-packages/sqlalchemy/engine/base.py", line 733, in _rollback_impl
    self.engine.dialect.do_rollback(self.connection)
  File "/home/henry/.virtualenvs/pydocs/lib/python3.8/site-packages/sqlalchemy/engine/default.py", line 540, in do_rollback
    dbapi_connection.rollback()
sqlalchemy.exc.OperationalError: (pyodbc.OperationalError) ('08S01', '[08S01] [Microsoft][ODBC Driver 17 for SQL Server]Communication link failure (0) (SQLEndTran)')
(Background on this error at: http://sqlalche.me/e/e3q8)
